{"C:\\Users\\ALP\\Documents\\raizel\\app\\firebaseConfig.ts": {"path":"C:\\Users\\ALP\\Documents\\raizel\\app\\firebaseConfig.ts","statementMap":{"0":{"start":{"line":21,"column":13},"end":{"line":21,"column":20}},"1":{"start":{"line":22,"column":13},"end":{"line":22,"column":18}},"2":{"start":{"line":25,"column":0},"end":{"line":25,"column":15}},"3":{"start":{"line":23,"column":13},"end":{"line":23,"column":23}},"4":{"start":{"line":2,"column":30},"end":{"line":2,"column":null}},"5":{"start":{"line":3,"column":24},"end":{"line":3,"column":null}},"6":{"start":{"line":4,"column":29},"end":{"line":4,"column":null}},"7":{"start":{"line":5,"column":27},"end":{"line":5,"column":null}},"8":{"start":{"line":8,"column":23},"end":{"line":15,"column":null}},"9":{"start":{"line":18,"column":12},"end":{"line":18,"column":null}},"10":{"start":{"line":21,"column":20},"end":{"line":21,"column":null}},"11":{"start":{"line":22,"column":18},"end":{"line":22,"column":null}},"12":{"start":{"line":23,"column":23},"end":{"line":23,"column":null}},"13":{"start":{"line":25,"column":15},"end":{"line":25,"column":null}}},"fnMap":{},"branchMap":{"0":{"loc":{"start":{"line":9,"column":10},"end":{"line":9,"column":null}},"type":"binary-expr","locations":[{"start":{"line":9,"column":10},"end":{"line":9,"column":50}},{"start":{"line":9,"column":54},"end":{"line":9,"column":null}}]},"1":{"loc":{"start":{"line":10,"column":14},"end":{"line":10,"column":null}},"type":"binary-expr","locations":[{"start":{"line":10,"column":14},"end":{"line":10,"column":58}},{"start":{"line":10,"column":62},"end":{"line":10,"column":null}}]},"2":{"loc":{"start":{"line":11,"column":13},"end":{"line":11,"column":null}},"type":"binary-expr","locations":[{"start":{"line":11,"column":13},"end":{"line":11,"column":56}},{"start":{"line":11,"column":60},"end":{"line":11,"column":null}}]},"3":{"loc":{"start":{"line":12,"column":17},"end":{"line":12,"column":null}},"type":"binary-expr","locations":[{"start":{"line":12,"column":17},"end":{"line":12,"column":64}},{"start":{"line":12,"column":68},"end":{"line":12,"column":null}}]},"4":{"loc":{"start":{"line":13,"column":21},"end":{"line":13,"column":null}},"type":"binary-expr","locations":[{"start":{"line":13,"column":21},"end":{"line":13,"column":73}},{"start":{"line":13,"column":77},"end":{"line":13,"column":null}}]},"5":{"loc":{"start":{"line":14,"column":9},"end":{"line":14,"column":null}},"type":"binary-expr","locations":[{"start":{"line":14,"column":9},"end":{"line":14,"column":48}},{"start":{"line":14,"column":52},"end":{"line":14,"column":null}}]}},"s":{"0":0,"1":0,"2":0,"3":0,"4":0,"5":0,"6":0,"7":0,"8":0,"9":0,"10":0,"11":0,"12":0,"13":0},"f":{},"b":{"0":[0,0],"1":[0,0],"2":[0,0],"3":[0,0],"4":[0,0],"5":[0,0]}}
,"C:\\Users\\ALP\\Documents\\raizel\\app\\layout.js": {"path":"C:\\Users\\ALP\\Documents\\raizel\\app\\layout.js","statementMap":{"0":{"start":{"line":7,"column":24},"end":{"line":7,"column":35}},"1":{"start":{"line":2,"column":13},"end":{"line":2,"column":24}},"2":{"start":{"line":2,"column":24},"end":{"line":5,"column":null}}},"fnMap":{"0":{"name":"RootLayout","decl":{"start":{"line":7,"column":24},"end":{"line":7,"column":35}},"loc":{"start":{"line":7,"column":47},"end":{"line":13,"column":null}}}},"branchMap":{},"s":{"0":0,"1":0,"2":0},"f":{"0":0},"b":{}}
,"C:\\Users\\ALP\\Documents\\raizel\\app\\page.tsx": {"path":"C:\\Users\\ALP\\Documents\\raizel\\app\\page.tsx","statementMap":{"0":{"start":{"line":6,"column":24},"end":{"line":6,"column":null}},"1":{"start":{"line":2,"column":18},"end":{"line":2,"column":null}},"2":{"start":{"line":3,"column":26},"end":{"line":3,"column":null}},"3":{"start":{"line":4,"column":7},"end":{"line":4,"column":null}}},"fnMap":{"0":{"name":"HomePage","decl":{"start":{"line":6,"column":24},"end":{"line":6,"column":null}},"loc":{"start":{"line":6,"column":24},"end":{"line":12,"column":null}}}},"branchMap":{},"s":{"0":0,"1":0,"2":0,"3":0},"f":{"0":0},"b":{}}
,"C:\\Users\\ALP\\Documents\\raizel\\app\\router-config.ts": {"path":"C:\\Users\\ALP\\Documents\\raizel\\app\\router-config.ts","statementMap":{"0":{"start":{"line":6,"column":2},"end":{"line":6,"column":null}},"1":{"start":{"line":6,"column":37},"end":{"line":6,"column":null}},"2":{"start":{"line":9,"column":23},"end":{"line":9,"column":35}},"3":{"start":{"line":12,"column":2},"end":{"line":34,"column":null}},"4":{"start":{"line":13,"column":20},"end":{"line":13,"column":27}},"5":{"start":{"line":16,"column":4},"end":{"line":30,"column":null}},"6":{"start":{"line":18,"column":8},"end":{"line":24,"column":null}},"7":{"start":{"line":26,"column":6},"end":{"line":29,"column":null}},"8":{"start":{"line":28,"column":8},"end":{"line":28,"column":null}},"9":{"start":{"line":33,"column":4},"end":{"line":33,"column":null}},"10":{"start":{"line":37,"column":24},"end":{"line":37,"column":37}},"11":{"start":{"line":38,"column":2},"end":{"line":56,"column":null}},"12":{"start":{"line":39,"column":20},"end":{"line":39,"column":27}},"13":{"start":{"line":41,"column":4},"end":{"line":52,"column":null}},"14":{"start":{"line":43,"column":8},"end":{"line":46,"column":null}},"15":{"start":{"line":48,"column":6},"end":{"line":51,"column":null}},"16":{"start":{"line":50,"column":8},"end":{"line":50,"column":null}},"17":{"start":{"line":55,"column":4},"end":{"line":55,"column":null}},"18":{"start":{"line":60,"column":0},"end":{"line":60,"column":null}},"19":{"start":{"line":63,"column":0},"end":{"line":69,"column":null}},"20":{"start":{"line":64,"column":2},"end":{"line":68,"column":null}},"21":{"start":{"line":65,"column":4},"end":{"line":65,"column":null}},"22":{"start":{"line":67,"column":4},"end":{"line":67,"column":null}}},"fnMap":{"0":{"name":"suppressReactRouterWarnings","decl":{"start":{"line":5,"column":9},"end":{"line":5,"column":null}},"loc":{"start":{"line":5,"column":9},"end":{"line":57,"column":null}}},"1":{"name":"(anonymous_1)","decl":{"start":{"line":12,"column":17},"end":{"line":12,"column":18}},"loc":{"start":{"line":12,"column":21},"end":{"line":34,"column":null}}},"2":{"name":"(anonymous_2)","decl":{"start":{"line":38,"column":18},"end":{"line":38,"column":19}},"loc":{"start":{"line":38,"column":22},"end":{"line":56,"column":null}}}},"branchMap":{"0":{"loc":{"start":{"line":6,"column":2},"end":{"line":6,"column":null}},"type":"if","locations":[{"start":{"line":6,"column":2},"end":{"line":6,"column":null}},{"start":{},"end":{}}]},"1":{"loc":{"start":{"line":16,"column":4},"end":{"line":30,"column":null}},"type":"if","locations":[{"start":{"line":16,"column":4},"end":{"line":30,"column":null}},{"start":{},"end":{}}]},"2":{"loc":{"start":{"line":18,"column":8},"end":{"line":24,"column":null}},"type":"binary-expr","locations":[{"start":{"line":18,"column":8},"end":{"line":18,"column":null}},{"start":{"line":19,"column":8},"end":{"line":19,"column":null}},{"start":{"line":20,"column":8},"end":{"line":20,"column":null}},{"start":{"line":21,"column":8},"end":{"line":21,"column":null}},{"start":{"line":22,"column":8},"end":{"line":22,"column":null}},{"start":{"line":23,"column":8},"end":{"line":23,"column":null}},{"start":{"line":24,"column":8},"end":{"line":24,"column":null}}]},"3":{"loc":{"start":{"line":26,"column":6},"end":{"line":29,"column":null}},"type":"if","locations":[{"start":{"line":26,"column":6},"end":{"line":29,"column":null}},{"start":{},"end":{}}]},"4":{"loc":{"start":{"line":41,"column":4},"end":{"line":52,"column":null}},"type":"if","locations":[{"start":{"line":41,"column":4},"end":{"line":52,"column":null}},{"start":{},"end":{}}]},"5":{"loc":{"start":{"line":43,"column":8},"end":{"line":46,"column":null}},"type":"binary-expr","locations":[{"start":{"line":43,"column":8},"end":{"line":43,"column":null}},{"start":{"line":44,"column":8},"end":{"line":44,"column":null}},{"start":{"line":45,"column":8},"end":{"line":45,"column":null}},{"start":{"line":46,"column":8},"end":{"line":46,"column":null}}]},"6":{"loc":{"start":{"line":48,"column":6},"end":{"line":51,"column":null}},"type":"if","locations":[{"start":{"line":48,"column":6},"end":{"line":51,"column":null}},{"start":{},"end":{}}]},"7":{"loc":{"start":{"line":63,"column":0},"end":{"line":69,"column":null}},"type":"if","locations":[{"start":{"line":63,"column":0},"end":{"line":69,"column":null}},{"start":{},"end":{}}]},"8":{"loc":{"start":{"line":64,"column":2},"end":{"line":68,"column":null}},"type":"if","locations":[{"start":{"line":64,"column":2},"end":{"line":68,"column":null}},{"start":{"line":66,"column":9},"end":{"line":68,"column":null}}]}},"s":{"0":0,"1":0,"2":0,"3":0,"4":0,"5":0,"6":0,"7":0,"8":0,"9":0,"10":0,"11":0,"12":0,"13":0,"14":0,"15":0,"16":0,"17":0,"18":0,"19":0,"20":0,"21":0,"22":0},"f":{"0":0,"1":0,"2":0},"b":{"0":[0,0],"1":[0,0],"2":[0,0,0,0,0,0,0],"3":[0,0],"4":[0,0],"5":[0,0,0,0],"6":[0,0],"7":[0,0],"8":[0,0]}}
,"C:\\Users\\ALP\\Documents\\raizel\\app\\[id]\\page.tsx": {"path":"C:\\Users\\ALP\\Documents\\raizel\\app\\[id]\\page.tsx","statementMap":{"0":{"start":{"line":3,"column":24},"end":{"line":3,"column":null}}},"fnMap":{"0":{"name":"Placeholder","decl":{"start":{"line":3,"column":24},"end":{"line":3,"column":null}},"loc":{"start":{"line":3,"column":24},"end":{"line":5,"column":null}}}},"branchMap":{},"s":{"0":0},"f":{"0":0},"b":{}}
,"C:\\Users\\ALP\\Documents\\raizel\\app\\_not-found\\page.tsx": {"path":"C:\\Users\\ALP\\Documents\\raizel\\app\\_not-found\\page.tsx","statementMap":{"0":{"start":{"line":3,"column":24},"end":{"line":3,"column":null}},"1":{"start":{"line":1,"column":17},"end":{"line":1,"column":null}}},"fnMap":{"0":{"name":"NotFound","decl":{"start":{"line":3,"column":24},"end":{"line":3,"column":null}},"loc":{"start":{"line":3,"column":24},"end":{"line":12,"column":null}}}},"branchMap":{},"s":{"0":0,"1":0},"f":{"0":0},"b":{}}
,"C:\\Users\\ALP\\Documents\\raizel\\app\\adoptions\\page.tsx": {"path":"C:\\Users\\ALP\\Documents\\raizel\\app\\adoptions\\page.tsx","statementMap":{"0":{"start":{"line":88,"column":24},"end":{"line":88,"column":null}},"1":{"start":{"line":2,"column":36},"end":{"line":2,"column":null}},"2":{"start":{"line":5,"column":17},"end":{"line":5,"column":null}},"3":{"start":{"line":6,"column":19},"end":{"line":6,"column":null}},"4":{"start":{"line":7,"column":19},"end":{"line":7,"column":null}},"5":{"start":{"line":8,"column":7},"end":{"line":8,"column":null}},"6":{"start":{"line":19,"column":29},"end":{"line":86,"column":null}},"7":{"start":{"line":20,"column":26},"end":{"line":20,"column":null}},"8":{"start":{"line":21,"column":32},"end":{"line":21,"column":null}},"9":{"start":{"line":23,"column":2},"end":{"line":54,"column":null}},"10":{"start":{"line":24,"column":22},"end":{"line":51,"column":null}},"11":{"start":{"line":25,"column":6},"end":{"line":50,"column":null}},"12":{"start":{"line":27,"column":25},"end":{"line":44,"column":null}},"13":{"start":{"line":45,"column":8},"end":{"line":45,"column":null}},"14":{"start":{"line":47,"column":8},"end":{"line":47,"column":null}},"15":{"start":{"line":49,"column":8},"end":{"line":49,"column":null}},"16":{"start":{"line":53,"column":4},"end":{"line":53,"column":null}},"17":{"start":{"line":69,"column":14},"end":{"line":69,"column":33}},"18":{"start":{"line":89,"column":4},"end":{"line":89,"column":null}}},"fnMap":{"0":{"name":"(anonymous_2)","decl":{"start":{"line":19,"column":29},"end":{"line":19,"column":null}},"loc":{"start":{"line":19,"column":29},"end":{"line":86,"column":null}}},"1":{"name":"(anonymous_3)","decl":{"start":{"line":23,"column":12},"end":{"line":23,"column":null}},"loc":{"start":{"line":23,"column":12},"end":{"line":54,"column":5}}},"2":{"name":"(anonymous_4)","decl":{"start":{"line":24,"column":22},"end":{"line":24,"column":null}},"loc":{"start":{"line":24,"column":22},"end":{"line":51,"column":null}}},"3":{"name":"(anonymous_5)","decl":{"start":{"line":68,"column":21},"end":{"line":68,"column":null}},"loc":{"start":{"line":69,"column":14},"end":{"line":69,"column":33}}},"4":{"name":"AdoptionsPage","decl":{"start":{"line":88,"column":24},"end":{"line":88,"column":null}},"loc":{"start":{"line":88,"column":24},"end":{"line":90,"column":null}}}},"branchMap":{"0":{"loc":{"start":{"line":63,"column":11},"end":{"line":69,"column":33}},"type":"cond-expr","locations":[{"start":{"line":64,"column":12},"end":{"line":65,"column":19}},{"start":{"line":65,"column":14},"end":{"line":69,"column":33}}]},"1":{"loc":{"start":{"line":65,"column":14},"end":{"line":69,"column":33}},"type":"cond-expr","locations":[{"start":{"line":66,"column":12},"end":{"line":68,"column":17}},{"start":{"line":68,"column":12},"end":{"line":69,"column":33}}]},"2":{"loc":{"start":{"line":70,"column":81},"end":{"line":70,"column":153}},"type":"binary-expr","locations":[{"start":{"line":70,"column":81},"end":{"line":70,"column":93}},{"start":{"line":70,"column":97},"end":{"line":70,"column":153}}]}},"s":{"0":0,"1":0,"2":0,"3":0,"4":0,"5":0,"6":0,"7":0,"8":0,"9":0,"10":0,"11":0,"12":0,"13":0,"14":0,"15":0,"16":0,"17":0,"18":0},"f":{"0":0,"1":0,"2":0,"3":0,"4":0},"b":{"0":[0,0],"1":[0,0],"2":[0,0]}}
,"C:\\Users\\ALP\\Documents\\raizel\\app\\adoptions\\[id]\\page.tsx": {"path":"C:\\Users\\ALP\\Documents\\raizel\\app\\adoptions\\[id]\\page.tsx","statementMap":{"0":{"start":{"line":4,"column":24},"end":{"line":4,"column":null}},"1":{"start":{"line":2,"column":7},"end":{"line":2,"column":null}}},"fnMap":{"0":{"name":"Placeholder","decl":{"start":{"line":4,"column":24},"end":{"line":4,"column":null}},"loc":{"start":{"line":4,"column":24},"end":{"line":6,"column":null}}}},"branchMap":{},"s":{"0":0,"1":0},"f":{"0":0},"b":{}}
,"C:\\Users\\ALP\\Documents\\raizel\\app\\ads\\page.tsx": {"path":"C:\\Users\\ALP\\Documents\\raizel\\app\\ads\\page.tsx","statementMap":{"0":{"start":{"line":9,"column":24},"end":{"line":9,"column":null}},"1":{"start":{"line":3,"column":43},"end":{"line":3,"column":null}},"2":{"start":{"line":4,"column":26},"end":{"line":4,"column":null}},"3":{"start":{"line":5,"column":35},"end":{"line":5,"column":null}},"4":{"start":{"line":6,"column":19},"end":{"line":6,"column":null}},"5":{"start":{"line":7,"column":83},"end":{"line":7,"column":null}},"6":{"start":{"line":10,"column":17},"end":{"line":10,"column":null}},"7":{"start":{"line":15,"column":6},"end":{"line":15,"column":null}},"8":{"start":{"line":17,"column":32},"end":{"line":19,"column":null}},"9":{"start":{"line":21,"column":46},"end":{"line":21,"column":null}},"10":{"start":{"line":22,"column":60},"end":{"line":22,"column":null}},"11":{"start":{"line":23,"column":58},"end":{"line":23,"column":null}},"12":{"start":{"line":24,"column":40},"end":{"line":24,"column":null}},"13":{"start":{"line":26,"column":2},"end":{"line":32,"column":null}},"14":{"start":{"line":27,"column":35},"end":{"line":30,"column":null}},"15":{"start":{"line":31,"column":4},"end":{"line":31,"column":null}},"16":{"start":{"line":34,"column":24},"end":{"line":49,"column":null}},"17":{"start":{"line":35,"column":4},"end":{"line":48,"column":null}},"18":{"start":{"line":36,"column":23},"end":{"line":40,"column":null}},"19":{"start":{"line":41,"column":21},"end":{"line":41,"column":null}},"20":{"start":{"line":42,"column":6},"end":{"line":45,"column":null}},"21":{"start":{"line":43,"column":8},"end":{"line":43,"column":null}},"22":{"start":{"line":44,"column":8},"end":{"line":44,"column":34}},"23":{"start":{"line":47,"column":6},"end":{"line":47,"column":null}},"24":{"start":{"line":51,"column":23},"end":{"line":69,"column":null}},"25":{"start":{"line":52,"column":28},"end":{"line":52,"column":null}},"26":{"start":{"line":53,"column":4},"end":{"line":53,"column":null}},"27":{"start":{"line":53,"column":26},"end":{"line":53,"column":null}},"28":{"start":{"line":55,"column":4},"end":{"line":68,"column":null}},"29":{"start":{"line":56,"column":23},"end":{"line":60,"column":null}},"30":{"start":{"line":61,"column":21},"end":{"line":61,"column":null}},"31":{"start":{"line":62,"column":6},"end":{"line":65,"column":null}},"32":{"start":{"line":63,"column":8},"end":{"line":63,"column":null}},"33":{"start":{"line":64,"column":8},"end":{"line":64,"column":null}},"34":{"start":{"line":67,"column":6},"end":{"line":67,"column":null}},"35":{"start":{"line":71,"column":22},"end":{"line":86,"column":null}},"36":{"start":{"line":72,"column":4},"end":{"line":85,"column":null}},"37":{"start":{"line":73,"column":23},"end":{"line":77,"column":null}},"38":{"start":{"line":78,"column":21},"end":{"line":78,"column":null}},"39":{"start":{"line":79,"column":6},"end":{"line":82,"column":null}},"40":{"start":{"line":80,"column":8},"end":{"line":80,"column":null}},"41":{"start":{"line":81,"column":8},"end":{"line":81,"column":null}},"42":{"start":{"line":84,"column":6},"end":{"line":84,"column":null}},"43":{"start":{"line":88,"column":23},"end":{"line":103,"column":null}},"44":{"start":{"line":89,"column":4},"end":{"line":102,"column":null}},"45":{"start":{"line":90,"column":23},"end":{"line":94,"column":null}},"46":{"start":{"line":95,"column":21},"end":{"line":95,"column":null}},"47":{"start":{"line":96,"column":6},"end":{"line":99,"column":null}},"48":{"start":{"line":97,"column":8},"end":{"line":97,"column":null}},"49":{"start":{"line":98,"column":8},"end":{"line":98,"column":null}},"50":{"start":{"line":101,"column":6},"end":{"line":101,"column":null}},"51":{"start":{"line":105,"column":23},"end":{"line":120,"column":null}},"52":{"start":{"line":106,"column":4},"end":{"line":106,"column":null}},"53":{"start":{"line":106,"column":73},"end":{"line":106,"column":null}},"54":{"start":{"line":108,"column":4},"end":{"line":119,"column":null}},"55":{"start":{"line":109,"column":23},"end":{"line":111,"column":null}},"56":{"start":{"line":112,"column":21},"end":{"line":112,"column":null}},"57":{"start":{"line":113,"column":6},"end":{"line":116,"column":null}},"58":{"start":{"line":114,"column":8},"end":{"line":114,"column":null}},"59":{"start":{"line":115,"column":8},"end":{"line":115,"column":null}},"60":{"start":{"line":118,"column":6},"end":{"line":118,"column":null}},"61":{"start":{"line":122,"column":22},"end":{"line":128,"column":null}},"62":{"start":{"line":123,"column":4},"end":{"line":123,"column":null}},"63":{"start":{"line":123,"column":66},"end":{"line":123,"column":null}},"64":{"start":{"line":124,"column":4},"end":{"line":124,"column":null}},"65":{"start":{"line":124,"column":97},"end":{"line":124,"column":null}},"66":{"start":{"line":125,"column":4},"end":{"line":125,"column":null}},"67":{"start":{"line":125,"column":94},"end":{"line":125,"column":null}},"68":{"start":{"line":126,"column":4},"end":{"line":126,"column":null}},"69":{"start":{"line":126,"column":84},"end":{"line":126,"column":null}},"70":{"start":{"line":127,"column":4},"end":{"line":127,"column":null}},"71":{"start":{"line":130,"column":21},"end":{"line":130,"column":null}},"72":{"start":{"line":130,"column":45},"end":{"line":130,"column":83}},"73":{"start":{"line":131,"column":27},"end":{"line":131,"column":null}},"74":{"start":{"line":131,"column":51},"end":{"line":131,"column":95}},"75":{"start":{"line":132,"column":22},"end":{"line":132,"column":null}},"76":{"start":{"line":132,"column":46},"end":{"line":132,"column":85}},"77":{"start":{"line":133,"column":21},"end":{"line":133,"column":null}},"78":{"start":{"line":133,"column":62},"end":{"line":133,"column":83}},"79":{"start":{"line":143,"column":29},"end":{"line":143,"column":null}},"80":{"start":{"line":215,"column":35},"end":{"line":215,"column":null}},"81":{"start":{"line":224,"column":33},"end":{"line":224,"column":null}},"82":{"start":{"line":236,"column":33},"end":{"line":236,"column":null}},"83":{"start":{"line":247,"column":33},"end":{"line":247,"column":null}},"84":{"start":{"line":276,"column":14},"end":{"line":277,"column":null}},"85":{"start":{"line":279,"column":31},"end":{"line":279,"column":null}},"86":{"start":{"line":280,"column":32},"end":{"line":280,"column":null}}},"fnMap":{"0":{"name":"AdsPage","decl":{"start":{"line":9,"column":24},"end":{"line":9,"column":null}},"loc":{"start":{"line":9,"column":24},"end":{"line":288,"column":null}}},"1":{"name":"(anonymous_6)","decl":{"start":{"line":26,"column":12},"end":{"line":26,"column":null}},"loc":{"start":{"line":26,"column":12},"end":{"line":32,"column":5}}},"2":{"name":"(anonymous_7)","decl":{"start":{"line":34,"column":24},"end":{"line":34,"column":31}},"loc":{"start":{"line":34,"column":31},"end":{"line":49,"column":null}}},"3":{"name":"(anonymous_8)","decl":{"start":{"line":51,"column":23},"end":{"line":51,"column":30}},"loc":{"start":{"line":51,"column":30},"end":{"line":69,"column":null}}},"4":{"name":"(anonymous_9)","decl":{"start":{"line":71,"column":22},"end":{"line":71,"column":29}},"loc":{"start":{"line":71,"column":29},"end":{"line":86,"column":null}}},"5":{"name":"(anonymous_10)","decl":{"start":{"line":88,"column":23},"end":{"line":88,"column":30}},"loc":{"start":{"line":88,"column":30},"end":{"line":103,"column":null}}},"6":{"name":"(anonymous_11)","decl":{"start":{"line":105,"column":23},"end":{"line":105,"column":30}},"loc":{"start":{"line":105,"column":30},"end":{"line":120,"column":null}}},"7":{"name":"(anonymous_12)","decl":{"start":{"line":122,"column":33},"end":{"line":122,"column":null}},"loc":{"start":{"line":122,"column":33},"end":{"line":128,"column":null}}},"8":{"name":"(anonymous_13)","decl":{"start":{"line":130,"column":32},"end":{"line":130,"column":33}},"loc":{"start":{"line":130,"column":45},"end":{"line":130,"column":83}}},"9":{"name":"(anonymous_14)","decl":{"start":{"line":131,"column":38},"end":{"line":131,"column":39}},"loc":{"start":{"line":131,"column":51},"end":{"line":131,"column":95}}},"10":{"name":"(anonymous_15)","decl":{"start":{"line":132,"column":33},"end":{"line":132,"column":34}},"loc":{"start":{"line":132,"column":46},"end":{"line":132,"column":85}}},"11":{"name":"(anonymous_16)","decl":{"start":{"line":133,"column":49},"end":{"line":133,"column":50}},"loc":{"start":{"line":133,"column":62},"end":{"line":133,"column":83}}},"12":{"name":"(anonymous_17)","decl":{"start":{"line":143,"column":23},"end":{"line":143,"column":29}},"loc":{"start":{"line":143,"column":29},"end":{"line":143,"column":null}}},"13":{"name":"(anonymous_18)","decl":{"start":{"line":215,"column":28},"end":{"line":215,"column":29}},"loc":{"start":{"line":215,"column":35},"end":{"line":215,"column":null}}},"14":{"name":"(anonymous_19)","decl":{"start":{"line":224,"column":26},"end":{"line":224,"column":27}},"loc":{"start":{"line":224,"column":33},"end":{"line":224,"column":null}}},"15":{"name":"(anonymous_20)","decl":{"start":{"line":236,"column":26},"end":{"line":236,"column":27}},"loc":{"start":{"line":236,"column":33},"end":{"line":236,"column":null}}},"16":{"name":"(anonymous_21)","decl":{"start":{"line":247,"column":26},"end":{"line":247,"column":27}},"loc":{"start":{"line":247,"column":33},"end":{"line":247,"column":null}}},"17":{"name":"(anonymous_22)","decl":{"start":{"line":275,"column":29},"end":{"line":275,"column":30}},"loc":{"start":{"line":276,"column":14},"end":{"line":277,"column":null}}},"18":{"name":"(anonymous_23)","decl":{"start":{"line":279,"column":25},"end":{"line":279,"column":31}},"loc":{"start":{"line":279,"column":31},"end":{"line":279,"column":null}}},"19":{"name":"(anonymous_24)","decl":{"start":{"line":280,"column":26},"end":{"line":280,"column":32}},"loc":{"start":{"line":280,"column":32},"end":{"line":280,"column":null}}}},"branchMap":{"0":{"loc":{"start":{"line":28,"column":14},"end":{"line":28,"column":null}},"type":"cond-expr","locations":[{"start":{"line":28,"column":41},"end":{"line":28,"column":53}},{"start":{"line":28,"column":53},"end":{"line":28,"column":null}}]},"1":{"loc":{"start":{"line":29,"column":23},"end":{"line":29,"column":null}},"type":"binary-expr","locations":[{"start":{"line":29,"column":23},"end":{"line":29,"column":38}},{"start":{"line":29,"column":38},"end":{"line":29,"column":null}}]},"2":{"loc":{"start":{"line":42,"column":6},"end":{"line":45,"column":null}},"type":"if","locations":[{"start":{"line":42,"column":6},"end":{"line":45,"column":null}},{"start":{},"end":{}}]},"3":{"loc":{"start":{"line":53,"column":4},"end":{"line":53,"column":null}},"type":"if","locations":[{"start":{"line":53,"column":4},"end":{"line":53,"column":null}},{"start":{},"end":{}}]},"4":{"loc":{"start":{"line":62,"column":6},"end":{"line":65,"column":null}},"type":"if","locations":[{"start":{"line":62,"column":6},"end":{"line":65,"column":null}},{"start":{},"end":{}}]},"5":{"loc":{"start":{"line":79,"column":6},"end":{"line":82,"column":null}},"type":"if","locations":[{"start":{"line":79,"column":6},"end":{"line":82,"column":null}},{"start":{},"end":{}}]},"6":{"loc":{"start":{"line":96,"column":6},"end":{"line":99,"column":null}},"type":"if","locations":[{"start":{"line":96,"column":6},"end":{"line":99,"column":null}},{"start":{},"end":{}}]},"7":{"loc":{"start":{"line":106,"column":4},"end":{"line":106,"column":null}},"type":"if","locations":[{"start":{"line":106,"column":4},"end":{"line":106,"column":null}},{"start":{},"end":{}}]},"8":{"loc":{"start":{"line":113,"column":6},"end":{"line":116,"column":null}},"type":"if","locations":[{"start":{"line":113,"column":6},"end":{"line":116,"column":null}},{"start":{},"end":{}}]},"9":{"loc":{"start":{"line":123,"column":4},"end":{"line":123,"column":null}},"type":"if","locations":[{"start":{"line":123,"column":4},"end":{"line":123,"column":null}},{"start":{},"end":{}}]},"10":{"loc":{"start":{"line":123,"column":8},"end":{"line":123,"column":66}},"type":"binary-expr","locations":[{"start":{"line":123,"column":8},"end":{"line":123,"column":36}},{"start":{"line":123,"column":36},"end":{"line":123,"column":66}}]},"11":{"loc":{"start":{"line":124,"column":4},"end":{"line":124,"column":null}},"type":"if","locations":[{"start":{"line":124,"column":4},"end":{"line":124,"column":null}},{"start":{},"end":{}}]},"12":{"loc":{"start":{"line":124,"column":8},"end":{"line":124,"column":97}},"type":"binary-expr","locations":[{"start":{"line":124,"column":8},"end":{"line":124,"column":43}},{"start":{"line":124,"column":43},"end":{"line":124,"column":97}}]},"13":{"loc":{"start":{"line":125,"column":4},"end":{"line":125,"column":null}},"type":"if","locations":[{"start":{"line":125,"column":4},"end":{"line":125,"column":null}},{"start":{},"end":{}}]},"14":{"loc":{"start":{"line":125,"column":8},"end":{"line":125,"column":94}},"type":"binary-expr","locations":[{"start":{"line":125,"column":8},"end":{"line":125,"column":42}},{"start":{"line":125,"column":42},"end":{"line":125,"column":94}}]},"15":{"loc":{"start":{"line":126,"column":4},"end":{"line":126,"column":null}},"type":"if","locations":[{"start":{"line":126,"column":4},"end":{"line":126,"column":null}},{"start":{},"end":{}}]},"16":{"loc":{"start":{"line":126,"column":8},"end":{"line":126,"column":84}},"type":"binary-expr","locations":[{"start":{"line":126,"column":8},"end":{"line":126,"column":23}},{"start":{"line":126,"column":23},"end":{"line":126,"column":84}}]},"17":{"loc":{"start":{"line":130,"column":52},"end":{"line":130,"column":83}},"type":"binary-expr","locations":[{"start":{"line":130,"column":52},"end":{"line":130,"column":75}},{"start":{"line":130,"column":79},"end":{"line":130,"column":83}}]},"18":{"loc":{"start":{"line":131,"column":58},"end":{"line":131,"column":95}},"type":"binary-expr","locations":[{"start":{"line":131,"column":58},"end":{"line":131,"column":87}},{"start":{"line":131,"column":91},"end":{"line":131,"column":95}}]},"19":{"loc":{"start":{"line":132,"column":53},"end":{"line":132,"column":85}},"type":"binary-expr","locations":[{"start":{"line":132,"column":53},"end":{"line":132,"column":77}},{"start":{"line":132,"column":81},"end":{"line":132,"column":85}}]},"20":{"loc":{"start":{"line":133,"column":21},"end":{"line":133,"column":null}},"type":"cond-expr","locations":[{"start":{"line":133,"column":38},"end":{"line":133,"column":98}},{"start":{"line":133,"column":101},"end":{"line":133,"column":null}}]},"21":{"loc":{"start":{"line":133,"column":69},"end":{"line":133,"column":83}},"type":"binary-expr","locations":[{"start":{"line":133,"column":69},"end":{"line":133,"column":75}},{"start":{"line":133,"column":79},"end":{"line":133,"column":83}}]},"22":{"loc":{"start":{"line":261,"column":10},"end":{"line":265,"column":null}},"type":"cond-expr","locations":[{"start":{"line":261,"column":10},"end":{"line":265,"column":null}}]},"23":{"loc":{"start":{"line":266,"column":10},"end":{"line":269,"column":24}},"type":"cond-expr","locations":[{"start":{"line":266,"column":10},"end":{"line":269,"column":24}}]},"24":{"loc":{"start":{"line":270,"column":10},"end":{"line":274,"column":11}},"type":"cond-expr","locations":[{"start":{"line":270,"column":10},"end":{"line":274,"column":11}}]}},"s":{"0":0,"1":0,"2":0,"3":0,"4":0,"5":0,"6":0,"7":0,"8":0,"9":0,"10":0,"11":0,"12":0,"13":0,"14":0,"15":0,"16":0,"17":0,"18":0,"19":0,"20":0,"21":0,"22":0,"23":0,"24":0,"25":0,"26":0,"27":0,"28":0,"29":0,"30":0,"31":0,"32":0,"33":0,"34":0,"35":0,"36":0,"37":0,"38":0,"39":0,"40":0,"41":0,"42":0,"43":0,"44":0,"45":0,"46":0,"47":0,"48":0,"49":0,"50":0,"51":0,"52":0,"53":0,"54":0,"55":0,"56":0,"57":0,"58":0,"59":0,"60":0,"61":0,"62":0,"63":0,"64":0,"65":0,"66":0,"67":0,"68":0,"69":0,"70":0,"71":0,"72":0,"73":0,"74":0,"75":0,"76":0,"77":0,"78":0,"79":0,"80":0,"81":0,"82":0,"83":0,"84":0,"85":0,"86":0},"f":{"0":0,"1":0,"2":0,"3":0,"4":0,"5":0,"6":0,"7":0,"8":0,"9":0,"10":0,"11":0,"12":0,"13":0,"14":0,"15":0,"16":0,"17":0,"18":0,"19":0},"b":{"0":[0,0],"1":[0,0],"2":[0,0],"3":[0,0],"4":[0,0],"5":[0,0],"6":[0,0],"7":[0,0],"8":[0,0],"9":[0,0],"10":[0,0],"11":[0,0],"12":[0,0],"13":[0,0],"14":[0,0],"15":[0,0],"16":[0,0],"17":[0,0],"18":[0,0],"19":[0,0],"20":[0,0],"21":[0,0],"22":[0],"23":[0],"24":[0]}}
,"C:\\Users\\ALP\\Documents\\raizel\\app\\ads\\[id]\\page.tsx": {"path":"C:\\Users\\ALP\\Documents\\raizel\\app\\ads\\[id]\\page.tsx","statementMap":{"0":{"start":{"line":7,"column":24},"end":{"line":7,"column":null}},"1":{"start":{"line":3,"column":43},"end":{"line":3,"column":null}},"2":{"start":{"line":4,"column":37},"end":{"line":4,"column":null}},"3":{"start":{"line":5,"column":136},"end":{"line":5,"column":null}},"4":{"start":{"line":8,"column":17},"end":{"line":8,"column":null}},"5":{"start":{"line":9,"column":17},"end":{"line":9,"column":null}},"6":{"start":{"line":10,"column":22},"end":{"line":10,"column":null}},"7":{"start":{"line":11,"column":32},"end":{"line":11,"column":null}},"8":{"start":{"line":12,"column":28},"end":{"line":12,"column":null}},"9":{"start":{"line":13,"column":32},"end":{"line":13,"column":49}},"10":{"start":{"line":15,"column":15},"end":{"line":15,"column":24}},"11":{"start":{"line":17,"column":2},"end":{"line":38,"column":null}},"12":{"start":{"line":18,"column":20},"end":{"line":33,"column":null}},"13":{"start":{"line":19,"column":6},"end":{"line":32,"column":null}},"14":{"start":{"line":20,"column":8},"end":{"line":20,"column":null}},"15":{"start":{"line":21,"column":25},"end":{"line":21,"column":null}},"16":{"start":{"line":22,"column":23},"end":{"line":22,"column":null}},"17":{"start":{"line":23,"column":8},"end":{"line":27,"column":null}},"18":{"start":{"line":24,"column":10},"end":{"line":24,"column":null}},"19":{"start":{"line":26,"column":10},"end":{"line":26,"column":null}},"20":{"start":{"line":29,"column":8},"end":{"line":29,"column":null}},"21":{"start":{"line":31,"column":8},"end":{"line":31,"column":null}},"22":{"start":{"line":35,"column":4},"end":{"line":37,"column":null}},"23":{"start":{"line":36,"column":6},"end":{"line":36,"column":null}},"24":{"start":{"line":40,"column":24},"end":{"line":55,"column":null}},"25":{"start":{"line":41,"column":4},"end":{"line":54,"column":null}},"26":{"start":{"line":42,"column":23},"end":{"line":46,"column":null}},"27":{"start":{"line":47,"column":21},"end":{"line":47,"column":null}},"28":{"start":{"line":48,"column":6},"end":{"line":51,"column":null}},"29":{"start":{"line":49,"column":8},"end":{"line":49,"column":null}},"30":{"start":{"line":50,"column":8},"end":{"line":50,"column":null}},"31":{"start":{"line":53,"column":6},"end":{"line":53,"column":null}},"32":{"start":{"line":57,"column":23},"end":{"line":75,"column":null}},"33":{"start":{"line":58,"column":28},"end":{"line":58,"column":null}},"34":{"start":{"line":59,"column":4},"end":{"line":59,"column":null}},"35":{"start":{"line":59,"column":26},"end":{"line":59,"column":null}},"36":{"start":{"line":61,"column":4},"end":{"line":74,"column":null}},"37":{"start":{"line":62,"column":23},"end":{"line":66,"column":null}},"38":{"start":{"line":67,"column":21},"end":{"line":67,"column":null}},"39":{"start":{"line":68,"column":6},"end":{"line":71,"column":null}},"40":{"start":{"line":69,"column":8},"end":{"line":69,"column":null}},"41":{"start":{"line":70,"column":8},"end":{"line":70,"column":null}},"42":{"start":{"line":73,"column":6},"end":{"line":73,"column":null}},"43":{"start":{"line":77,"column":22},"end":{"line":92,"column":null}},"44":{"start":{"line":78,"column":4},"end":{"line":91,"column":null}},"45":{"start":{"line":79,"column":23},"end":{"line":83,"column":null}},"46":{"start":{"line":84,"column":21},"end":{"line":84,"column":null}},"47":{"start":{"line":85,"column":6},"end":{"line":88,"column":null}},"48":{"start":{"line":86,"column":8},"end":{"line":86,"column":null}},"49":{"start":{"line":87,"column":8},"end":{"line":87,"column":null}},"50":{"start":{"line":90,"column":6},"end":{"line":90,"column":null}},"51":{"start":{"line":94,"column":23},"end":{"line":109,"column":null}},"52":{"start":{"line":95,"column":4},"end":{"line":108,"column":null}},"53":{"start":{"line":96,"column":23},"end":{"line":100,"column":null}},"54":{"start":{"line":101,"column":21},"end":{"line":101,"column":null}},"55":{"start":{"line":102,"column":6},"end":{"line":105,"column":null}},"56":{"start":{"line":103,"column":8},"end":{"line":103,"column":null}},"57":{"start":{"line":104,"column":8},"end":{"line":104,"column":null}},"58":{"start":{"line":107,"column":6},"end":{"line":107,"column":null}},"59":{"start":{"line":111,"column":23},"end":{"line":126,"column":null}},"60":{"start":{"line":112,"column":4},"end":{"line":112,"column":null}},"61":{"start":{"line":112,"column":73},"end":{"line":112,"column":null}},"62":{"start":{"line":114,"column":4},"end":{"line":125,"column":null}},"63":{"start":{"line":115,"column":23},"end":{"line":117,"column":null}},"64":{"start":{"line":118,"column":21},"end":{"line":118,"column":null}},"65":{"start":{"line":119,"column":6},"end":{"line":122,"column":null}},"66":{"start":{"line":120,"column":8},"end":{"line":120,"column":null}},"67":{"start":{"line":121,"column":8},"end":{"line":121,"column":null}},"68":{"start":{"line":124,"column":6},"end":{"line":124,"column":null}},"69":{"start":{"line":128,"column":2},"end":{"line":137,"column":null}},"70":{"start":{"line":139,"column":2},"end":{"line":154,"column":null}},"71":{"start":{"line":146,"column":27},"end":{"line":146,"column":null}},"72":{"start":{"line":164,"column":31},"end":{"line":164,"column":null}},"73":{"start":{"line":245,"column":22},"end":{"line":246,"column":null}}},"fnMap":{"0":{"name":"AdDetailPage","decl":{"start":{"line":7,"column":24},"end":{"line":7,"column":null}},"loc":{"start":{"line":7,"column":24},"end":{"line":364,"column":null}}},"1":{"name":"(anonymous_5)","decl":{"start":{"line":17,"column":12},"end":{"line":17,"column":null}},"loc":{"start":{"line":17,"column":12},"end":{"line":38,"column":5}}},"2":{"name":"(anonymous_6)","decl":{"start":{"line":18,"column":20},"end":{"line":18,"column":null}},"loc":{"start":{"line":18,"column":20},"end":{"line":33,"column":null}}},"3":{"name":"(anonymous_7)","decl":{"start":{"line":40,"column":24},"end":{"line":40,"column":null}},"loc":{"start":{"line":40,"column":24},"end":{"line":55,"column":null}}},"4":{"name":"(anonymous_8)","decl":{"start":{"line":57,"column":23},"end":{"line":57,"column":null}},"loc":{"start":{"line":57,"column":23},"end":{"line":75,"column":null}}},"5":{"name":"(anonymous_9)","decl":{"start":{"line":77,"column":22},"end":{"line":77,"column":null}},"loc":{"start":{"line":77,"column":22},"end":{"line":92,"column":null}}},"6":{"name":"(anonymous_10)","decl":{"start":{"line":94,"column":23},"end":{"line":94,"column":null}},"loc":{"start":{"line":94,"column":23},"end":{"line":109,"column":null}}},"7":{"name":"(anonymous_11)","decl":{"start":{"line":111,"column":23},"end":{"line":111,"column":null}},"loc":{"start":{"line":111,"column":23},"end":{"line":126,"column":null}}},"8":{"name":"(anonymous_12)","decl":{"start":{"line":146,"column":21},"end":{"line":146,"column":27}},"loc":{"start":{"line":146,"column":27},"end":{"line":146,"column":null}}},"9":{"name":"(anonymous_13)","decl":{"start":{"line":164,"column":25},"end":{"line":164,"column":31}},"loc":{"start":{"line":164,"column":31},"end":{"line":164,"column":null}}},"10":{"name":"(anonymous_14)","decl":{"start":{"line":244,"column":42},"end":{"line":244,"column":43}},"loc":{"start":{"line":245,"column":22},"end":{"line":246,"column":null}}}},"branchMap":{"0":{"loc":{"start":{"line":23,"column":8},"end":{"line":27,"column":null}},"type":"if","locations":[{"start":{"line":23,"column":8},"end":{"line":27,"column":null}},{"start":{"line":25,"column":15},"end":{"line":27,"column":null}}]},"1":{"loc":{"start":{"line":26,"column":19},"end":{"line":26,"column":null}},"type":"binary-expr","locations":[{"start":{"line":26,"column":19},"end":{"line":26,"column":31}},{"start":{"line":26,"column":35},"end":{"line":26,"column":null}}]},"2":{"loc":{"start":{"line":35,"column":4},"end":{"line":37,"column":null}},"type":"if","locations":[{"start":{"line":35,"column":4},"end":{"line":37,"column":null}},{"start":{},"end":{}}]},"3":{"loc":{"start":{"line":48,"column":6},"end":{"line":51,"column":null}},"type":"if","locations":[{"start":{"line":48,"column":6},"end":{"line":51,"column":null}},{"start":{},"end":{}}]},"4":{"loc":{"start":{"line":59,"column":4},"end":{"line":59,"column":null}},"type":"if","locations":[{"start":{"line":59,"column":4},"end":{"line":59,"column":null}},{"start":{},"end":{}}]},"5":{"loc":{"start":{"line":68,"column":6},"end":{"line":71,"column":null}},"type":"if","locations":[{"start":{"line":68,"column":6},"end":{"line":71,"column":null}},{"start":{},"end":{}}]},"6":{"loc":{"start":{"line":85,"column":6},"end":{"line":88,"column":null}},"type":"if","locations":[{"start":{"line":85,"column":6},"end":{"line":88,"column":null}},{"start":{},"end":{}}]},"7":{"loc":{"start":{"line":102,"column":6},"end":{"line":105,"column":null}},"type":"if","locations":[{"start":{"line":102,"column":6},"end":{"line":105,"column":null}},{"start":{},"end":{}}]},"8":{"loc":{"start":{"line":112,"column":4},"end":{"line":112,"column":null}},"type":"if","locations":[{"start":{"line":112,"column":4},"end":{"line":112,"column":null}},{"start":{},"end":{}}]},"9":{"loc":{"start":{"line":119,"column":6},"end":{"line":122,"column":null}},"type":"if","locations":[{"start":{"line":119,"column":6},"end":{"line":122,"column":null}},{"start":{},"end":{}}]},"10":{"loc":{"start":{"line":128,"column":2},"end":{"line":137,"column":null}},"type":"if","locations":[{"start":{"line":128,"column":2},"end":{"line":137,"column":null}},{"start":{},"end":{}}]},"11":{"loc":{"start":{"line":139,"column":2},"end":{"line":154,"column":null}},"type":"if","locations":[{"start":{"line":139,"column":2},"end":{"line":154,"column":null}},{"start":{},"end":{}}]},"12":{"loc":{"start":{"line":139,"column":6},"end":{"line":139,"column":20}},"type":"binary-expr","locations":[{"start":{"line":139,"column":6},"end":{"line":139,"column":15}},{"start":{"line":139,"column":15},"end":{"line":139,"column":20}}]},"13":{"loc":{"start":{"line":144,"column":45},"end":{"line":144,"column":null}},"type":"binary-expr","locations":[{"start":{"line":144,"column":45},"end":{"line":144,"column":54}},{"start":{"line":144,"column":54},"end":{"line":144,"column":null}}]},"14":{"loc":{"start":{"line":174,"column":13},"end":{"line":174,"column":null}},"type":"binary-expr","locations":[{"start":{"line":174,"column":13},"end":{"line":174,"column":null}}]},"15":{"loc":{"start":{"line":176,"column":17},"end":{"line":176,"column":null}},"type":"binary-expr","locations":[{"start":{"line":176,"column":17},"end":{"line":176,"column":null}}]},"16":{"loc":{"start":{"line":195,"column":17},"end":{"line":195,"column":null}},"type":"binary-expr","locations":[{"start":{"line":195,"column":17},"end":{"line":195,"column":null}}]},"17":{"loc":{"start":{"line":205,"column":17},"end":{"line":205,"column":null}},"type":"binary-expr","locations":[{"start":{"line":205,"column":17},"end":{"line":205,"column":null}}]},"18":{"loc":{"start":{"line":242,"column":17},"end":{"line":242,"column":33}},"type":"binary-expr","locations":[{"start":{"line":242,"column":17},"end":{"line":242,"column":33}},{"start":{"line":242,"column":37},"end":{"line":242,"column":null}}]},"19":{"loc":{"start":{"line":264,"column":69},"end":{"line":264,"column":null}},"type":"binary-expr","locations":[{"start":{"line":264,"column":69},"end":{"line":264,"column":89}},{"start":{"line":264,"column":93},"end":{"line":264,"column":null}}]},"20":{"loc":{"start":{"line":270,"column":70},"end":{"line":270,"column":null}},"type":"binary-expr","locations":[{"start":{"line":270,"column":70},"end":{"line":270,"column":85}},{"start":{"line":270,"column":89},"end":{"line":270,"column":null}}]},"21":{"loc":{"start":{"line":282,"column":72},"end":{"line":282,"column":null}},"type":"binary-expr","locations":[{"start":{"line":282,"column":72},"end":{"line":282,"column":86}},{"start":{"line":282,"column":90},"end":{"line":282,"column":null}}]},"22":{"loc":{"start":{"line":301,"column":23},"end":{"line":301,"column":null}},"type":"binary-expr","locations":[{"start":{"line":301,"column":23},"end":{"line":301,"column":70}},{"start":{"line":301,"column":70},"end":{"line":301,"column":null}}]},"23":{"loc":{"start":{"line":331,"column":22},"end":{"line":334,"column":null}},"type":"cond-expr","locations":[{"start":{"line":331,"column":47},"end":{"line":331,"column":null}},{"start":{"line":332,"column":22},"end":{"line":334,"column":null}}]},"24":{"loc":{"start":{"line":332,"column":22},"end":{"line":334,"column":null}},"type":"cond-expr","locations":[{"start":{"line":332,"column":47},"end":{"line":332,"column":null}},{"start":{"line":333,"column":22},"end":{"line":334,"column":null}}]},"25":{"loc":{"start":{"line":333,"column":22},"end":{"line":334,"column":null}},"type":"cond-expr","locations":[{"start":{"line":333,"column":48},"end":{"line":333,"column":null}},{"start":{"line":334,"column":22},"end":{"line":334,"column":null}}]}},"s":{"0":0,"1":0,"2":0,"3":0,"4":0,"5":0,"6":0,"7":0,"8":0,"9":0,"10":0,"11":0,"12":0,"13":0,"14":0,"15":0,"16":0,"17":0,"18":0,"19":0,"20":0,"21":0,"22":0,"23":0,"24":0,"25":0,"26":0,"27":0,"28":0,"29":0,"30":0,"31":0,"32":0,"33":0,"34":0,"35":0,"36":0,"37":0,"38":0,"39":0,"40":0,"41":0,"42":0,"43":0,"44":0,"45":0,"46":0,"47":0,"48":0,"49":0,"50":0,"51":0,"52":0,"53":0,"54":0,"55":0,"56":0,"57":0,"58":0,"59":0,"60":0,"61":0,"62":0,"63":0,"64":0,"65":0,"66":0,"67":0,"68":0,"69":0,"70":0,"71":0,"72":0,"73":0},"f":{"0":0,"1":0,"2":0,"3":0,"4":0,"5":0,"6":0,"7":0,"8":0,"9":0,"10":0},"b":{"0":[0,0],"1":[0,0],"2":[0,0],"3":[0,0],"4":[0,0],"5":[0,0],"6":[0,0],"7":[0,0],"8":[0,0],"9":[0,0],"10":[0,0],"11":[0,0],"12":[0,0],"13":[0,0],"14":[0],"15":[0],"16":[0],"17":[0],"18":[0,0],"19":[0,0],"20":[0,0],"21":[0,0],"22":[0,0],"23":[0,0],"24":[0,0],"25":[0,0]}}
,"C:\\Users\\ALP\\Documents\\raizel\\app\\aliados\\page.tsx": {"path":"C:\\Users\\ALP\\Documents\\raizel\\app\\aliados\\page.tsx","statementMap":{"0":{"start":{"line":18,"column":24},"end":{"line":18,"column":null}},"1":{"start":{"line":2,"column":43},"end":{"line":2,"column":null}},"2":{"start":{"line":3,"column":17},"end":{"line":3,"column":null}},"3":{"start":{"line":4,"column":57},"end":{"line":4,"column":null}},"4":{"start":{"line":5,"column":26},"end":{"line":5,"column":null}},"5":{"start":{"line":19,"column":38},"end":{"line":19,"column":null}},"6":{"start":{"line":20,"column":32},"end":{"line":20,"column":null}},"7":{"start":{"line":21,"column":28},"end":{"line":21,"column":null}},"8":{"start":{"line":22,"column":54},"end":{"line":22,"column":null}},"9":{"start":{"line":23,"column":38},"end":{"line":23,"column":null}},"10":{"start":{"line":24,"column":46},"end":{"line":24,"column":null}},"11":{"start":{"line":25,"column":56},"end":{"line":25,"column":null}},"12":{"start":{"line":28,"column":2},"end":{"line":50,"column":null}},"13":{"start":{"line":29,"column":28},"end":{"line":47,"column":null}},"14":{"start":{"line":30,"column":6},"end":{"line":46,"column":null}},"15":{"start":{"line":31,"column":8},"end":{"line":31,"column":null}},"16":{"start":{"line":32,"column":25},"end":{"line":32,"column":null}},"17":{"start":{"line":33,"column":23},"end":{"line":33,"column":null}},"18":{"start":{"line":35,"column":8},"end":{"line":40,"column":null}},"19":{"start":{"line":36,"column":10},"end":{"line":36,"column":null}},"20":{"start":{"line":37,"column":10},"end":{"line":37,"column":null}},"21":{"start":{"line":39,"column":10},"end":{"line":39,"column":null}},"22":{"start":{"line":42,"column":8},"end":{"line":42,"column":null}},"23":{"start":{"line":43,"column":8},"end":{"line":43,"column":null}},"24":{"start":{"line":45,"column":8},"end":{"line":45,"column":null}},"25":{"start":{"line":49,"column":4},"end":{"line":49,"column":null}},"26":{"start":{"line":53,"column":2},"end":{"line":76,"column":null}},"27":{"start":{"line":54,"column":19},"end":{"line":54,"column":null}},"28":{"start":{"line":57,"column":4},"end":{"line":63,"column":null}},"29":{"start":{"line":58,"column":6},"end":{"line":61,"column":null}},"30":{"start":{"line":59,"column":8},"end":{"line":61,"column":null}},"31":{"start":{"line":66,"column":4},"end":{"line":68,"column":null}},"32":{"start":{"line":67,"column":6},"end":{"line":67,"column":null}},"33":{"start":{"line":67,"column":46},"end":{"line":67,"column":null}},"34":{"start":{"line":71,"column":4},"end":{"line":73,"column":null}},"35":{"start":{"line":72,"column":6},"end":{"line":72,"column":null}},"36":{"start":{"line":72,"column":46},"end":{"line":72,"column":null}},"37":{"start":{"line":75,"column":4},"end":{"line":75,"column":null}},"38":{"start":{"line":79,"column":24},"end":{"line":79,"column":null}},"39":{"start":{"line":79,"column":71},"end":{"line":79,"column":87}},"40":{"start":{"line":82,"column":29},"end":{"line":82,"column":null}},"41":{"start":{"line":85,"column":23},"end":{"line":89,"column":null}},"42":{"start":{"line":86,"column":4},"end":{"line":86,"column":null}},"43":{"start":{"line":87,"column":4},"end":{"line":87,"column":null}},"44":{"start":{"line":88,"column":4},"end":{"line":88,"column":null}},"45":{"start":{"line":91,"column":2},"end":{"line":102,"column":null}},"46":{"start":{"line":104,"column":2},"end":{"line":124,"column":null}},"47":{"start":{"line":115,"column":29},"end":{"line":115,"column":null}},"48":{"start":{"line":182,"column":33},"end":{"line":182,"column":null}},"49":{"start":{"line":190,"column":31},"end":{"line":190,"column":null}},"50":{"start":{"line":195,"column":16},"end":{"line":195,"column":37}},"51":{"start":{"line":202,"column":31},"end":{"line":202,"column":null}},"52":{"start":{"line":207,"column":16},"end":{"line":207,"column":35}},"53":{"start":{"line":235,"column":14},"end":{"line":235,"column":48}}},"fnMap":{"0":{"name":"AliadosPage","decl":{"start":{"line":18,"column":24},"end":{"line":18,"column":null}},"loc":{"start":{"line":18,"column":24},"end":{"line":283,"column":null}}},"1":{"name":"(anonymous_6)","decl":{"start":{"line":28,"column":12},"end":{"line":28,"column":null}},"loc":{"start":{"line":28,"column":12},"end":{"line":50,"column":5}}},"2":{"name":"(anonymous_7)","decl":{"start":{"line":29,"column":28},"end":{"line":29,"column":null}},"loc":{"start":{"line":29,"column":28},"end":{"line":47,"column":null}}},"3":{"name":"(anonymous_8)","decl":{"start":{"line":53,"column":12},"end":{"line":53,"column":null}},"loc":{"start":{"line":53,"column":12},"end":{"line":76,"column":5}}},"4":{"name":"(anonymous_9)","decl":{"start":{"line":58,"column":33},"end":{"line":58,"column":null}},"loc":{"start":{"line":59,"column":8},"end":{"line":61,"column":null}}},"5":{"name":"(anonymous_10)","decl":{"start":{"line":67,"column":33},"end":{"line":67,"column":46}},"loc":{"start":{"line":67,"column":46},"end":{"line":67,"column":null}}},"6":{"name":"(anonymous_11)","decl":{"start":{"line":72,"column":33},"end":{"line":72,"column":46}},"loc":{"start":{"line":72,"column":46},"end":{"line":72,"column":null}}},"7":{"name":"(anonymous_12)","decl":{"start":{"line":79,"column":58},"end":{"line":79,"column":71}},"loc":{"start":{"line":79,"column":71},"end":{"line":79,"column":87}}},"8":{"name":"(anonymous_13)","decl":{"start":{"line":85,"column":23},"end":{"line":85,"column":null}},"loc":{"start":{"line":85,"column":23},"end":{"line":89,"column":null}}},"9":{"name":"(anonymous_14)","decl":{"start":{"line":115,"column":23},"end":{"line":115,"column":29}},"loc":{"start":{"line":115,"column":29},"end":{"line":115,"column":null}}},"10":{"name":"(anonymous_15)","decl":{"start":{"line":182,"column":26},"end":{"line":182,"column":27}},"loc":{"start":{"line":182,"column":33},"end":{"line":182,"column":null}}},"11":{"name":"(anonymous_16)","decl":{"start":{"line":190,"column":24},"end":{"line":190,"column":25}},"loc":{"start":{"line":190,"column":31},"end":{"line":190,"column":null}}},"12":{"name":"(anonymous_17)","decl":{"start":{"line":194,"column":33},"end":{"line":194,"column":null}},"loc":{"start":{"line":195,"column":16},"end":{"line":195,"column":37}}},"13":{"name":"(anonymous_18)","decl":{"start":{"line":202,"column":24},"end":{"line":202,"column":25}},"loc":{"start":{"line":202,"column":31},"end":{"line":202,"column":null}}},"14":{"name":"(anonymous_19)","decl":{"start":{"line":206,"column":38},"end":{"line":206,"column":null}},"loc":{"start":{"line":207,"column":16},"end":{"line":207,"column":35}}},"15":{"name":"(anonymous_20)","decl":{"start":{"line":234,"column":36},"end":{"line":234,"column":37}},"loc":{"start":{"line":235,"column":14},"end":{"line":235,"column":48}}}},"branchMap":{"0":{"loc":{"start":{"line":35,"column":8},"end":{"line":40,"column":null}},"type":"if","locations":[{"start":{"line":35,"column":8},"end":{"line":40,"column":null}},{"start":{"line":38,"column":15},"end":{"line":40,"column":null}}]},"1":{"loc":{"start":{"line":39,"column":19},"end":{"line":39,"column":null}},"type":"binary-expr","locations":[{"start":{"line":39,"column":19},"end":{"line":39,"column":33}},{"start":{"line":39,"column":37},"end":{"line":39,"column":null}}]},"2":{"loc":{"start":{"line":57,"column":4},"end":{"line":63,"column":null}},"type":"if","locations":[{"start":{"line":57,"column":4},"end":{"line":63,"column":null}},{"start":{},"end":{}}]},"3":{"loc":{"start":{"line":59,"column":8},"end":{"line":61,"column":null}},"type":"binary-expr","locations":[{"start":{"line":59,"column":8},"end":{"line":59,"column":null}},{"start":{"line":60,"column":8},"end":{"line":60,"column":null}},{"start":{"line":61,"column":8},"end":{"line":61,"column":null}}]},"4":{"loc":{"start":{"line":66,"column":4},"end":{"line":68,"column":null}},"type":"if","locations":[{"start":{"line":66,"column":4},"end":{"line":68,"column":null}},{"start":{},"end":{}}]},"5":{"loc":{"start":{"line":71,"column":4},"end":{"line":73,"column":null}},"type":"if","locations":[{"start":{"line":71,"column":4},"end":{"line":73,"column":null}},{"start":{},"end":{}}]},"6":{"loc":{"start":{"line":91,"column":2},"end":{"line":102,"column":null}},"type":"if","locations":[{"start":{"line":91,"column":2},"end":{"line":102,"column":null}},{"start":{},"end":{}}]},"7":{"loc":{"start":{"line":104,"column":2},"end":{"line":124,"column":null}},"type":"if","locations":[{"start":{"line":104,"column":2},"end":{"line":124,"column":null}},{"start":{},"end":{}}]},"8":{"loc":{"start":{"line":223,"column":14},"end":{"line":223,"column":28}},"type":"binary-expr","locations":[{"start":{"line":223,"column":14},"end":{"line":223,"column":28}},{"start":{"line":223,"column":28},"end":{"line":223,"column":46}},{"start":{"line":223,"column":46},"end":{"line":223,"column":64}}]},"9":{"loc":{"start":{"line":233,"column":10},"end":{"line":239,"column":11}},"type":"cond-expr","locations":[{"start":{"line":233,"column":10},"end":{"line":239,"column":11}}]},"10":{"loc":{"start":{"line":247,"column":15},"end":{"line":249,"column":null}},"type":"cond-expr","locations":[{"start":{"line":248,"column":18},"end":{"line":248,"column":null}},{"start":{"line":249,"column":18},"end":{"line":249,"column":null}}]},"11":{"loc":{"start":{"line":247,"column":15},"end":{"line":247,"column":null}},"type":"binary-expr","locations":[{"start":{"line":247,"column":15},"end":{"line":247,"column":29}},{"start":{"line":247,"column":29},"end":{"line":247,"column":47}},{"start":{"line":247,"column":47},"end":{"line":247,"column":null}}]},"12":{"loc":{"start":{"line":252,"column":14},"end":{"line":252,"column":28}},"type":"binary-expr","locations":[{"start":{"line":252,"column":14},"end":{"line":252,"column":28}},{"start":{"line":252,"column":28},"end":{"line":252,"column":46}},{"start":{"line":252,"column":46},"end":{"line":252,"column":64}}]}},"s":{"0":0,"1":0,"2":0,"3":0,"4":0,"5":0,"6":0,"7":0,"8":0,"9":0,"10":0,"11":0,"12":0,"13":0,"14":0,"15":0,"16":0,"17":0,"18":0,"19":0,"20":0,"21":0,"22":0,"23":0,"24":0,"25":0,"26":0,"27":0,"28":0,"29":0,"30":0,"31":0,"32":0,"33":0,"34":0,"35":0,"36":0,"37":0,"38":0,"39":0,"40":0,"41":0,"42":0,"43":0,"44":0,"45":0,"46":0,"47":0,"48":0,"49":0,"50":0,"51":0,"52":0,"53":0},"f":{"0":0,"1":0,"2":0,"3":0,"4":0,"5":0,"6":0,"7":0,"8":0,"9":0,"10":0,"11":0,"12":0,"13":0,"14":0,"15":0},"b":{"0":[0,0],"1":[0,0],"2":[0,0],"3":[0,0,0],"4":[0,0],"5":[0,0],"6":[0,0],"7":[0,0],"8":[0,0,0],"9":[0],"10":[0,0],"11":[0,0,0],"12":[0,0,0]}}
,"C:\\Users\\ALP\\Documents\\raizel\\app\\analytics\\page.tsx": {"path":"C:\\Users\\ALP\\Documents\\raizel\\app\\analytics\\page.tsx","statementMap":{"0":{"start":{"line":16,"column":24},"end":{"line":16,"column":null}},"1":{"start":{"line":3,"column":43},"end":{"line":3,"column":null}},"2":{"start":{"line":4,"column":58},"end":{"line":4,"column":null}},"3":{"start":{"line":5,"column":26},"end":{"line":5,"column":null}},"4":{"start":{"line":14,"column":7},"end":{"line":14,"column":null}},"5":{"start":{"line":21,"column":6},"end":{"line":21,"column":null}},"6":{"start":{"line":23,"column":21},"end":{"line":23,"column":null}},"7":{"start":{"line":25,"column":46},"end":{"line":25,"column":null}},"8":{"start":{"line":26,"column":46},"end":{"line":26,"column":null}},"9":{"start":{"line":27,"column":38},"end":{"line":27,"column":null}},"10":{"start":{"line":29,"column":2},"end":{"line":31,"column":null}},"11":{"start":{"line":33,"column":29},"end":{"line":36,"column":null}},"12":{"start":{"line":34,"column":4},"end":{"line":34,"column":null}},"13":{"start":{"line":38,"column":29},"end":{"line":41,"column":null}},"14":{"start":{"line":39,"column":4},"end":{"line":39,"column":null}},"15":{"start":{"line":43,"column":23},"end":{"line":46,"column":null}},"16":{"start":{"line":45,"column":4},"end":{"line":45,"column":null}},"17":{"start":{"line":48,"column":24},"end":{"line":51,"column":null}},"18":{"start":{"line":50,"column":4},"end":{"line":50,"column":null}},"19":{"start":{"line":53,"column":27},"end":{"line":90,"column":null}},"20":{"start":{"line":92,"column":2},"end":{"line":101,"column":null}},"21":{"start":{"line":103,"column":2},"end":{"line":118,"column":null}},"22":{"start":{"line":131,"column":33},"end":{"line":131,"column":null}},"23":{"start":{"line":164,"column":12},"end":{"line":165,"column":null}},"24":{"start":{"line":191,"column":16},"end":{"line":191,"column":36}},"25":{"start":{"line":212,"column":29},"end":{"line":212,"column":null}},"26":{"start":{"line":222,"column":16},"end":{"line":222,"column":36}}},"fnMap":{"0":{"name":"AnalyticsPage","decl":{"start":{"line":16,"column":24},"end":{"line":16,"column":null}},"loc":{"start":{"line":16,"column":24},"end":{"line":254,"column":null}}},"1":{"name":"(anonymous_6)","decl":{"start":{"line":29,"column":12},"end":{"line":29,"column":null}},"loc":{"start":{"line":29,"column":12},"end":{"line":31,"column":5}}},"2":{"name":"(anonymous_7)","decl":{"start":{"line":33,"column":29},"end":{"line":33,"column":30}},"loc":{"start":{"line":33,"column":30},"end":{"line":36,"column":null}}},"3":{"name":"(anonymous_8)","decl":{"start":{"line":38,"column":29},"end":{"line":38,"column":30}},"loc":{"start":{"line":38,"column":30},"end":{"line":41,"column":null}}},"4":{"name":"(anonymous_9)","decl":{"start":{"line":43,"column":23},"end":{"line":43,"column":null}},"loc":{"start":{"line":43,"column":23},"end":{"line":46,"column":null}}},"5":{"name":"(anonymous_10)","decl":{"start":{"line":48,"column":24},"end":{"line":48,"column":null}},"loc":{"start":{"line":48,"column":24},"end":{"line":51,"column":null}}},"6":{"name":"(anonymous_11)","decl":{"start":{"line":131,"column":26},"end":{"line":131,"column":27}},"loc":{"start":{"line":131,"column":33},"end":{"line":131,"column":null}}},"7":{"name":"(anonymous_12)","decl":{"start":{"line":163,"column":32},"end":{"line":163,"column":33}},"loc":{"start":{"line":164,"column":12},"end":{"line":165,"column":null}}},"8":{"name":"(anonymous_13)","decl":{"start":{"line":190,"column":38},"end":{"line":190,"column":39}},"loc":{"start":{"line":191,"column":16},"end":{"line":191,"column":36}}},"9":{"name":"(anonymous_14)","decl":{"start":{"line":212,"column":23},"end":{"line":212,"column":29}},"loc":{"start":{"line":212,"column":29},"end":{"line":212,"column":null}}},"10":{"name":"(anonymous_15)","decl":{"start":{"line":221,"column":26},"end":{"line":221,"column":27}},"loc":{"start":{"line":222,"column":16},"end":{"line":222,"column":36}}}},"branchMap":{"0":{"loc":{"start":{"line":57,"column":13},"end":{"line":57,"column":null}},"type":"binary-expr","locations":[{"start":{"line":57,"column":13},"end":{"line":57,"column":37}},{"start":{"line":57,"column":37},"end":{"line":57,"column":null}}]},"1":{"loc":{"start":{"line":66,"column":13},"end":{"line":66,"column":null}},"type":"binary-expr","locations":[{"start":{"line":66,"column":13},"end":{"line":66,"column":37}},{"start":{"line":66,"column":37},"end":{"line":66,"column":null}}]},"2":{"loc":{"start":{"line":75,"column":13},"end":{"line":75,"column":null}},"type":"binary-expr","locations":[{"start":{"line":75,"column":13},"end":{"line":75,"column":44}},{"start":{"line":75,"column":44},"end":{"line":75,"column":null}}]},"3":{"loc":{"start":{"line":84,"column":13},"end":{"line":84,"column":null}},"type":"binary-expr","locations":[{"start":{"line":84,"column":13},"end":{"line":84,"column":44}},{"start":{"line":84,"column":44},"end":{"line":84,"column":null}}]},"4":{"loc":{"start":{"line":92,"column":2},"end":{"line":101,"column":null}},"type":"if","locations":[{"start":{"line":92,"column":2},"end":{"line":101,"column":null}},{"start":{},"end":{}}]},"5":{"loc":{"start":{"line":103,"column":2},"end":{"line":118,"column":null}},"type":"if","locations":[{"start":{"line":103,"column":2},"end":{"line":118,"column":null}},{"start":{},"end":{}}]},"6":{"loc":{"start":{"line":180,"column":16},"end":{"line":180,"column":44}},"type":"binary-expr","locations":[{"start":{"line":180,"column":16},"end":{"line":180,"column":42}},{"start":{"line":180,"column":42},"end":{"line":180,"column":44}}]},"7":{"loc":{"start":{"line":198,"column":19},"end":{"line":198,"column":32}},"type":"binary-expr","locations":[{"start":{"line":198,"column":19},"end":{"line":198,"column":32}}]},"8":{"loc":{"start":{"line":215,"column":15},"end":{"line":215,"column":null}},"type":"cond-expr","locations":[{"start":{"line":215,"column":28},"end":{"line":215,"column":40}},{"start":{"line":215,"column":40},"end":{"line":215,"column":null}}]},"9":{"loc":{"start":{"line":219,"column":11},"end":{"line":219,"column":null}},"type":"binary-expr","locations":[{"start":{"line":219,"column":11},"end":{"line":219,"column":null}}]},"10":{"loc":{"start":{"line":231,"column":23},"end":{"line":231,"column":36}},"type":"binary-expr","locations":[{"start":{"line":231,"column":23},"end":{"line":231,"column":36}}]},"11":{"loc":{"start":{"line":234,"column":23},"end":{"line":234,"column":35}},"type":"binary-expr","locations":[{"start":{"line":234,"column":23},"end":{"line":234,"column":35}}]},"12":{"loc":{"start":{"line":239,"column":19},"end":{"line":239,"column":null}},"type":"binary-expr","locations":[{"start":{"line":239,"column":19},"end":{"line":239,"column":null}}]}},"s":{"0":0,"1":0,"2":0,"3":0,"4":0,"5":0,"6":0,"7":0,"8":0,"9":0,"10":0,"11":0,"12":0,"13":0,"14":0,"15":0,"16":0,"17":0,"18":0,"19":0,"20":0,"21":0,"22":0,"23":0,"24":0,"25":0,"26":0},"f":{"0":0,"1":0,"2":0,"3":0,"4":0,"5":0,"6":0,"7":0,"8":0,"9":0,"10":0},"b":{"0":[0,0],"1":[0,0],"2":[0,0],"3":[0,0],"4":[0,0],"5":[0,0],"6":[0,0],"7":[0],"8":[0,0],"9":[0],"10":[0],"11":[0],"12":[0]}}
,"C:\\Users\\ALP\\Documents\\raizel\\app\\analytics\\events\\page.tsx": {"path":"C:\\Users\\ALP\\Documents\\raizel\\app\\analytics\\events\\page.tsx","statementMap":{"0":{"start":{"line":14,"column":24},"end":{"line":14,"column":null}},"1":{"start":{"line":3,"column":43},"end":{"line":3,"column":null}},"2":{"start":{"line":4,"column":35},"end":{"line":4,"column":null}},"3":{"start":{"line":12,"column":7},"end":{"line":12,"column":null}},"4":{"start":{"line":15,"column":37},"end":{"line":15,"column":null}},"5":{"start":{"line":17,"column":32},"end":{"line":23,"column":null}},"6":{"start":{"line":25,"column":40},"end":{"line":25,"column":null}},"7":{"start":{"line":27,"column":2},"end":{"line":30,"column":null}},"8":{"start":{"line":32,"column":29},"end":{"line":37,"column":null}},"9":{"start":{"line":33,"column":4},"end":{"line":36,"column":null}},"10":{"start":{"line":33,"column":24},"end":{"line":36,"column":null}},"11":{"start":{"line":39,"column":25},"end":{"line":44,"column":null}},"12":{"start":{"line":40,"column":4},"end":{"line":40,"column":null}},"13":{"start":{"line":40,"column":71},"end":{"line":40,"column":null}},"14":{"start":{"line":41,"column":4},"end":{"line":41,"column":null}},"15":{"start":{"line":41,"column":62},"end":{"line":41,"column":null}},"16":{"start":{"line":42,"column":4},"end":{"line":42,"column":null}},"17":{"start":{"line":42,"column":92},"end":{"line":42,"column":null}},"18":{"start":{"line":43,"column":4},"end":{"line":43,"column":null}},"19":{"start":{"line":46,"column":21},"end":{"line":46,"column":null}},"20":{"start":{"line":46,"column":49},"end":{"line":46,"column":61}},"21":{"start":{"line":47,"column":22},"end":{"line":47,"column":35}},"22":{"start":{"line":48,"column":22},"end":{"line":48,"column":78}},"23":{"start":{"line":48,"column":46},"end":{"line":48,"column":55}},"24":{"start":{"line":111,"column":35},"end":{"line":111,"column":null}},"25":{"start":{"line":120,"column":33},"end":{"line":120,"column":null}},"26":{"start":{"line":125,"column":18},"end":{"line":125,"column":37}},"27":{"start":{"line":131,"column":33},"end":{"line":131,"column":null}},"28":{"start":{"line":165,"column":16},"end":{"line":165,"column":36}}},"fnMap":{"0":{"name":"AnalyticsEventsPage","decl":{"start":{"line":14,"column":24},"end":{"line":14,"column":null}},"loc":{"start":{"line":14,"column":24},"end":{"line":204,"column":null}}},"1":{"name":"(anonymous_5)","decl":{"start":{"line":27,"column":12},"end":{"line":27,"column":null}},"loc":{"start":{"line":27,"column":12},"end":{"line":30,"column":5}}},"2":{"name":"(anonymous_6)","decl":{"start":{"line":32,"column":29},"end":{"line":32,"column":30}},"loc":{"start":{"line":32,"column":43},"end":{"line":37,"column":null}}},"3":{"name":"(anonymous_7)","decl":{"start":{"line":33,"column":15},"end":{"line":33,"column":24}},"loc":{"start":{"line":33,"column":24},"end":{"line":36,"column":null}}},"4":{"name":"(anonymous_8)","decl":{"start":{"line":39,"column":39},"end":{"line":39,"column":null}},"loc":{"start":{"line":39,"column":39},"end":{"line":44,"column":null}}},"5":{"name":"(anonymous_9)","decl":{"start":{"line":46,"column":44},"end":{"line":46,"column":49}},"loc":{"start":{"line":46,"column":49},"end":{"line":46,"column":61}}},"6":{"name":"(anonymous_10)","decl":{"start":{"line":48,"column":41},"end":{"line":48,"column":46}},"loc":{"start":{"line":48,"column":46},"end":{"line":48,"column":55}}},"7":{"name":"(anonymous_11)","decl":{"start":{"line":111,"column":28},"end":{"line":111,"column":29}},"loc":{"start":{"line":111,"column":35},"end":{"line":111,"column":null}}},"8":{"name":"(anonymous_12)","decl":{"start":{"line":120,"column":26},"end":{"line":120,"column":27}},"loc":{"start":{"line":120,"column":33},"end":{"line":120,"column":null}}},"9":{"name":"(anonymous_13)","decl":{"start":{"line":124,"column":32},"end":{"line":124,"column":null}},"loc":{"start":{"line":125,"column":18},"end":{"line":125,"column":37}}},"10":{"name":"(anonymous_14)","decl":{"start":{"line":131,"column":26},"end":{"line":131,"column":27}},"loc":{"start":{"line":131,"column":33},"end":{"line":131,"column":null}}},"11":{"name":"(anonymous_15)","decl":{"start":{"line":164,"column":34},"end":{"line":164,"column":35}},"loc":{"start":{"line":165,"column":16},"end":{"line":165,"column":36}}}},"branchMap":{"0":{"loc":{"start":{"line":40,"column":4},"end":{"line":40,"column":null}},"type":"if","locations":[{"start":{"line":40,"column":4},"end":{"line":40,"column":null}},{"start":{},"end":{}}]},"1":{"loc":{"start":{"line":40,"column":8},"end":{"line":40,"column":69}},"type":"binary-expr","locations":[{"start":{"line":40,"column":8},"end":{"line":40,"column":26}},{"start":{"line":40,"column":30},"end":{"line":40,"column":69}}]},"2":{"loc":{"start":{"line":41,"column":4},"end":{"line":41,"column":null}},"type":"if","locations":[{"start":{"line":41,"column":4},"end":{"line":41,"column":null}},{"start":{},"end":{}}]},"3":{"loc":{"start":{"line":41,"column":8},"end":{"line":41,"column":60}},"type":"binary-expr","locations":[{"start":{"line":41,"column":8},"end":{"line":41,"column":23}},{"start":{"line":41,"column":27},"end":{"line":41,"column":60}}]},"4":{"loc":{"start":{"line":42,"column":4},"end":{"line":42,"column":null}},"type":"if","locations":[{"start":{"line":42,"column":4},"end":{"line":42,"column":null}},{"start":{},"end":{}}]},"5":{"loc":{"start":{"line":42,"column":8},"end":{"line":42,"column":92}},"type":"binary-expr","locations":[{"start":{"line":42,"column":8},"end":{"line":42,"column":23}},{"start":{"line":42,"column":23},"end":{"line":42,"column":92}}]},"6":{"loc":{"start":{"line":143,"column":10},"end":{"line":147,"column":null}},"type":"cond-expr","locations":[{"start":{"line":143,"column":10},"end":{"line":147,"column":null}}]},"7":{"loc":{"start":{"line":148,"column":10},"end":{"line":151,"column":27}},"type":"cond-expr","locations":[{"start":{"line":148,"column":10},"end":{"line":151,"column":27}}]},"8":{"loc":{"start":{"line":152,"column":10},"end":{"line":156,"column":11}},"type":"cond-expr","locations":[{"start":{"line":152,"column":10},"end":{"line":156,"column":11}}]},"9":{"loc":{"start":{"line":172,"column":25},"end":{"line":172,"column":38}},"type":"binary-expr","locations":[{"start":{"line":172,"column":25},"end":{"line":172,"column":38}}]},"10":{"loc":{"start":{"line":177,"column":25},"end":{"line":177,"column":37}},"type":"binary-expr","locations":[{"start":{"line":177,"column":25},"end":{"line":177,"column":37}}]}},"s":{"0":0,"1":0,"2":0,"3":0,"4":0,"5":0,"6":0,"7":0,"8":0,"9":0,"10":0,"11":0,"12":0,"13":0,"14":0,"15":0,"16":0,"17":0,"18":0,"19":0,"20":0,"21":0,"22":0,"23":0,"24":0,"25":0,"26":0,"27":0,"28":0},"f":{"0":0,"1":0,"2":0,"3":0,"4":0,"5":0,"6":0,"7":0,"8":0,"9":0,"10":0,"11":0},"b":{"0":[0,0],"1":[0,0],"2":[0,0],"3":[0,0],"4":[0,0],"5":[0,0],"6":[0],"7":[0],"8":[0],"9":[0],"10":[0]}}
,"C:\\Users\\ALP\\Documents\\raizel\\app\\api\\page.tsx": {"path":"C:\\Users\\ALP\\Documents\\raizel\\app\\api\\page.tsx","statementMap":{"0":{"start":{"line":3,"column":24},"end":{"line":3,"column":null}}},"fnMap":{"0":{"name":"ApiPage","decl":{"start":{"line":3,"column":24},"end":{"line":3,"column":null}},"loc":{"start":{"line":3,"column":24},"end":{"line":10,"column":null}}}},"branchMap":{},"s":{"0":0},"f":{"0":0},"b":{}}
,"C:\\Users\\ALP\\Documents\\raizel\\app\\api\\ads\\route.ts": {"path":"C:\\Users\\ALP\\Documents\\raizel\\app\\api\\ads\\route.ts","statementMap":{"0":{"start":{"line":21,"column":22},"end":{"line":21,"column":26}},"1":{"start":{"line":148,"column":22},"end":{"line":148,"column":27}},"2":{"start":{"line":1,"column":42},"end":{"line":1,"column":null}},"3":{"start":{"line":9,"column":7},"end":{"line":9,"column":null}},"4":{"start":{"line":18,"column":7},"end":{"line":18,"column":null}},"5":{"start":{"line":22,"column":2},"end":{"line":144,"column":null}},"6":{"start":{"line":23,"column":29},"end":{"line":23,"column":null}},"7":{"start":{"line":24,"column":20},"end":{"line":24,"column":null}},"8":{"start":{"line":25,"column":19},"end":{"line":25,"column":null}},"9":{"start":{"line":26,"column":27},"end":{"line":26,"column":null}},"10":{"start":{"line":27,"column":19},"end":{"line":27,"column":null}},"11":{"start":{"line":28,"column":23},"end":{"line":28,"column":null}},"12":{"start":{"line":29,"column":19},"end":{"line":29,"column":null}},"13":{"start":{"line":30,"column":17},"end":{"line":30,"column":null}},"14":{"start":{"line":31,"column":18},"end":{"line":31,"column":null}},"15":{"start":{"line":34,"column":43},"end":{"line":34,"column":45}},"16":{"start":{"line":37,"column":4},"end":{"line":39,"column":null}},"17":{"start":{"line":38,"column":6},"end":{"line":38,"column":null}},"18":{"start":{"line":40,"column":4},"end":{"line":42,"column":null}},"19":{"start":{"line":41,"column":6},"end":{"line":41,"column":null}},"20":{"start":{"line":43,"column":4},"end":{"line":45,"column":null}},"21":{"start":{"line":44,"column":6},"end":{"line":44,"column":null}},"22":{"start":{"line":46,"column":4},"end":{"line":48,"column":null}},"23":{"start":{"line":47,"column":6},"end":{"line":47,"column":null}},"24":{"start":{"line":51,"column":4},"end":{"line":51,"column":null}},"25":{"start":{"line":52,"column":4},"end":{"line":52,"column":59}},"26":{"start":{"line":54,"column":21},"end":{"line":54,"column":null}},"27":{"start":{"line":55,"column":26},"end":{"line":55,"column":null}},"28":{"start":{"line":58,"column":25},"end":{"line":84,"column":null}},"29":{"start":{"line":59,"column":19},"end":{"line":59,"column":null}},"30":{"start":{"line":60,"column":6},"end":{"line":83,"column":null}},"31":{"start":{"line":87,"column":25},"end":{"line":87,"column":null}},"32":{"start":{"line":88,"column":18},"end":{"line":88,"column":31}},"33":{"start":{"line":91,"column":18},"end":{"line":101,"column":null}},"34":{"start":{"line":93,"column":33},"end":{"line":93,"column":56}},"35":{"start":{"line":94,"column":33},"end":{"line":94,"column":56}},"36":{"start":{"line":95,"column":43},"end":{"line":95,"column":75}},"37":{"start":{"line":96,"column":46},"end":{"line":96,"column":69}},"38":{"start":{"line":97,"column":52},"end":{"line":97,"column":81}},"39":{"start":{"line":98,"column":47},"end":{"line":98,"column":71}},"40":{"start":{"line":100,"column":35},"end":{"line":100,"column":56}},"41":{"start":{"line":104,"column":22},"end":{"line":124,"column":null}},"42":{"start":{"line":104,"column":46},"end":{"line":124,"column":null}},"43":{"start":{"line":126,"column":4},"end":{"line":136,"column":null}},"44":{"start":{"line":139,"column":4},"end":{"line":139,"column":null}},"45":{"start":{"line":140,"column":4},"end":{"line":142,"column":null}},"46":{"start":{"line":149,"column":2},"end":{"line":229,"column":null}},"47":{"start":{"line":150,"column":17},"end":{"line":150,"column":null}},"48":{"start":{"line":165,"column":8},"end":{"line":165,"column":null}},"49":{"start":{"line":167,"column":4},"end":{"line":172,"column":null}},"50":{"start":{"line":168,"column":6},"end":{"line":170,"column":null}},"51":{"start":{"line":175,"column":25},"end":{"line":175,"column":null}},"52":{"start":{"line":176,"column":23},"end":{"line":176,"column":null}},"53":{"start":{"line":177,"column":16},"end":{"line":177,"column":null}},"54":{"start":{"line":179,"column":4},"end":{"line":184,"column":null}},"55":{"start":{"line":180,"column":6},"end":{"line":182,"column":null}},"56":{"start":{"line":186,"column":4},"end":{"line":191,"column":null}},"57":{"start":{"line":187,"column":6},"end":{"line":189,"column":null}},"58":{"start":{"line":194,"column":66},"end":{"line":213,"column":null}},"59":{"start":{"line":215,"column":17},"end":{"line":215,"column":null}},"60":{"start":{"line":217,"column":4},"end":{"line":221,"column":null}},"61":{"start":{"line":224,"column":4},"end":{"line":224,"column":null}},"62":{"start":{"line":225,"column":4},"end":{"line":227,"column":null}}},"fnMap":{"0":{"name":"GET","decl":{"start":{"line":21,"column":22},"end":{"line":21,"column":26}},"loc":{"start":{"line":21,"column":46},"end":{"line":145,"column":null}}},"1":{"name":"(anonymous_4)","decl":{"start":{"line":58,"column":48},"end":{"line":58,"column":null}},"loc":{"start":{"line":58,"column":48},"end":{"line":84,"column":null}}},"2":{"name":"(anonymous_5)","decl":{"start":{"line":93,"column":28},"end":{"line":93,"column":33}},"loc":{"start":{"line":93,"column":33},"end":{"line":93,"column":56}}},"3":{"name":"(anonymous_6)","decl":{"start":{"line":94,"column":28},"end":{"line":94,"column":33}},"loc":{"start":{"line":94,"column":33},"end":{"line":94,"column":56}}},"4":{"name":"(anonymous_7)","decl":{"start":{"line":95,"column":38},"end":{"line":95,"column":43}},"loc":{"start":{"line":95,"column":43},"end":{"line":95,"column":75}}},"5":{"name":"(anonymous_8)","decl":{"start":{"line":96,"column":33},"end":{"line":96,"column":34}},"loc":{"start":{"line":96,"column":46},"end":{"line":96,"column":69}}},"6":{"name":"(anonymous_9)","decl":{"start":{"line":97,"column":39},"end":{"line":97,"column":40}},"loc":{"start":{"line":97,"column":52},"end":{"line":97,"column":81}}},"7":{"name":"(anonymous_10)","decl":{"start":{"line":98,"column":34},"end":{"line":98,"column":35}},"loc":{"start":{"line":98,"column":47},"end":{"line":98,"column":71}}},"8":{"name":"(anonymous_11)","decl":{"start":{"line":100,"column":22},"end":{"line":100,"column":23}},"loc":{"start":{"line":100,"column":35},"end":{"line":100,"column":56}}},"9":{"name":"(anonymous_12)","decl":{"start":{"line":104,"column":39},"end":{"line":104,"column":46}},"loc":{"start":{"line":104,"column":46},"end":{"line":124,"column":null}}},"10":{"name":"POST","decl":{"start":{"line":148,"column":22},"end":{"line":148,"column":27}},"loc":{"start":{"line":148,"column":47},"end":{"line":230,"column":null}}}},"branchMap":{"0":{"loc":{"start":{"line":28,"column":32},"end":{"line":28,"column":null}},"type":"binary-expr","locations":[{"start":{"line":28,"column":32},"end":{"line":28,"column":61}},{"start":{"line":28,"column":61},"end":{"line":28,"column":null}}]},"1":{"loc":{"start":{"line":29,"column":28},"end":{"line":29,"column":null}},"type":"binary-expr","locations":[{"start":{"line":29,"column":28},"end":{"line":29,"column":58}},{"start":{"line":29,"column":58},"end":{"line":29,"column":null}}]},"2":{"loc":{"start":{"line":30,"column":17},"end":{"line":30,"column":null}},"type":"binary-expr","locations":[{"start":{"line":30,"column":17},"end":{"line":30,"column":45}},{"start":{"line":30,"column":45},"end":{"line":30,"column":null}}]},"3":{"loc":{"start":{"line":31,"column":18},"end":{"line":31,"column":null}},"type":"binary-expr","locations":[{"start":{"line":31,"column":18},"end":{"line":31,"column":47}},{"start":{"line":31,"column":47},"end":{"line":31,"column":null}}]},"4":{"loc":{"start":{"line":37,"column":4},"end":{"line":39,"column":null}},"type":"if","locations":[{"start":{"line":37,"column":4},"end":{"line":39,"column":null}},{"start":{},"end":{}}]},"5":{"loc":{"start":{"line":40,"column":4},"end":{"line":42,"column":null}},"type":"if","locations":[{"start":{"line":40,"column":4},"end":{"line":42,"column":null}},{"start":{},"end":{}}]},"6":{"loc":{"start":{"line":40,"column":8},"end":{"line":40,"column":36}},"type":"binary-expr","locations":[{"start":{"line":40,"column":8},"end":{"line":40,"column":18}},{"start":{"line":40,"column":18},"end":{"line":40,"column":36}}]},"7":{"loc":{"start":{"line":43,"column":4},"end":{"line":45,"column":null}},"type":"if","locations":[{"start":{"line":43,"column":4},"end":{"line":45,"column":null}},{"start":{},"end":{}}]},"8":{"loc":{"start":{"line":43,"column":8},"end":{"line":43,"column":52}},"type":"binary-expr","locations":[{"start":{"line":43,"column":8},"end":{"line":43,"column":26}},{"start":{"line":43,"column":26},"end":{"line":43,"column":52}}]},"9":{"loc":{"start":{"line":46,"column":4},"end":{"line":48,"column":null}},"type":"if","locations":[{"start":{"line":46,"column":4},"end":{"line":48,"column":null}},{"start":{},"end":{}}]},"10":{"loc":{"start":{"line":46,"column":8},"end":{"line":46,"column":36}},"type":"binary-expr","locations":[{"start":{"line":46,"column":8},"end":{"line":46,"column":18}},{"start":{"line":46,"column":18},"end":{"line":46,"column":36}}]},"11":{"loc":{"start":{"line":73,"column":21},"end":{"line":73,"column":null}},"type":"binary-expr","locations":[{"start":{"line":73,"column":21},"end":{"line":73,"column":37}},{"start":{"line":73,"column":41},"end":{"line":73,"column":null}}]},"12":{"loc":{"start":{"line":74,"column":16},"end":{"line":74,"column":null}},"type":"binary-expr","locations":[{"start":{"line":74,"column":16},"end":{"line":74,"column":27}},{"start":{"line":74,"column":31},"end":{"line":74,"column":null}}]},"13":{"loc":{"start":{"line":75,"column":13},"end":{"line":75,"column":null}},"type":"binary-expr","locations":[{"start":{"line":75,"column":13},"end":{"line":75,"column":21}},{"start":{"line":75,"column":25},"end":{"line":75,"column":null}}]},"14":{"loc":{"start":{"line":76,"column":15},"end":{"line":76,"column":null}},"type":"binary-expr","locations":[{"start":{"line":76,"column":15},"end":{"line":76,"column":25}},{"start":{"line":76,"column":29},"end":{"line":76,"column":null}}]},"15":{"loc":{"start":{"line":80,"column":23},"end":{"line":80,"column":null}},"type":"binary-expr","locations":[{"start":{"line":80,"column":23},"end":{"line":80,"column":41}},{"start":{"line":80,"column":45},"end":{"line":80,"column":null}}]},"16":{"loc":{"start":{"line":81,"column":23},"end":{"line":81,"column":null}},"type":"binary-expr","locations":[{"start":{"line":81,"column":23},"end":{"line":81,"column":41}},{"start":{"line":81,"column":45},"end":{"line":81,"column":null}}]},"17":{"loc":{"start":{"line":96,"column":53},"end":{"line":96,"column":69}},"type":"binary-expr","locations":[{"start":{"line":96,"column":53},"end":{"line":96,"column":61}},{"start":{"line":96,"column":65},"end":{"line":96,"column":69}}]},"18":{"loc":{"start":{"line":97,"column":59},"end":{"line":97,"column":81}},"type":"binary-expr","locations":[{"start":{"line":97,"column":59},"end":{"line":97,"column":73}},{"start":{"line":97,"column":77},"end":{"line":97,"column":81}}]},"19":{"loc":{"start":{"line":98,"column":54},"end":{"line":98,"column":71}},"type":"binary-expr","locations":[{"start":{"line":98,"column":54},"end":{"line":98,"column":63}},{"start":{"line":98,"column":67},"end":{"line":98,"column":71}}]},"20":{"loc":{"start":{"line":99,"column":15},"end":{"line":100,"column":null}},"type":"cond-expr","locations":[{"start":{"line":100,"column":8},"end":{"line":100,"column":74}},{"start":{"line":100,"column":77},"end":{"line":100,"column":null}}]},"21":{"loc":{"s
[...]
"column":null}}]},"3":{"loc":{"start":{"line":116,"column":11},"end":{"line":118,"column":null}},"type":"if","locations":[{"start":{"line":116,"column":11},"end":{"line":118,"column":null}},{"start":{},"end":{}}]},"4":{"loc":{"start":{"line":183,"column":18},"end":{"line":185,"column":null}},"type":"cond-expr","locations":[{"start":{"line":184,"column":22},"end":{"line":184,"column":null}},{"start":{"line":185,"column":22},"end":{"line":185,"column":null}}]},"5":{"loc":{"start":{"line":194,"column":18},"end":{"line":196,"column":null}},"type":"cond-expr","locations":[{"start":{"line":195,"column":22},"end":{"line":195,"column":null}},{"start":{"line":196,"column":22},"end":{"line":196,"column":null}}]},"6":{"loc":{"start":{"line":214,"column":16},"end":{"line":216,"column":17}},"type":"cond-expr","locations":[{"start":{"line":214,"column":16},"end":{"line":216,"column":17}}]},"7":{"loc":{"start":{"line":222,"column":15},"end":{"line":222,"column":null}},"type":"binary-expr","locations":[{"start":{"line":222,"column":15},"end":{"line":222,"column":null}}]},"8":{"loc":{"start":{"line":232,"column":9},"end":{"line":232,"column":null}},"type":"binary-expr","locations":[{"start":{"line":232,"column":9},"end":{"line":232,"column":null}}]},"9":{"loc":{"start":{"line":239,"column":9},"end":{"line":269,"column":null}},"type":"cond-expr","locations":[{"start":{"line":240,"column":10},"end":{"line":248,"column":13}},{"start":{"line":248,"column":12},"end":{"line":269,"column":null}}]},"10":{"loc":{"start":{"line":248,"column":12},"end":{"line":269,"column":null}},"type":"cond-expr","locations":[{"start":{"line":249,"column":10},"end":{"line":269,"column":null}},{"start":{"line":269,"column":12},"end":{"line":269,"column":null}}]},"11":{"loc":{"start":{"line":255,"column":15},"end":{"line":257,"column":null}},"type":"cond-expr","locations":[{"start":{"line":256,"column":18},"end":{"line":256,"column":null}},{"start":{"line":257,"column":18},"end":{"line":257,"column":null}}]},"12":{"loc":{"start":{"line":255,"column":15},"end":{"line":255,"column":null}},"type":"binary-expr","locations":[{"start":{"line":255,"column":15},"end":{"line":255,"column":29}},{"start":{"line":255,"column":29},"end":{"line":255,"column":49}},{"start":{"line":255,"column":49},"end":{"line":255,"column":65}},{"start":{"line":255,"column":65},"end":{"line":255,"column":null}}]},"13":{"loc":{"start":{"line":259,"column":13},"end":{"line":259,"column":28}},"type":"binary-expr","locations":[{"start":{"line":259,"column":13},"end":{"line":259,"column":28}},{"start":{"line":259,"column":28},"end":{"line":259,"column":49}},{"start":{"line":259,"column":49},"end":{"line":259,"column":66}},{"start":{"line":259,"column":66},"end":{"line":259,"column":null}}]},"14":{"loc":{"start":{"line":272,"column":9},"end":{"line":272,"column":null}},"type":"binary-expr","locations":[{"start":{"line":272,"column":9},"end":{"line":272,"column":null}}]},"15":{"loc":{"start":{"line":279,"column":15},"end":{"line":285,"column":null}},"type":"cond-expr","locations":[{"start":{"line":280,"column":16},"end":{"line":285,"column":null}},{"start":{"line":285,"column":16},"end":{"line":285,"column":null}}]},"16":{"loc":{"start":{"line":292,"column":9},"end":{"line":292,"column":20}},"type":"binary-expr","locations":[{"start":{"line":292,"column":9},"end":{"line":292,"column":20}},{"start":{"line":292,"column":20},"end":{"line":292,"column":null}}]}},"s":{"0":0,"1":0,"2":0,"3":0,"4":0,"5":0,"6":0,"7":0,"8":0,"9":0,"10":0,"11":0,"12":0,"13":0,"14":0,"15":0,"16":0,"17":0,"18":0,"19":0,"20":0,"21":0,"22":0,"23":0,"24":0,"25":0,"26":0,"27":0,"28":0,"29":0,"30":0,"31":0,"32":0,"33":0,"34":0,"35":0,"36":0,"37":0,"38":0,"39":0,"40":0,"41":0,"42":0,"43":0},"f":{"0":0,"1":0,"2":0,"3":0,"4":0,"5":0,"6":0,"7":0,"8":0,"9":0,"10":0,"11":0,"12":0,"13":0,"14":0},"b":{"0":[0,0],"1":[0,0],"2":[0,0],"3":[0,0],"4":[0,0],"5":[0,0],"6":[0],"7":[0],"8":[0],"9":[0,0],"10":[0,0],"11":[0,0],"12":[0,0,0,0],"13":[0,0,0,0],"14":[0],"15":[0,0],"16":[0,0]}}
,"C:\\Users\\ALP\\Documents\\raizel\\app\\snippets\\[id]\\page.tsx": {"path":"C:\\Users\\ALP\\Documents\\raizel\\app\\snippets\\[id]\\page.tsx","statementMap":{"0":{"start":{"line":10,"column":24},"end":{"line":10,"column":null}},"1":{"start":{"line":3,"column":43},"end":{"line":3,"column":null}},"2":{"start":{"line":4,"column":37},"end":{"line":4,"column":null}},"3":{"start":{"line":5,"column":28},"end":{"line":5,"column":null}},"4":{"start":{"line":6,"column":24},"end":{"line":6,"column":null}},"5":{"start":{"line":7,"column":92},"end":{"line":7,"column":null}},"6":{"start":{"line":8,"column":17},"end":{"line":8,"column":null}},"7":{"start":{"line":11,"column":17},"end":{"line":11,"column":null}},"8":{"start":{"line":12,"column":17},"end":{"line":12,"column":null}},"9":{"start":{"line":13,"column":39},"end":{"line":13,"column":null}},"10":{"start":{"line":15,"column":32},"end":{"line":15,"column":null}},"11":{"start":{"line":16,"column":48},"end":{"line":16,"column":null}},"12":{"start":{"line":17,"column":32},"end":{"line":17,"column":null}},"13":{"start":{"line":18,"column":42},"end":{"line":18,"column":null}},"14":{"start":{"line":20,"column":20},"end":{"line":20,"column":29}},"15":{"start":{"line":22,"column":2},"end":{"line":36,"column":null}},"16":{"start":{"line":23,"column":25},"end":{"line":33,"column":null}},"17":{"start":{"line":24,"column":6},"end":{"line":32,"column":null}},"18":{"start":{"line":26,"column":28},"end":{"line":26,"column":null}},"19":{"start":{"line":26,"column":47},"end":{"line":26,"column":null}},"20":{"start":{"line":27,"column":8},"end":{"line":31,"column":null}},"21":{"start":{"line":28,"column":10},"end":{"line":28,"column":null}},"22":{"start":{"line":30,"column":10},"end":{"line":30,"column":null}},"23":{"start":{"line":35,"column":4},"end":{"line":35,"column":null}},"24":{"start":{"line":38,"column":2},"end":{"line":47,"column":null}},"25":{"start":{"line":49,"column":2},"end":{"line":67,"column":null}},"26":{"start":{"line":70,"column":26},"end":{"line":77,"column":null}},"27":{"start":{"line":71,"column":4},"end":{"line":75,"column":null}},"28":{"start":{"line":72,"column":6},"end":{"line":72,"column":null}},"29":{"start":{"line":73,"column":11},"end":{"line":75,"column":null}},"30":{"start":{"line":74,"column":6},"end":{"line":74,"column":null}},"31":{"start":{"line":76,"column":4},"end":{"line":76,"column":null}},"32":{"start":{"line":79,"column":25},"end":{"line":84,"column":null}},"33":{"start":{"line":80,"column":4},"end":{"line":80,"column":null}},"34":{"start":{"line":80,"column":18},"end":{"line":80,"column":null}},"35":{"start":{"line":81,"column":17},"end":{"line":81,"column":null}},"36":{"start":{"line":82,"column":17},"end":{"line":82,"column":null}},"37":{"start":{"line":83,"column":4},"end":{"line":83,"column":null}},"38":{"start":{"line":86,"column":21},"end":{"line":94,"column":null}},"39":{"start":{"line":87,"column":4},"end":{"line":93,"column":null}},"40":{"start":{"line":96,"column":21},"end":{"line":99,"column":null}},"41":{"start":{"line":97,"column":4},"end":{"line":97,"column":null}},"42":{"start":{"line":101,"column":22},"end":{"line":114,"column":null}},"43":{"start":{"line":103,"column":4},"end":{"line":113,"column":null}},"44":{"start":{"line":104,"column":6},"end":{"line":108,"column":null}},"45":{"start":{"line":111,"column":6},"end":{"line":111,"column":null}},"46":{"start":{"line":112,"column":6},"end":{"line":112,"column":null}},"47":{"start":{"line":123,"column":29},"end":{"line":123,"column":null}},"48":{"start":{"line":190,"column":22},"end":{"line":191,"column":null}},"49":{"start":{"line":223,"column":33},"end":{"line":223,"column":null}},"50":{"start":{"line":319,"column":20},"end":{"line":320,"column":null}}},"fnMap":{"0":{"name":"SnippetDetailPage","decl":{"start":{"line":10,"column":24},"end":{"line":10,"column":null}},"loc":{"start":{"line":10,"column":24},"end":{"line":336,"column":null}}},"1":{"name":"(anonymous_6)","decl":{"start":{"line":22,"column":12},"end":{"line":22,"column":null}},"loc":{"start":{"line":22,"column":12},"end":{"line":36,"column":5}}},"2":{"name":"(anonymous_7)","decl":{"start":{"line":23,"column":25},"end":{"line":23,"column":null}},"loc":{"start":{"line":23,"column":25},"end":{"line":33,"column":null}}},"3":{"name":"(anonymous_8)","decl":{"start":{"line":26,"column":42},"end":{"line":26,"column":47}},"loc":{"start":{"line":26,"column":47},"end":{"line":26,"column":null}}},"4":{"name":"(anonymous_9)","decl":{"start":{"line":70,"column":26},"end":{"line":70,"column":27}},"loc":{"start":{"line":70,"column":27},"end":{"line":77,"column":null}}},"5":{"name":"(anonymous_10)","decl":{"start":{"line":79,"column":25},"end":{"line":79,"column":26}},"loc":{"start":{"line":79,"column":26},"end":{"line":84,"column":null}}},"6":{"name":"(anonymous_11)","decl":{"start":{"line":86,"column":21},"end":{"line":86,"column":22}},"loc":{"start":{"line":86,"column":22},"end":{"line":94,"column":null}}},"7":{"name":"(anonymous_12)","decl":{"start":{"line":96,"column":21},"end":{"line":96,"column":null}},"loc":{"start":{"line":96,"column":21},"end":{"line":99,"column":null}}},"8":{"name":"(anonymous_13)","decl":{"start":{"line":101,"column":22},"end":{"line":101,"column":null}},"loc":{"start":{"line":101,"column":22},"end":{"line":114,"column":null}}},"9":{"name":"(anonymous_14)","decl":{"start":{"line":123,"column":23},"end":{"line":123,"column":29}},"loc":{"start":{"line":123,"column":29},"end":{"line":123,"column":null}}},"10":{"name":"(anonymous_15)","decl":{"start":{"line":189,"column":42},"end":{"line":189,"column":43}},"loc":{"start":{"line":190,"column":22},"end":{"line":191,"column":null}}},"11":{"name":"(anonymous_16)","decl":{"start":{"line":223,"column":27},"end":{"line":223,"column":33}},"loc":{"start":{"line":223,"column":33},"end":{"line":223,"column":null}}},"12":{"name":"(anonymous_17)","decl":{"start":{"line":318,"column":39},"end":{"line":318,"column":40}},"loc":{"start":{"line":319,"column":20},"end":{"line":320,"column":null}}}},"branchMap":{"0":{"loc":{"start":{"line":24,"column":6},"end":{"line":32,"column":null}},"type":"if","locations":[{"start":{"line":24,"column":6},"end":{"line":32,"column":null}},{"start":{},"end":{}}]},"1":{"loc":{"start":{"line":27,"column":8},"end":{"line":31,"column":null}},"type":"if","locations":[{"start":{"line":27,"column":8},"end":{"line":31,"column":null}},{"start":{},"end":{}}]},"2":{"loc":{"start":{"line":38,"column":2},"end":{"line":47,"column":null}},"type":"if","locations":[{"start":{"line":38,"column":2},"end":{"line":47,"column":null}},{"start":{},"end":{}}]},"3":{"loc":{"start":{"line":49,"column":2},"end":{"line":67,"column":null}},"type":"if","locations":[{"start":{"line":49,"column":2},"end":{"line":67,"column":null}},{"start":{},"end":{}}]},"4":{"loc":{"start":{"line":49,"column":6},"end":{"line":49,"column":25}},"type":"binary-expr","locations":[{"start":{"line":49,"column":6},"end":{"line":49,"column":15}},{"start":{"line":49,"column":15},"end":{"line":49,"column":25}}]},"5":{"loc":{"start":{"line":71,"column":4},"end":{"line":75,"column":null}},"type":"if","locations":[{"start":{"line":71,"column":4},"end":{"line":75,"column":null}},{"start":{"line":73,"column":11},"end":{"line":75,"column":null}}]},"6":{"loc":{"start":{"line":73,"column":11},"end":{"line":75,"column":null}},"type":"if","locations":[{"start":{"line":73,"column":11},"end":{"line":75,"column":null}},{"start":{},"end":{}}]},"7":{"loc":{"start":{"line":80,"column":4},"end":{"line":80,"column":null}},"type":"if","locations":[{"start":{"line":80,"column":4},"end":{"line":80,"column":null}},{"start":{},"end":{}}]},"8":{"loc":{"start":{"line":103,"column":4},"end":{"line":113,"column":null}},"type":"if","locations":[{"start":{"line":103,"column":4},"end":{"line":113,"column":null}},{"start":{"line":109,"column":11},"end":{"line":113,"column":null}}]},"9":{"loc":{"start":{"line":146,"column":26},"end":{"line":146,"column":null}},"type":"binary-expr","locations":[{"start":{"line":146,"column":26},"end":{"line":146,"column":47}},{"start":{"line":146,"column":51},"end":{"line":146,"column":null}}]},"10":{"loc":{"start":{"line":186,"column":15},"end":{"line":186,"column":31}},"type":"binary-expr","locations":[{"start":{"line":186,"column":15},"end":{"line":186,"column":31}},{"start":{"line":186,"column":35},"end":{"line":186,"column":null}}]},"11":{"loc":{"start":{"line":202,"column":15},"end":{"line":202,"column":31}},"type":"binary-expr","locations":[{"start":{"line":202,"column":15},"end":{"line":202,"column":31}}]},"12":{"loc":{"start":{"line":214,"column":20},"end":{"line":216,"column":null}},"type":"cond-expr","locations":[{"start":{"line":215,"column":24},"end":{"line":215,"column":null}},{"start":{"line":216,"column":24},"end":{"line":216,"column":null}}]},"13":{"loc":{"start":{"line":219,"column":47},"end":{"line":219,"column":78}},"type":"cond-expr","locations":[{"start":{"line":219,"column":57},"end":{"line":219,"column":74}},{"start":{"line":219,"column":74},"end":{"line":219,"column":78}}]},"14":{"loc":{"start":{"line":240,"column":13},"end":{"line":240,"column":null}},"type":"binary-expr","locations":[{"start":{"line":240,"column":13},"end":{"line":240,"column":null}}]},"15":{"loc":{"start":{"line":262,"column":23},"end":{"line":262,"column":null}},"type":"binary-expr","locations":[{"start":{"line":262,"column":23},"end":{"line":262,"column":44}},{"start":{"line":262,"column":48},"end":{"line":262,"column":null}}]},"16":{"loc":{"start":{"line":263,"column":23},"end":{"line":263,"column":null}},"type":"binary-expr","locations":[{"start":{"line":263,"column":23},"end":{"line":263,"column":46}},{"start":{"line":263,"column":50},"end":{"line":263,"column":null}}]},"17":{"loc":{"start":{"line":269,"column":23},"end":{"line":269,"column":null}},"type":"binary-expr","locations":[{"start":{"line":269,"column":23},"end":{"line":269,"column":46}},{"start":{"line":269,"column":50},"end":{"line":269,"column":null}}]},"18":{"loc":{"start":{"line":271,"column":21},"end":{"line":271,"column":44}},"type":"binary-expr","locations":[{"start":{"line":271,"column":21},"end":{"line":271,"column":44}}]},"19":{"loc":{"start":{"line":276,"column":21},"end":{"line":276,"column":null}},"type":"cond-expr","locations":[{"start":{"line":276,"column":47},"end":{"line":276,"column":62}},{"start":{"line":276,"column":62},"end":{"line":276,"column":null}}]},"20":{"loc":{"start":{"line":317,"column":16},"end":{"line":326,"column":17}},"type":"cond-expr","locations":[{"start":{"line":317,"column":16},"end":{"line":326,"column":17}}]}},"s":{"0":0,"1":0,"2":0,"3":0,"4":0,"5":0,"6":0,"7":0,"8":0,"9":0,"10":0,"11":0,"12":0,"13":0,"14":0,"15":0,"16":0,"17":0,"18":0,"19":0,"20":0,"21":0,"22":0,"23":0,"24":0,"25":0,"26":0,"27":0,"28":0,"29":0,"30":0,"31":0,"32":0,"33":0,"34":0,"35":0,"36":0,"37":0,"38":0,"39":0,"40":0,"41":0,"42":0,"43":0,"44":0,"45":0,"46":0,"47":0,"48":0,"49":0,"50":0},"f":{"0":0,"1":0,"2":0,"3":0,"4":0,"5":0,"6":0,"7":0,"8":0,"9":0,"10":0,"11":0,"12":0},"b":{"0":[0,0],"1":[0,0],"2":[0,0],"3":[0,0],"4":[0,0],"5":[0,0],"6":[0,0],"7":[0,0],"8":[0,0],"9":[0,0],"10":[0,0],"11":[0],"12":[0,0],"13":[0,0],"14":[0],"15":[0,0],"16":[0,0],"17":[0,0],"18":[0],"19":[0,0],"20":[0]}}
,"C:\\Users\\ALP\\Documents\\raizel\\app\\test-producto\\page.tsx": {"path":"C:\\Users\\ALP\\Documents\\raizel\\app\\test-producto\\page.tsx","statementMap":{"0":{"start":{"line":86,"column":24},"end":{"line":86,"column":null}},"1":{"start":{"line":2,"column":25},"end":{"line":2,"column":null}},"2":{"start":{"line":3,"column":19},"end":{"line":3,"column":null}},"3":{"start":{"line":4,"column":19},"end":{"line":4,"column":null}},"4":{"start":{"line":5,"column":7},"end":{"line":5,"column":null}},"5":{"start":{"line":7,"column":32},"end":{"line":84,"column":null}},"6":{"start":{"line":8,"column":48},"end":{"line":8,"column":null}},"7":{"start":{"line":10,"column":19},"end":{"line":32,"column":null}},"8":{"start":{"line":34,"column":25},"end":{"line":34,"column":null}},"9":{"start":{"line":34,"column":44},"end":{"line":34,"column":null}},"10":{"start":{"line":46,"column":14},"end":{"line":47,"column":null}},"11":{"start":{"line":48,"column":31},"end":{"line":48,"column":null}},"12":{"start":{"line":87,"column":4},"end":{"line":87,"column":null}}},"fnMap":{"0":{"name":"(anonymous_2)","decl":{"start":{"line":7,"column":32},"end":{"line":7,"column":null}},"loc":{"start":{"line":7,"column":32},"end":{"line":84,"column":null}}},"1":{"name":"(anonymous_3)","decl":{"start":{"line":34,"column":39},"end":{"line":34,"column":44}},"loc":{"start":{"line":34,"column":44},"end":{"line":34,"column":null}}},"2":{"name":"(anonymous_4)","decl":{"start":{"line":45,"column":26},"end":{"line":45,"column":null}},"loc":{"start":{"line":46,"column":14},"end":{"line":47,"column":null}}},"3":{"name":"(anonymous_5)","decl":{"start":{"line":48,"column":25},"end":{"line":48,"column":31}},"loc":{"start":{"line":48,"column":31},"end":{"line":48,"column":null}}},"4":{"name":"TestProductoPage","decl":{"start":{"line":86,"column":24},"end":{"line":86,"column":null}},"loc":{"start":{"line":86,"column":24},"end":{"line":88,"column":null}}}},"branchMap":{"0":{"loc":{"start":{"line":49,"column":45},"end":{"line":49,"column":95}},"type":"cond-expr","locations":[{"start":{"line":49,"column":78},"end":{"line":49,"column":91}},{"start":{"line":49,"column":91},"end":{"line":49,"column":95}}]},"1":{"loc":{"start":{"line":57,"column":9},"end":{"line":57,"column":null}},"type":"binary-expr","locations":[{"start":{"line":57,"column":9},"end":{"line":57,"column":null}}]}},"s":{"0":0,"1":0,"2":0,"3":0,"4":0,"5":0,"6":0,"7":0,"8":0,"9":0,"10":0,"11":0,"12":0},"f":{"0":0,"1":0,"2":0,"3":0,"4":0},"b":{"0":[0,0],"1":[0]}}
,"C:\\Users\\ALP\\Documents\\raizel\\app\\test-simple\\page.tsx": {"path":"C:\\Users\\ALP\\Documents\\raizel\\app\\test-simple\\page.tsx","statementMap":{"0":{"start":{"line":4,"column":24},"end":{"line":4,"column":null}},"1":{"start":{"line":2,"column":18},"end":{"line":2,"column":null}}},"fnMap":{"0":{"name":"TestSimplePage","decl":{"start":{"line":4,"column":24},"end":{"line":4,"column":null}},"loc":{"start":{"line":4,"column":24},"end":{"line":46,"column":null}}}},"branchMap":{},"s":{"0":0,"1":0},"f":{"0":0},"b":{}}
,"C:\\Users\\ALP\\Documents\\raizel\\app\\test-styles\\page.tsx": {"path":"C:\\Users\\ALP\\Documents\\raizel\\app\\test-styles\\page.tsx","statementMap":{"0":{"start":{"line":5,"column":24},"end":{"line":5,"column":null}},"1":{"start":{"line":3,"column":18},"end":{"line":3,"column":null}}},"fnMap":{"0":{"name":"TestStylesPage","decl":{"start":{"line":5,"column":24},"end":{"line":5,"column":null}},"loc":{"start":{"line":5,"column":24},"end":{"line":98,"column":null}}}},"branchMap":{},"s":{"0":0,"1":0},"f":{"0":0},"b":{}}
,"C:\\Users\\ALP\\Documents\\raizel\\app\\test-tailwind\\page.tsx": {"path":"C:\\Users\\ALP\\Documents\\raizel\\app\\test-tailwind\\page.tsx","statementMap":{"0":{"start":{"line":4,"column":24},"end":{"line":4,"column":null}},"1":{"start":{"line":2,"column":18},"end":{"line":2,"column":null}}},"fnMap":{"0":{"name":"TestTailwindPage","decl":{"start":{"line":4,"column":24},"end":{"line":4,"column":null}},"loc":{"start":{"line":4,"column":24},"end":{"line":59,"column":null}}}},"branchMap":{},"s":{"0":0,"1":0},"f":{"0":0},"b":{}}
,"C:\\Users\\ALP\\Documents\\raizel\\app\\test-ui\\page.tsx": {"path":"C:\\Users\\ALP\\Documents\\raizel\\app\\test-ui\\page.tsx","statementMap":{"0":{"start":{"line":8,"column":24},"end":{"line":8,"column":null}},"1":{"start":{"line":3,"column":18},"end":{"line":3,"column":null}},"2":{"start":{"line":4,"column":19},"end":{"line":4,"column":null}}},"fnMap":{"0":{"name":"TestUIPage","decl":{"start":{"line":8,"column":24},"end":{"line":8,"column":null}},"loc":{"start":{"line":8,"column":24},"end":{"line":158,"column":null}}}},"branchMap":{},"s":{"0":0,"1":0,"2":0},"f":{"0":0},"b":{}}
}
