TN:
SF:app\firebaseConfig.ts
FNF:0
FNH:0
DA:2,0
DA:3,0
DA:4,0
DA:5,0
DA:8,0
DA:18,0
DA:21,0
DA:22,0
DA:23,0
DA:25,0
LF:10
LH:0
BRDA:9,0,0,0
BRDA:9,0,1,0
BRDA:10,1,0,0
BRDA:10,1,1,0
BRDA:11,2,0,0
BRDA:11,2,1,0
BRDA:12,3,0,0
BRDA:12,3,1,0
BRDA:13,4,0,0
BRDA:13,4,1,0
BRDA:14,5,0,0
BRDA:14,5,1,0
BRF:12
BRH:0
end_of_record
TN:
SF:app\layout.js
FN:7,RootLayout
FNF:1
FNH:0
FNDA:0,RootLayout
DA:2,0
DA:7,0
LF:2
LH:0
BRF:0
BRH:0
end_of_record
TN:
SF:app\page.tsx
FN:6,HomePage
FNF:1
FNH:0
FNDA:0,HomePage
DA:2,0
DA:3,0
DA:4,0
DA:6,0
LF:4
LH:0
BRF:0
BRH:0
end_of_record
TN:
SF:app\router-config.ts
FN:5,suppressReactRouterWarnings
FN:12,(anonymous_1)
FN:38,(anonymous_2)
FNF:3
FNH:0
FNDA:0,suppressReactRouterWarnings
FNDA:0,(anonymous_1)
FNDA:0,(anonymous_2)
DA:6,0
DA:9,0
DA:12,0
DA:13,0
DA:16,0
DA:18,0
DA:26,0
DA:28,0
DA:33,0
DA:37,0
DA:38,0
DA:39,0
DA:41,0
DA:43,0
DA:48,0
DA:50,0
DA:55,0
DA:60,0
DA:63,0
DA:64,0
DA:65,0
DA:67,0
LF:22
LH:0
BRDA:6,0,0,0
BRDA:6,0,1,0
BRDA:16,1,0,0
BRDA:16,1,1,0
BRDA:18,2,0,0
BRDA:18,2,1,0
BRDA:18,2,2,0
BRDA:18,2,3,0
BRDA:18,2,4,0
BRDA:18,2,5,0
BRDA:18,2,6,0
BRDA:26,3,0,0
BRDA:26,3,1,0
BRDA:41,4,0,0
BRDA:41,4,1,0
BRDA:43,5,0,0
BRDA:43,5,1,0
BRDA:43,5,2,0
BRDA:43,5,3,0
BRDA:48,6,0,0
BRDA:48,6,1,0
BRDA:63,7,0,0
BRDA:63,7,1,0
BRDA:64,8,0,0
BRDA:64,8,1,0
BRF:25
BRH:0
end_of_record
TN:
SF:app\[id]\page.tsx
FN:3,Placeholder
FNF:1
FNH:0
FNDA:0,Placeholder
DA:3,0
LF:1
LH:0
BRF:0
BRH:0
end_of_record
TN:
SF:app\_not-found\page.tsx
FN:3,NotFound
FNF:1
FNH:0
FNDA:0,NotFound
DA:1,0
DA:3,0
LF:2
LH:0
BRF:0
BRH:0
end_of_record
TN:
SF:app\adoptions\page.tsx
FN:19,(anonymous_2)
FN:23,(anonymous_3)
FN:24,(anonymous_4)
FN:68,(anonymous_5)
FN:88,AdoptionsPage
FNF:5
FNH:0
FNDA:0,(anonymous_2)
FNDA:0,(anonymous_3)
FNDA:0,(anonymous_4)
FNDA:0,(anonymous_5)
FNDA:0,AdoptionsPage
DA:2,0
DA:5,0
DA:6,0
DA:7,0
DA:8,0
DA:19,0
DA:20,0
DA:21,0
DA:23,0
DA:24,0
DA:25,0
DA:27,0
DA:45,0
DA:47,0
DA:49,0
DA:53,0
DA:69,0
DA:88,0
DA:89,0
LF:19
LH:0
BRDA:63,0,0,0
BRDA:63,0,1,0
BRDA:65,1,0,0
BRDA:65,1,1,0
BRDA:70,2,0,0
BRDA:70,2,1,0
BRF:6
BRH:0
end_of_record
TN:
SF:app\adoptions\[id]\page.tsx
FN:4,Placeholder
FNF:1
FNH:0
FNDA:0,Placeholder
DA:2,0
DA:4,0
LF:2
LH:0
BRF:0
BRH:0
end_of_record
TN:
SF:app\ads\page.tsx
FN:9,AdsPage
FN:26,(anonymous_6)
FN:34,(anonymous_7)
FN:51,(anonymous_8)
FN:71,(anonymous_9)
FN:88,(anonymous_10)
FN:105,(anonymous_11)
FN:122,(anonymous_12)
FN:130,(anonymous_13)
FN:131,(anonymous_14)
FN:132,(anonymous_15)
FN:133,(anonymous_16)
FN:143,(anonymous_17)
FN:215,(anonymous_18)
FN:224,(anonymous_19)
FN:236,(anonymous_20)
FN:247,(anonymous_21)
FN:275,(anonymous_22)
FN:279,(anonymous_23)
FN:280,(anonymous_24)
FNF:20
FNH:0
FNDA:0,AdsPage
FNDA:0,(anonymous_6)
FNDA:0,(anonymous_7)
FNDA:0,(anonymous_8)
FNDA:0,(anonymous_9)
FNDA:0,(anonymous_10)
FNDA:0,(anonymous_11)
FNDA:0,(anonymous_12)
FNDA:0,(anonymous_13)
FNDA:0,(anonymous_14)
FNDA:0,(anonymous_15)
FNDA:0,(anonymous_16)
FNDA:0,(anonymous_17)
FNDA:0,(anonymous_18)
FNDA:0,(anonymous_19)
FNDA:0,(anonymous_20)
FNDA:0,(anonymous_21)
FNDA:0,(anonymous_22)
FNDA:0,(anonymous_23)
FNDA:0,(anonymous_24)
DA:3,0
DA:4,0
DA:5,0
DA:6,0
DA:7,0
DA:9,0
DA:10,0
DA:15,0
DA:17,0
DA:21,0
DA:22,0
DA:23,0
DA:24,0
DA:26,0
DA:27,0
DA:31,0
DA:34,0
DA:35,0
DA:36,0
DA:41,0
DA:42,0
DA:43,0
DA:44,0
DA:47,0
DA:51,0
DA:52,0
DA:53,0
DA:55,0
DA:56,0
DA:61,0
DA:62,0
DA:63,0
DA:64,0
DA:67,0
DA:71,0
DA:72,0
DA:73,0
DA:78,0
DA:79,0
DA:80,0
DA:81,0
DA:84,0
DA:88,0
DA:89,0
DA:90,0
DA:95,0
DA:96,0
DA:97,0
DA:98,0
DA:101,0
DA:105,0
DA:106,0
DA:108,0
DA:109,0
DA:112,0
DA:113,0
DA:114,0
DA:115,0
DA:118,0
DA:122,0
DA:123,0
DA:124,0
DA:125,0
DA:126,0
DA:127,0
DA:130,0
DA:131,0
DA:132,0
DA:133,0
DA:143,0
DA:215,0
DA:224,0
DA:236,0
DA:247,0
DA:276,0
DA:279,0
DA:280,0
LF:77
LH:0
BRDA:28,0,0,0
BRDA:28,0,1,0
BRDA:29,1,0,0
BRDA:29,1,1,0
BRDA:42,2,0,0
BRDA:42,2,1,0
BRDA:53,3,0,0
BRDA:53,3,1,0
BRDA:62,4,0,0
BRDA:62,4,1,0
BRDA:79,5,0,0
BRDA:79,5,1,0
BRDA:96,6,0,0
BRDA:96,6,1,0
BRDA:106,7,0,0
BRDA:106,7,1,0
BRDA:113,8,0,0
BRDA:113,8,1,0
BRDA:123,9,0,0
BRDA:123,9,1,0
BRDA:123,10,0,0
BRDA:123,10,1,0
BRDA:124,11,0,0
BRDA:124,11,1,0
BRDA:124,12,0,0
BRDA:124,12,1,0
BRDA:125,13,0,0
BRDA:125,13,1,0
BRDA:125,14,0,0
BRDA:125,14,1,0
BRDA:126,15,0,0
BRDA:126,15,1,0
BRDA:126,16,0,0
BRDA:126,16,1,0
BRDA:130,17,0,0
BRDA:130,17,1,0
BRDA:131,18,0,0
BRDA:131,18,1,0
BRDA:132,19,0,0
BRDA:132,19,1,0
BRDA:133,20,0,0
BRDA:133,20,1,0
BRDA:133,21,0,0
BRDA:133,21,1,0
BRDA:261,22,0,0
BRDA:266,23,0,0
BRDA:270,24,0,0
BRF:47
BRH:0
end_of_record
TN:
SF:app\ads\[id]\page.tsx
FN:7,AdDetailPage
FN:17,(anonymous_5)
FN:18,(anonymous_6)
FN:40,(anonymous_7)
FN:57,(anonymous_8)
FN:77,(anonymous_9)
FN:94,(anonymous_10)
FN:111,(anonymous_11)
FN:146,(anonymous_12)
FN:164,(anonymous_13)
FN:244,(anonymous_14)
FNF:11
FNH:0
FNDA:0,AdDetailPage
FNDA:0,(anonymous_5)
FNDA:0,(anonymous_6)
FNDA:0,(anonymous_7)
FNDA:0,(anonymous_8)
FNDA:0,(anonymous_9)
FNDA:0,(anonymous_10)
FNDA:0,(anonymous_11)
FNDA:0,(anonymous_12)
FNDA:0,(anonymous_13)
FNDA:0,(anonymous_14)
DA:3,0
DA:4,0
DA:5,0
DA:7,0
DA:8,0
DA:9,0
DA:10,0
DA:11,0
DA:12,0
DA:13,0
DA:15,0
DA:17,0
DA:18,0
DA:19,0
DA:20,0
DA:21,0
DA:22,0
DA:23,0
DA:24,0
DA:26,0
DA:29,0
DA:31,0
DA:35,0
DA:36,0
DA:40,0
DA:41,0
DA:42,0
DA:47,0
DA:48,0
DA:49,0
DA:50,0
DA:53,0
DA:57,0
DA:58,0
DA:59,0
DA:61,0
DA:62,0
DA:67,0
DA:68,0
DA:69,0
DA:70,0
DA:73,0
DA:77,0
DA:78,0
DA:79,0
DA:84,0
DA:85,0
DA:86,0
DA:87,0
DA:90,0
DA:94,0
DA:95,0
DA:96,0
DA:101,0
DA:102,0
DA:103,0
DA:104,0
DA:107,0
DA:111,0
DA:112,0
DA:114,0
DA:115,0
DA:118,0
DA:119,0
DA:120,0
DA:121,0
DA:124,0
DA:128,0
DA:139,0
DA:146,0
DA:164,0
DA:245,0
LF:72
LH:0
BRDA:23,0,0,0
BRDA:23,0,1,0
BRDA:26,1,0,0
BRDA:26,1,1,0
BRDA:35,2,0,0
BRDA:35,2,1,0
BRDA:48,3,0,0
BRDA:48,3,1,0
BRDA:59,4,0,0
BRDA:59,4,1,0
BRDA:68,5,0,0
BRDA:68,5,1,0
BRDA:85,6,0,0
BRDA:85,6,1,0
BRDA:102,7,0,0
BRDA:102,7,1,0
BRDA:112,8,0,0
BRDA:112,8,1,0
BRDA:119,9,0,0
BRDA:119,9,1,0
BRDA:128,10,0,0
BRDA:128,10,1,0
BRDA:139,11,0,0
BRDA:139,11,1,0
BRDA:139,12,0,0
BRDA:139,12,1,0
BRDA:144,13,0,0
BRDA:144,13,1,0
BRDA:174,14,0,0
BRDA:176,15,0,0
BRDA:195,16,0,0
BRDA:205,17,0,0
BRDA:242,18,0,0
BRDA:242,18,1,0
BRDA:264,19,0,0
BRDA:264,19,1,0
BRDA:270,20,0,0
BRDA:270,20,1,0
BRDA:282,21,0,0
BRDA:282,21,1,0
BRDA:301,22,0,0
BRDA:301,22,1,0
BRDA:331,23,0,0
BRDA:331,23,1,0
BRDA:332,24,0,0
BRDA:332,24,1,0
BRDA:333,25,0,0
BRDA:333,25,1,0
BRF:48
BRH:0
end_of_record
TN:
SF:app\aliados\page.tsx
FN:18,AliadosPage
FN:28,(anonymous_6)
FN:29,(anonymous_7)
FN:53,(anonymous_8)
FN:58,(anonymous_9)
FN:67,(anonymous_10)
FN:72,(anonymous_11)
FN:79,(anonymous_12)
FN:85,(anonymous_13)
FN:115,(anonymous_14)
FN:182,(anonymous_15)
FN:190,(anonymous_16)
FN:194,(anonymous_17)
FN:202,(anonymous_18)
FN:206,(anonymous_19)
FN:234,(anonymous_20)
FNF:16
FNH:0
FNDA:0,AliadosPage
FNDA:0,(anonymous_6)
FNDA:0,(anonymous_7)
FNDA:0,(anonymous_8)
FNDA:0,(anonymous_9)
FNDA:0,(anonymous_10)
FNDA:0,(anonymous_11)
FNDA:0,(anonymous_12)
FNDA:0,(anonymous_13)
FNDA:0,(anonymous_14)
FNDA:0,(anonymous_15)
FNDA:0,(anonymous_16)
FNDA:0,(anonymous_17)
FNDA:0,(anonymous_18)
FNDA:0,(anonymous_19)
FNDA:0,(anonymous_20)
DA:2,0
DA:3,0
DA:4,0
DA:5,0
DA:18,0
DA:19,0
DA:20,0
DA:21,0
DA:22,0
DA:23,0
DA:24,0
DA:25,0
DA:28,0
DA:29,0
DA:30,0
DA:31,0
DA:32,0
DA:33,0
DA:35,0
DA:36,0
DA:37,0
DA:39,0
DA:42,0
DA:43,0
DA:45,0
DA:49,0
DA:53,0
DA:54,0
DA:57,0
DA:58,0
DA:59,0
DA:66,0
DA:67,0
DA:71,0
DA:72,0
DA:75,0
DA:79,0
DA:82,0
DA:85,0
DA:86,0
DA:87,0
DA:88,0
DA:91,0
DA:104,0
DA:115,0
DA:182,0
DA:190,0
DA:195,0
DA:202,0
DA:207,0
DA:235,0
LF:51
LH:0
BRDA:35,0,0,0
BRDA:35,0,1,0
BRDA:39,1,0,0
BRDA:39,1,1,0
BRDA:57,2,0,0
BRDA:57,2,1,0
BRDA:59,3,0,0
BRDA:59,3,1,0
BRDA:59,3,2,0
BRDA:66,4,0,0
BRDA:66,4,1,0
BRDA:71,5,0,0
BRDA:71,5,1,0
BRDA:91,6,0,0
BRDA:91,6,1,0
BRDA:104,7,0,0
BRDA:104,7,1,0
BRDA:223,8,0,0
BRDA:223,8,1,0
BRDA:223,8,2,0
BRDA:233,9,0,0
BRDA:247,10,0,0
BRDA:247,10,1,0
BRDA:247,11,0,0
BRDA:247,11,1,0
BRDA:247,11,2,0
BRDA:252,12,0,0
BRDA:252,12,1,0
BRDA:252,12,2,0
BRF:29
BRH:0
end_of_record
TN:
SF:app\analytics\page.tsx
FN:16,AnalyticsPage
FN:29,(anonymous_6)
FN:33,(anonymous_7)
FN:38,(anonymous_8)
FN:43,(anonymous_9)
FN:48,(anonymous_10)
FN:131,(anonymous_11)
FN:163,(anonymous_12)
FN:190,(anonymous_13)
FN:212,(anonymous_14)
FN:221,(anonymous_15)
FNF:11
FNH:0
FNDA:0,AnalyticsPage
FNDA:0,(anonymous_6)
FNDA:0,(anonymous_7)
FNDA:0,(anonymous_8)
FNDA:0,(anonymous_9)
FNDA:0,(anonymous_10)
FNDA:0,(anonymous_11)
FNDA:0,(anonymous_12)
FNDA:0,(anonymous_13)
FNDA:0,(anonymous_14)
FNDA:0,(anonymous_15)
DA:3,0
DA:4,0
DA:5,0
DA:14,0
DA:16,0
DA:21,0
DA:23,0
DA:25,0
DA:26,0
DA:27,0
DA:29,0
DA:33,0
DA:34,0
DA:38,0
DA:39,0
DA:43,0
DA:45,0
DA:48,0
DA:50,0
DA:53,0
DA:92,0
DA:103,0
DA:131,0
DA:164,0
DA:191,0
DA:212,0
DA:222,0
LF:27
LH:0
BRDA:57,0,0,0
BRDA:57,0,1,0
BRDA:66,1,0,0
BRDA:66,1,1,0
BRDA:75,2,0,0
BRDA:75,2,1,0
BRDA:84,3,0,0
BRDA:84,3,1,0
BRDA:92,4,0,0
BRDA:92,4,1,0
BRDA:103,5,0,0
BRDA:103,5,1,0
BRDA:180,6,0,0
BRDA:180,6,1,0
BRDA:198,7,0,0
BRDA:215,8,0,0
BRDA:215,8,1,0
BRDA:219,9,0,0
BRDA:231,10,0,0
BRDA:234,11,0,0
BRDA:239,12,0,0
BRF:21
BRH:0
end_of_record
TN:
SF:app\analytics\events\page.tsx
FN:14,AnalyticsEventsPage
FN:27,(anonymous_5)
FN:32,(anonymous_6)
FN:33,(anonymous_7)
FN:39,(anonymous_8)
FN:46,(anonymous_9)
FN:48,(anonymous_10)
FN:111,(anonymous_11)
FN:120,(anonymous_12)
FN:124,(anonymous_13)
FN:131,(anonymous_14)
FN:164,(anonymous_15)
FNF:12
FNH:0
FNDA:0,AnalyticsEventsPage
FNDA:0,(anonymous_5)
FNDA:0,(anonymous_6)
FNDA:0,(anonymous_7)
FNDA:0,(anonymous_8)
FNDA:0,(anonymous_9)
FNDA:0,(anonymous_10)
FNDA:0,(anonymous_11)
FNDA:0,(anonymous_12)
FNDA:0,(anonymous_13)
FNDA:0,(anonymous_14)
FNDA:0,(anonymous_15)
DA:3,0
DA:4,0
DA:12,0
DA:14,0
DA:15,0
DA:17,0
DA:25,0
DA:27,0
DA:32,0
DA:33,0
DA:39,0
DA:40,0
DA:41,0
DA:42,0
DA:43,0
DA:46,0
DA:47,0
DA:48,0
DA:111,0
DA:120,0
DA:125,0
DA:131,0
DA:165,0
LF:23
LH:0
BRDA:40,0,0,0
BRDA:40,0,1,0
BRDA:40,1,0,0
BRDA:40,1,1,0
BRDA:41,2,0,0
BRDA:41,2,1,0
BRDA:41,3,0,0
BRDA:41,3,1,0
BRDA:42,4,0,0
BRDA:42,4,1,0
BRDA:42,5,0,0
BRDA:42,5,1,0
BRDA:143,6,0,0
BRDA:148,7,0,0
BRDA:152,8,0,0
BRDA:172,9,0,0
BRDA:177,10,0,0
BRF:17
BRH:0
end_of_record
TN:
SF:app\api\page.tsx
FN:3,ApiPage
FNF:1
FNH:0
FNDA:0,ApiPage
DA:3,0
LF:1
LH:0
BRF:0
BRH:0
end_of_record
TN:
SF:app\api\ads\route.ts
FN:21,GET
FN:58,(anonymous_4)
FN:93,(anonymous_5)
FN:94,(anonymous_6)
FN:95,(anonymous_7)
FN:96,(anonymous_8)
FN:97,(anonymous_9)
FN:98,(anonymous_10)
FN:100,(anonymous_11)
FN:104,(anonymous_12)
FN:148,POST
FNF:11
FNH:0
FNDA:0,GET
FNDA:0,(anonymous_4)
FNDA:0,(anonymous_5)
FNDA:0,(anonymous_6)
FNDA:0,(anonymous_7)
FNDA:0,(anonymous_8)
FNDA:0,(anonymous_9)
FNDA:0,(anonymous_10)
FNDA:0,(anonymous_11)
FNDA:0,(anonymous_12)
FNDA:0,POST
DA:1,0
DA:9,0
DA:18,0
DA:21,0
DA:22,0
DA:23,0
DA:24,0
DA:25,0
DA:26,0
DA:27,0
DA:28,0
DA:29,0
DA:30,0
DA:31,0
DA:34,0
DA:37,0
DA:38,0
DA:40,0
DA:41,0
DA:43,0
DA:44,0
DA:46,0
DA:47,0
DA:51,0
DA:52,0
DA:54,0
DA:55,0
DA:58,0
DA:59,0
DA:60,0
DA:87,0
DA:88,0
DA:91,0
DA:93,0
DA:94,0
DA:95,0
DA:96,0
DA:97,0
DA:98,0
DA:100,0
DA:104,0
DA:126,0
DA:139,0
DA:140,0
DA:148,0
DA:149,0
DA:150,0
DA:165,0
DA:167,0
DA:168,0
DA:175,0
DA:176,0
DA:177,0
DA:179,0
DA:180,0
DA:186,0
DA:187,0
DA:194,0
DA:215,0
DA:217,0
DA:224,0
DA:225,0
LF:62
LH:0
BRDA:28,0,0,0
BRDA:28,0,1,0
BRDA:29,1,0,0
BRDA:29,1,1,0
BRDA:30,2,0,0
BRDA:30,2,1,0
BRDA:31,3,0,0
BRDA:31,3,1,0
BRDA:37,4,0,0
BRDA:37,4,1,0
BRDA:40,5,0,0
BRDA:40,5,1,0
BRDA:40,6,0,0
BRDA:40,6,1,0
BRDA:43,7,0,0
BRDA:43,7,1,0
BRDA:43,8,0,0
BRDA:43,8,1,0
BRDA:46,9,0,0
BRDA:46,9,1,0
BRDA:46,10,0,0
BRDA:46,10,1,0
BRDA:73,11,0,0
BRDA:73,11,1,0
BRDA:74,12,0,0
BRDA:74,12,1,0
BRDA:75,13,0,0
BRDA:75,13,1,0
BRDA:76,14,0,0
BRDA:76,14,1,0
BRDA:80,15,0,0
BRDA:80,15,1,0
BRDA:81,16,0,0
BRDA:81,16,1,0
BRDA:96,17,0,0
BRDA:96,17,1,0
BRDA:97,18,0,0
BRDA:97,18,1,0
BRDA:98,19,0,0
BRDA:98,19,1,0
BRDA:99,20,0,0
BRDA:99,20,1,0
BRDA:100,21,0,0
BRDA:100,21,1,0
BRDA:109,22,0,0
BRDA:109,22,1,0
BRDA:119,23,0,0
BRDA:119,23,1,0
BRDA:163,24,0,0
BRDA:164,25,0,0
BRDA:167,26,0,0
BRDA:167,26,1,0
BRDA:167,27,0,0
BRDA:167,27,1,0
BRDA:167,27,2,0
BRDA:167,27,3,0
BRDA:167,27,4,0
BRDA:167,27,5,0
BRDA:167,27,6,0
BRDA:167,27,7,0
BRDA:167,27,8,0
BRDA:179,28,0,0
BRDA:179,28,1,0
BRDA:186,29,0,0
BRDA:186,29,1,0
BRF:65
BRH:0
end_of_record
TN:
SF:app\api\ads\[id]\route.ts
FN:17,GET
FN:54,PUT
FN:123,DELETE
FN:154,PATCH
FNF:4
FNH:0
FNDA:0,GET
FNDA:0,PUT
FNDA:0,DELETE
FNDA:0,PATCH
DA:1,0
DA:12,0
DA:13,0
DA:17,0
DA:21,0
DA:22,0
DA:24,0
DA:25,0
DA:27,0
DA:28,0
DA:34,0
DA:35,0
DA:44,0
DA:46,0
DA:47,0
DA:54,0
DA:55,0
DA:56,0
DA:57,0
DA:60,0
DA:61,0
DA:63,0
DA:64,0
DA:71,0
DA:76,0
DA:78,0
DA:79,0
DA:80,0
DA:81,0
DA:83,0
DA:89,0
DA:90,0
DA:96,0
DA:99,0
DA:100,0
DA:101,0
DA:110,0
DA:115,0
DA:116,0
DA:123,0
DA:124,0
DA:125,0
DA:128,0
DA:129,0
DA:131,0
DA:132,0
DA:138,0
DA:140,0
DA:145,0
DA:146,0
DA:154,0
DA:155,0
DA:156,0
DA:157,0
DA:158,0
DA:161,0
DA:162,0
DA:164,0
DA:165,0
DA:171,0
DA:173,0
DA:175,0
DA:176,0
DA:181,0
DA:182,0
DA:185,0
DA:186,0
DA:191,0
DA:192,0
DA:195,0
DA:196,0
DA:201,0
DA:205,0
DA:208,0
DA:209,0
DA:214,0
DA:215,0
DA:218,0
DA:219,0
DA:224,0
DA:225,0
DA:228,0
DA:235,0
DA:236,0
DA:237,0
DA:246,0
DA:254,0
DA:262,0
DA:263,0
LF:89
LH:0
BRDA:27,0,0,0
BRDA:27,0,1,0
BRDA:63,1,0,0
BRDA:63,1,1,0
BRDA:79,2,0,0
BRDA:79,2,1,0
BRDA:80,3,0,0
BRDA:80,3,1,0
BRDA:80,4,0,0
BRDA:80,4,1,0
BRDA:89,5,0,0
BRDA:89,5,1,0
BRDA:89,6,0,0
BRDA:89,6,1,0
BRDA:89,6,2,0
BRDA:131,7,0,0
BRDA:131,7,1,0
BRDA:164,8,0,0
BRDA:164,8,1,0
BRDA:173,9,0,0
BRDA:173,9,1,0
BRDA:173,9,2,0
BRDA:173,9,3,0
BRDA:173,9,4,0
BRDA:173,9,5,0
BRDA:175,10,0,0
BRDA:175,10,1,0
BRDA:185,11,0,0
BRDA:185,11,1,0
BRDA:191,12,0,0
BRDA:191,12,1,0
BRDA:195,13,0,0
BRDA:195,13,1,0
BRDA:208,14,0,0
BRDA:208,14,1,0
BRDA:218,15,0,0
BRDA:218,15,1,0
BRF:37
BRH:0
end_of_record
TN:
SF:app\api\affiliates\route.ts
FN:69,query
FN:71,(anonymous_6)
FN:80,GET
FN:90,(anonymous_8)
FN:96,(anonymous_9)
FN:102,(anonymous_10)
FN:105,(anonymous_11)
FN:132,POST
FN:143,PUT
FN:154,DELETE
FNF:10
FNH:0
FNDA:0,query
FNDA:0,(anonymous_6)
FNDA:0,GET
FNDA:0,(anonymous_8)
FNDA:0,(anonymous_9)
FNDA:0,(anonymous_10)
FNDA:0,(anonymous_11)
FNDA:0,POST
FNDA:0,PUT
FNDA:0,DELETE
DA:1,0
DA:5,0
DA:71,0
DA:77,0
DA:80,0
DA:81,0
DA:82,0
DA:83,0
DA:84,0
DA:87,0
DA:89,0
DA:90,0
DA:91,0
DA:95,0
DA:96,0
DA:97,0
DA:102,0
DA:105,0
DA:106,0
DA:107,0
DA:108,0
DA:111,0
DA:119,0
DA:120,0
DA:132,0
DA:133,0
DA:143,0
DA:144,0
DA:154,0
DA:155,0
LF:30
LH:0
BRDA:89,0,0,0
BRDA:89,0,1,0
BRDA:95,1,0,0
BRDA:95,1,1,0
BRDA:106,2,0,0
BRDA:106,2,1,0
BRDA:107,3,0,0
BRDA:107,3,1,0
BRF:8
BRH:0
end_of_record
TN:
SF:app\api\analytics\events\route.ts
FN:4,query
FN:79,GET
FN:150,(anonymous_5)
FN:154,(anonymous_6)
FN:158,(anonymous_7)
FN:162,(anonymous_8)
FN:166,(anonymous_9)
FN:202,POST
FNF:8
FNH:0
FNDA:0,query
FNDA:0,GET
FNDA:0,(anonymous_5)
FNDA:0,(anonymous_6)
FNDA:0,(anonymous_7)
FNDA:0,(anonymous_8)
FNDA:0,(anonymous_9)
FNDA:0,POST
DA:1,0
DA:6,0
DA:9,0
DA:72,0
DA:79,0
DA:80,0
DA:81,0
DA:82,0
DA:83,0
DA:84,0
DA:85,0
DA:86,0
DA:87,0
DA:88,0
DA:89,0
DA:92,0
DA:111,0
DA:112,0
DA:115,0
DA:116,0
DA:117,0
DA:118,0
DA:122,0
DA:123,0
DA:124,0
DA:125,0
DA:129,0
DA:130,0
DA:131,0
DA:132,0
DA:136,0
DA:137,0
DA:138,0
DA:139,0
DA:143,0
DA:144,0
DA:147,0
DA:149,0
DA:150,0
DA:153,0
DA:154,0
DA:157,0
DA:158,0
DA:161,0
DA:162,0
DA:166,0
DA:167,0
DA:168,0
DA:170,0
DA:171,0
DA:173,0
DA:178,0
DA:179,0
DA:181,0
DA:193,0
DA:194,0
DA:202,0
DA:203,0
DA:204,0
DA:207,0
DA:209,0
DA:210,0
DA:217,0
DA:218,0
DA:219,0
DA:224,0
DA:240,0
DA:242,0
DA:249,0
DA:250,0
LF:70
LH:0
BRDA:86,0,0,0
BRDA:86,0,1,0
BRDA:87,1,0,0
BRDA:87,1,1,0
BRDA:88,2,0,0
BRDA:88,2,1,0
BRDA:89,3,0,0
BRDA:89,3,1,0
BRDA:115,4,0,0
BRDA:115,4,1,0
BRDA:122,5,0,0
BRDA:122,5,1,0
BRDA:129,6,0,0
BRDA:129,6,1,0
BRDA:136,7,0,0
BRDA:136,7,1,0
BRDA:149,8,0,0
BRDA:149,8,1,0
BRDA:153,9,0,0
BRDA:153,9,1,0
BRDA:157,10,0,0
BRDA:157,10,1,0
BRDA:161,11,0,0
BRDA:161,11,1,0
BRDA:170,12,0,0
BRDA:170,12,1,0
BRDA:171,13,0,0
BRDA:171,13,1,0
BRDA:171,14,0,0
BRDA:171,14,1,0
BRDA:173,15,0,0
BRDA:173,15,1,0
BRDA:173,16,0,0
BRDA:173,16,1,0
BRDA:209,17,0,0
BRDA:209,17,1,0
BRDA:209,18,0,0
BRDA:209,18,1,0
BRDA:217,19,0,0
BRDA:217,19,1,0
BRDA:218,20,0,0
BRDA:218,20,1,0
BRDA:219,21,0,0
BRDA:219,21,1,0
BRDA:219,21,2,0
BRDA:226,22,0,0
BRDA:226,22,1,0
BRDA:227,23,0,0
BRDA:227,23,1,0
BRDA:230,24,0,0
BRDA:230,24,1,0
BRDA:231,25,0,0
BRDA:231,25,1,0
BRDA:232,26,0,0
BRDA:232,26,1,0
BRDA:233,27,0,0
BRDA:233,27,1,0
BRDA:234,28,0,0
BRDA:234,28,1,0
BRDA:235,29,0,0
BRDA:235,29,1,0
BRDA:236,30,0,0
BRDA:236,30,1,0
BRF:63
BRH:0
end_of_record
TN:
SF:app\api\analytics\metrics\route.ts
FN:4,query
FN:79,GET
FN:143,(anonymous_5)
FN:147,(anonymous_6)
FN:151,(anonymous_7)
FN:155,(anonymous_8)
FN:159,(anonymous_9)
FN:166,(anonymous_10)
FN:203,POST
FNF:9
FNH:0
FNDA:0,query
FNDA:0,GET
FNDA:0,(anonymous_5)
FNDA:0,(anonymous_6)
FNDA:0,(anonymous_7)
FNDA:0,(anonymous_8)
FNDA:0,(anonymous_9)
FNDA:0,(anonymous_10)
FNDA:0,POST
DA:1,0
DA:6,0
DA:9,0
DA:72,0
DA:79,0
DA:80,0
DA:81,0
DA:82,0
DA:83,0
DA:84,0
DA:85,0
DA:86,0
DA:87,0
DA:88,0
DA:91,0
DA:105,0
DA:106,0
DA:109,0
DA:110,0
DA:111,0
DA:112,0
DA:116,0
DA:117,0
DA:118,0
DA:119,0
DA:123,0
DA:124,0
DA:125,0
DA:126,0
DA:129,0
DA:130,0
DA:131,0
DA:132,0
DA:136,0
DA:137,0
DA:140,0
DA:142,0
DA:143,0
DA:146,0
DA:147,0
DA:150,0
DA:151,0
DA:154,0
DA:155,0
DA:159,0
DA:162,0
DA:163,0
DA:166,0
DA:167,0
DA:168,0
DA:170,0
DA:171,0
DA:174,0
DA:194,0
DA:195,0
DA:203,0
DA:204,0
DA:205,0
DA:208,0
DA:210,0
DA:211,0
DA:218,0
DA:229,0
DA:231,0
DA:238,0
DA:239,0
LF:66
LH:0
BRDA:84,0,0,0
BRDA:84,0,1,0
BRDA:87,1,0,0
BRDA:87,1,1,0
BRDA:88,2,0,0
BRDA:88,2,1,0
BRDA:109,3,0,0
BRDA:109,3,1,0
BRDA:116,4,0,0
BRDA:116,4,1,0
BRDA:123,5,0,0
BRDA:123,5,1,0
BRDA:129,6,0,0
BRDA:129,6,1,0
BRDA:142,7,0,0
BRDA:142,7,1,0
BRDA:146,8,0,0
BRDA:146,8,1,0
BRDA:150,9,0,0
BRDA:150,9,1,0
BRDA:154,10,0,0
BRDA:154,10,1,0
BRDA:167,11,0,0
BRDA:167,11,1,0
BRDA:181,12,0,0
BRDA:181,12,1,0
BRDA:210,13,0,0
BRDA:210,13,1,0
BRDA:210,14,0,0
BRDA:210,14,1,0
BRDA:210,14,2,0
BRDA:210,14,3,0
BRDA:210,14,4,0
BRDA:210,14,5,0
BRF:34
BRH:0
end_of_record
TN:
SF:app\api\auth\login\route.ts
FN:6,POST
FNF:1
FNH:0
FNDA:0,POST
DA:1,0
DA:2,0
DA:3,0
DA:6,0
DA:7,0
DA:8,0
DA:10,0
DA:11,0
DA:18,0
DA:21,0
DA:30,0
DA:46,0
DA:47,0
LF:13
LH:0
BRDA:10,0,0,0
BRDA:10,0,1,0
BRDA:10,1,0,0
BRDA:10,1,1,0
BRDA:50,2,0,0
BRDA:50,2,1,0
BRF:6
BRH:0
end_of_record
TN:
SF:app\api\auth\register\route.ts
FN:6,POST
FNF:1
FNH:0
FNDA:0,POST
DA:1,0
DA:2,0
DA:3,0
DA:6,0
DA:7,0
DA:8,0
DA:10,0
DA:11,0
DA:18,0
DA:21,0
DA:43,0
DA:46,0
DA:52,0
DA:68,0
DA:69,0
LF:15
LH:0
BRDA:10,0,0,0
BRDA:10,0,1,0
BRDA:10,1,0,0
BRDA:10,1,1,0
BRDA:10,1,2,0
BRDA:25,2,0,0
BRDA:25,2,1,0
BRDA:26,3,0,0
BRDA:26,3,1,0
BRDA:28,4,0,0
BRDA:28,4,1,0
BRDA:59,5,0,0
BRDA:59,5,1,0
BRDA:72,6,0,0
BRDA:72,6,1,0
BRF:15
BRH:0
end_of_record
TN:
SF:app\api\circles\route.ts
FN:22,mapFirebaseCircleToLegacy
FN:50,GET
FN:90,(anonymous_5)
FN:106,(anonymous_6)
FN:109,(anonymous_7)
FN:187,POST
FNF:6
FNH:0
FNDA:0,mapFirebaseCircleToLegacy
FNDA:0,GET
FNDA:0,(anonymous_5)
FNDA:0,(anonymous_6)
FNDA:0,(anonymous_7)
FNDA:0,POST
DA:1,0
DA:9,0
DA:18,0
DA:23,0
DA:50,0
DA:51,0
DA:52,0
DA:53,0
DA:54,0
DA:55,0
DA:56,0
DA:57,0
DA:58,0
DA:61,0
DA:64,0
DA:65,0
DA:67,0
DA:70,0
DA:71,0
DA:74,0
DA:75,0
DA:78,0
DA:79,0
DA:83,0
DA:84,0
DA:86,0
DA:87,0
DA:90,0
DA:91,0
DA:92,0
DA:101,0
DA:104,0
DA:105,0
DA:106,0
DA:107,0
DA:109,0
DA:113,0
DA:123,0
DA:126,0
DA:177,0
DA:187,0
DA:188,0
DA:189,0
DA:192,0
DA:194,0
DA:195,0
DA:202,0
DA:205,0
DA:224,0
DA:227,0
DA:239,0
DA:246,0
DA:247,0
LF:53
LH:0
BRDA:28,0,0,0
BRDA:28,0,1,0
BRDA:29,1,0,0
BRDA:29,1,1,0
BRDA:30,2,0,0
BRDA:30,2,1,0
BRDA:31,3,0,0
BRDA:31,3,1,0
BRDA:32,4,0,0
BRDA:32,4,1,0
BRDA:34,5,0,0
BRDA:34,5,1,0
BRDA:57,6,0,0
BRDA:57,6,1,0
BRDA:64,7,0,0
BRDA:64,7,1,0
BRDA:70,8,0,0
BRDA:70,8,1,0
BRDA:74,9,0,0
BRDA:74,9,1,0
BRDA:78,10,0,0
BRDA:78,10,1,0
BRDA:104,11,0,0
BRDA:104,11,1,0
BRDA:107,12,0,0
BRDA:107,12,1,0
BRDA:107,12,2,0
BRDA:192,13,0,0
BRDA:194,14,0,0
BRDA:194,14,1,0
BRDA:194,15,0,0
BRDA:194,15,1,0
BRDA:202,16,0,0
BRDA:202,16,1,0
BRDA:208,17,0,0
BRDA:208,17,1,0
BRDA:209,18,0,0
BRDA:209,18,1,0
BRDA:212,19,0,0
BRDA:212,19,1,0
BRDA:212,20,0,0
BRDA:212,20,1,0
BRDA:213,21,0,0
BRDA:213,21,1,0
BRDA:214,22,0,0
BRDA:214,22,1,0
BRF:46
BRH:0
end_of_record
TN:
SF:app\api\circles\[id]\route.ts
FN:25,GET
FN:59,(anonymous_4)
FN:83,(anonymous_5)
FN:126,POST
FNF:4
FNH:0
FNDA:0,GET
FNDA:0,(anonymous_4)
FNDA:0,(anonymous_5)
FNDA:0,POST
DA:1,0
DA:13,0
DA:21,0
DA:25,0
DA:29,0
DA:30,0
DA:33,0
DA:34,0
DA:36,0
DA:37,0
DA:43,0
DA:44,0
DA:52,0
DA:57,0
DA:59,0
DA:60,0
DA:61,0
DA:69,0
DA:83,0
DA:93,0
DA:100,0
DA:103,0
DA:104,0
DA:117,0
DA:126,0
DA:130,0
DA:131,0
DA:132,0
DA:133,0
DA:137,0
DA:139,0
DA:141,0
DA:142,0
DA:148,0
DA:149,0
DA:155,0
DA:156,0
DA:163,0
DA:169,0
DA:171,0
DA:172,0
DA:178,0
DA:181,0
DA:186,0
DA:188,0
DA:189,0
DA:195,0
DA:196,0
DA:202,0
DA:203,0
DA:210,0
DA:216,0
DA:218,0
DA:219,0
DA:225,0
DA:228,0
DA:233,0
DA:235,0
DA:236,0
DA:242,0
DA:243,0
DA:249,0
DA:256,0
DA:257,0
LF:64
LH:0
BRDA:36,0,0,0
BRDA:36,0,1,0
BRDA:73,1,0,0
BRDA:73,1,1,0
BRDA:79,2,0,0
BRDA:79,2,1,0
BRDA:81,3,0,0
BRDA:81,3,1,0
BRDA:137,4,0,0
BRDA:137,4,1,0
BRDA:139,5,0,0
BRDA:139,5,1,0
BRDA:139,5,2,0
BRDA:139,5,3,0
BRDA:139,5,4,0
BRDA:155,6,0,0
BRDA:155,6,1,0
BRDA:171,7,0,0
BRDA:171,7,1,0
BRDA:188,8,0,0
BRDA:188,8,1,0
BRDA:202,9,0,0
BRDA:202,9,1,0
BRDA:202,10,0,0
BRDA:202,10,1,0
BRDA:218,11,0,0
BRDA:218,11,1,0
BRDA:235,12,0,0
BRDA:235,12,1,0
BRDA:258,13,0,0
BRDA:258,13,1,0
BRF:31
BRH:0
end_of_record
TN:
SF:app\api\conversations\route.ts
FN:4,query
FN:122,GET
FN:175,(anonymous_5)
FN:180,(anonymous_6)
FN:181,(anonymous_7)
FN:186,(anonymous_8)
FN:209,(anonymous_9)
FN:210,(anonymous_10)
FN:211,(anonymous_11)
FN:238,POST
FN:275,(anonymous_13)
FNF:11
FNH:0
FNDA:0,query
FNDA:0,GET
FNDA:0,(anonymous_5)
FNDA:0,(anonymous_6)
FNDA:0,(anonymous_7)
FNDA:0,(anonymous_8)
FNDA:0,(anonymous_9)
FNDA:0,(anonymous_10)
FNDA:0,(anonymous_11)
FNDA:0,POST
FNDA:0,(anonymous_13)
DA:1,0
DA:6,0
DA:9,0
DA:115,0
DA:122,0
DA:123,0
DA:124,0
DA:125,0
DA:126,0
DA:127,0
DA:128,0
DA:129,0
DA:130,0
DA:133,0
DA:157,0
DA:158,0
DA:161,0
DA:162,0
DA:163,0
DA:164,0
DA:168,0
DA:169,0
DA:172,0
DA:174,0
DA:175,0
DA:179,0
DA:180,0
DA:181,0
DA:186,0
DA:187,0
DA:188,0
DA:190,0
DA:191,0
DA:192,0
DA:195,0
DA:196,0
DA:198,0
DA:203,0
DA:204,0
DA:207,0
DA:209,0
DA:210,0
DA:211,0
DA:214,0
DA:229,0
DA:230,0
DA:238,0
DA:239,0
DA:240,0
DA:243,0
DA:245,0
DA:246,0
DA:253,0
DA:254,0
DA:261,0
DA:275,0
DA:285,0
DA:287,0
DA:294,0
DA:295,0
LF:60
LH:0
BRDA:127,0,0,0
BRDA:127,0,1,0
BRDA:128,1,0,0
BRDA:128,1,1,0
BRDA:129,2,0,0
BRDA:129,2,1,0
BRDA:130,3,0,0
BRDA:130,3,1,0
BRDA:157,4,0,0
BRDA:157,4,1,0
BRDA:161,5,0,0
BRDA:161,5,1,0
BRDA:174,6,0,0
BRDA:174,6,1,0
BRDA:179,7,0,0
BRDA:179,7,1,0
BRDA:190,8,0,0
BRDA:190,8,1,0
BRDA:190,9,0,0
BRDA:190,9,1,0
BRDA:190,9,2,0
BRDA:195,10,0,0
BRDA:195,10,1,0
BRDA:211,11,0,0
BRDA:211,11,1,0
BRDA:245,12,0,0
BRDA:245,12,1,0
BRDA:245,13,0,0
BRDA:245,13,1,0
BRDA:245,13,2,0
BRDA:253,14,0,0
BRDA:253,14,1,0
BRDA:253,15,0,0
BRDA:253,15,1,0
BRDA:264,16,0,0
BRDA:264,16,1,0
BRDA:265,17,0,0
BRDA:265,17,1,0
BRDA:267,18,0,0
BRDA:267,18,1,0
BRDA:277,19,0,0
BRDA:277,19,1,0
BRDA:278,20,0,0
BRDA:278,20,1,0
BRDA:279,21,0,0
BRDA:279,21,1,0
BRDA:280,22,0,0
BRDA:280,22,1,0
BRDA:281,23,0,0
BRDA:281,23,1,0
BRDA:281,24,0,0
BRDA:281,24,1,0
BRF:52
BRH:0
end_of_record
TN:
SF:app\api\conversations\[id]\route.ts
FN:52,GET
FN:55,(anonymous_6)
FN:77,PUT
FN:83,(anonymous_8)
FN:125,DELETE
FN:128,(anonymous_10)
FN:156,PATCH
FN:162,(anonymous_12)
FN:175,(anonymous_13)
FN:187,(anonymous_14)
FN:193,(anonymous_15)
FN:202,(anonymous_16)
FNF:12
FNH:0
FNDA:0,GET
FNDA:0,(anonymous_6)
FNDA:0,PUT
FNDA:0,(anonymous_8)
FNDA:0,DELETE
FNDA:0,(anonymous_10)
FNDA:0,PATCH
FNDA:0,(anonymous_12)
FNDA:0,(anonymous_13)
FNDA:0,(anonymous_14)
FNDA:0,(anonymous_15)
FNDA:0,(anonymous_16)
DA:1,0
DA:4,0
DA:52,0
DA:53,0
DA:54,0
DA:55,0
DA:57,0
DA:58,0
DA:64,0
DA:69,0
DA:70,0
DA:77,0
DA:78,0
DA:79,0
DA:80,0
DA:81,0
DA:83,0
DA:84,0
DA:85,0
DA:91,0
DA:94,0
DA:95,0
DA:102,0
DA:103,0
DA:104,0
DA:106,0
DA:107,0
DA:109,0
DA:117,0
DA:118,0
DA:125,0
DA:126,0
DA:127,0
DA:128,0
DA:130,0
DA:131,0
DA:138,0
DA:139,0
DA:141,0
DA:148,0
DA:149,0
DA:156,0
DA:157,0
DA:158,0
DA:159,0
DA:160,0
DA:162,0
DA:163,0
DA:164,0
DA:170,0
DA:172,0
DA:175,0
DA:176,0
DA:181,0
DA:183,0
DA:187,0
DA:188,0
DA:189,0
DA:193,0
DA:194,0
DA:195,0
DA:196,0
DA:198,0
DA:202,0
DA:203,0
DA:204,0
DA:205,0
DA:207,0
DA:210,0
DA:216,0
DA:218,0
DA:226,0
DA:227,0
LF:73
LH:0
BRDA:57,0,0,0
BRDA:57,0,1,0
BRDA:84,1,0,0
BRDA:84,1,1,0
BRDA:94,2,0,0
BRDA:94,2,1,0
BRDA:102,3,0,0
BRDA:102,3,1,0
BRDA:103,4,0,0
BRDA:103,4,1,0
BRDA:104,5,0,0
BRDA:104,5,1,0
BRDA:130,6,0,0
BRDA:130,6,1,0
BRDA:163,7,0,0
BRDA:163,7,1,0
BRDA:172,8,0,0
BRDA:172,8,1,0
BRDA:172,8,2,0
BRDA:172,8,3,0
BRDA:172,8,4,0
BRDA:175,9,0,0
BRDA:175,9,1,0
BRDA:178,10,0,0
BRDA:178,10,1,0
BRDA:194,11,0,0
BRDA:194,11,1,0
BRDA:194,12,0,0
BRDA:194,12,1,0
BRDA:203,13,0,0
BRDA:203,13,1,0
BRF:31
BRH:0
end_of_record
TN:
SF:app\api\create-payment-intent\route.ts
FN:15,POST
FNF:1
FNH:0
FNDA:0,POST
DA:2,0
DA:3,0
DA:6,0
DA:7,0
DA:8,0
DA:11,0
DA:15,0
DA:16,0
DA:17,0
DA:19,0
DA:20,0
DA:23,0
DA:31,0
DA:33,0
DA:34,0
LF:15
LH:0
BRDA:7,0,0,0
BRDA:7,0,1,0
BRDA:19,1,0,0
BRDA:19,1,1,0
BRDA:19,2,0,0
BRDA:19,2,1,0
BRDA:19,2,2,0
BRF:7
BRH:0
end_of_record
TN:
SF:app\api\market\items\route.ts
FN:4,query
FN:113,GET
FN:218,(anonymous_5)
FN:222,(anonymous_6)
FN:226,(anonymous_7)
FN:230,(anonymous_8)
FN:234,(anonymous_9)
FN:239,(anonymous_10)
FN:245,(anonymous_11)
FN:251,(anonymous_12)
FN:259,(anonymous_13)
FN:282,(anonymous_14)
FN:284,(anonymous_15)
FN:285,(anonymous_16)
FN:286,(anonymous_17)
FN:288,(anonymous_18)
FN:289,(anonymous_19)
FN:316,POST
FNF:18
FNH:0
FNDA:0,query
FNDA:0,GET
FNDA:0,(anonymous_5)
FNDA:0,(anonymous_6)
FNDA:0,(anonymous_7)
FNDA:0,(anonymous_8)
FNDA:0,(anonymous_9)
FNDA:0,(anonymous_10)
FNDA:0,(anonymous_11)
FNDA:0,(anonymous_12)
FNDA:0,(anonymous_13)
FNDA:0,(anonymous_14)
FNDA:0,(anonymous_15)
FNDA:0,(anonymous_16)
FNDA:0,(anonymous_17)
FNDA:0,(anonymous_18)
FNDA:0,(anonymous_19)
FNDA:0,POST
DA:1,0
DA:6,0
DA:9,0
DA:106,0
DA:113,0
DA:114,0
DA:115,0
DA:116,0
DA:117,0
DA:118,0
DA:119,0
DA:120,0
DA:121,0
DA:122,0
DA:123,0
DA:124,0
DA:125,0
DA:126,0
DA:127,0
DA:130,0
DA:159,0
DA:160,0
DA:163,0
DA:164,0
DA:165,0
DA:166,0
DA:170,0
DA:171,0
DA:172,0
DA:173,0
DA:177,0
DA:178,0
DA:179,0
DA:180,0
DA:184,0
DA:185,0
DA:186,0
DA:187,0
DA:190,0
DA:191,0
DA:192,0
DA:193,0
DA:197,0
DA:198,0
DA:199,0
DA:200,0
DA:204,0
DA:205,0
DA:206,0
DA:207,0
DA:211,0
DA:212,0
DA:215,0
DA:217,0
DA:218,0
DA:221,0
DA:222,0
DA:225,0
DA:226,0
DA:229,0
DA:230,0
DA:233,0
DA:234,0
DA:237,0
DA:238,0
DA:239,0
DA:240,0
DA:244,0
DA:245,0
DA:249,0
DA:250,0
DA:251,0
DA:252,0
DA:259,0
DA:260,0
DA:261,0
DA:263,0
DA:264,0
DA:265,0
DA:268,0
DA:269,0
DA:271,0
DA:276,0
DA:277,0
DA:280,0
DA:282,0
DA:284,0
DA:285,0
DA:286,0
DA:288,0
DA:289,0
DA:292,0
DA:307,0
DA:308,0
DA:316,0
DA:317,0
DA:318,0
DA:321,0
DA:323,0
DA:324,0
DA:331,0
DA:332,0
DA:339,0
DA:340,0
DA:347,0
DA:376,0
DA:378,0
DA:385,0
DA:386,0
LF:109
LH:0
BRDA:124,0,0,0
BRDA:124,0,1,0
BRDA:125,1,0,0
BRDA:125,1,1,0
BRDA:126,2,0,0
BRDA:126,2,1,0
BRDA:127,3,0,0
BRDA:127,3,1,0
BRDA:163,4,0,0
BRDA:163,4,1,0
BRDA:170,5,0,0
BRDA:170,5,1,0
BRDA:177,6,0,0
BRDA:177,6,1,0
BRDA:184,7,0,0
BRDA:184,7,1,0
BRDA:190,8,0,0
BRDA:190,8,1,0
BRDA:197,9,0,0
BRDA:197,9,1,0
BRDA:204,10,0,0
BRDA:204,10,1,0
BRDA:217,11,0,0
BRDA:217,11,1,0
BRDA:221,12,0,0
BRDA:221,12,1,0
BRDA:225,13,0,0
BRDA:225,13,1,0
BRDA:229,14,0,0
BRDA:229,14,1,0
BRDA:233,15,0,0
BRDA:233,15,1,0
BRDA:237,16,0,0
BRDA:237,16,1,0
BRDA:244,17,0,0
BRDA:244,17,1,0
BRDA:249,18,0,0
BRDA:249,18,1,0
BRDA:252,19,0,0
BRDA:252,19,1,0
BRDA:252,19,2,0
BRDA:252,19,3,0
BRDA:263,20,0,0
BRDA:263,20,1,0
BRDA:263,21,0,0
BRDA:263,21,1,0
BRDA:268,22,0,0
BRDA:268,22,1,0
BRDA:288,23,0,0
BRDA:288,23,1,0
BRDA:289,24,0,0
BRDA:289,24,1,0
BRDA:323,25,0,0
BRDA:323,25,1,0
BRDA:323,26,0,0
BRDA:323,26,1,0
BRDA:323,26,2,0
BRDA:323,26,3,0
BRDA:323,26,4,0
BRDA:323,26,5,0
BRDA:323,26,6,0
BRDA:323,26,7,0
BRDA:331,27,0,0
BRDA:331,27,1,0
BRDA:339,28,0,0
BRDA:339,28,1,0
BRDA:339,29,0,0
BRDA:339,29,1,0
BRDA:349,30,0,0
BRDA:349,30,1,0
BRDA:353,31,0,0
BRDA:353,31,1,0
BRDA:357,32,0,0
BRDA:357,32,1,0
BRDA:360,33,0,0
BRDA:360,33,1,0
BRF:76
BRH:0
end_of_record
TN:
SF:app\api\marketplace\route.ts
FN:22,GET
FN:60,(anonymous_4)
FN:74,(anonymous_5)
FN:78,(anonymous_6)
FN:84,(anonymous_7)
FN:87,(anonymous_8)
FN:176,POST
FNF:7
FNH:0
FNDA:0,GET
FNDA:0,(anonymous_4)
FNDA:0,(anonymous_5)
FNDA:0,(anonymous_6)
FNDA:0,(anonymous_7)
FNDA:0,(anonymous_8)
FNDA:0,POST
DA:1,0
DA:9,0
DA:18,0
DA:22,0
DA:23,0
DA:24,0
DA:25,0
DA:26,0
DA:27,0
DA:28,0
DA:29,0
DA:30,0
DA:31,0
DA:34,0
DA:37,0
DA:40,0
DA:41,0
DA:44,0
DA:45,0
DA:48,0
DA:49,0
DA:53,0
DA:54,0
DA:56,0
DA:57,0
DA:60,0
DA:61,0
DA:62,0
DA:72,0
DA:73,0
DA:74,0
DA:76,0
DA:77,0
DA:78,0
DA:82,0
DA:83,0
DA:84,0
DA:85,0
DA:87,0
DA:91,0
DA:99,0
DA:102,0
DA:165,0
DA:176,0
DA:177,0
DA:178,0
DA:181,0
DA:183,0
DA:184,0
DA:191,0
DA:194,0
DA:222,0
DA:225,0
DA:238,0
DA:245,0
DA:246,0
LF:56
LH:0
BRDA:31,0,0,0
BRDA:31,0,1,0
BRDA:40,1,0,0
BRDA:40,1,1,0
BRDA:40,2,0,0
BRDA:40,2,1,0
BRDA:44,3,0,0
BRDA:44,3,1,0
BRDA:48,4,0,0
BRDA:48,4,1,0
BRDA:67,5,0,0
BRDA:67,5,1,0
BRDA:72,6,0,0
BRDA:72,6,1,0
BRDA:76,7,0,0
BRDA:76,7,1,0
BRDA:82,8,0,0
BRDA:82,8,1,0
BRDA:85,9,0,0
BRDA:85,9,1,0
BRDA:85,9,2,0
BRDA:181,10,0,0
BRDA:183,11,0,0
BRDA:183,11,1,0
BRDA:183,12,0,0
BRDA:183,12,1,0
BRDA:183,12,2,0
BRDA:183,12,3,0
BRDA:183,12,4,0
BRDA:183,12,5,0
BRDA:191,13,0,0
BRDA:191,13,1,0
BRDA:199,14,0,0
BRDA:199,14,1,0
BRDA:203,15,0,0
BRDA:203,15,1,0
BRDA:205,16,0,0
BRDA:205,16,1,0
BRDA:206,17,0,0
BRDA:206,17,1,0
BRDA:207,18,0,0
BRDA:207,18,1,0
BRDA:210,19,0,0
BRDA:210,19,1,0
BRDA:211,20,0,0
BRDA:211,20,1,0
BRDA:212,21,0,0
BRDA:212,21,1,0
BRDA:215,22,0,0
BRDA:215,22,1,0
BRDA:216,23,0,0
BRDA:216,23,1,0
BRDA:217,24,0,0
BRDA:217,24,1,0
BRF:54
BRH:0
end_of_record
TN:
SF:app\api\marketplace\[id]\route.ts
FN:18,GET
FN:83,POST
FN:230,PUT
FNF:3
FNH:0
FNDA:0,GET
FNDA:0,POST
FNDA:0,PUT
DA:1,0
DA:9,0
DA:10,0
DA:11,0
DA:13,0
DA:18,0
DA:22,0
DA:23,0
DA:26,0
DA:27,0
DA:29,0
DA:30,0
DA:36,0
DA:37,0
DA:46,0
DA:47,0
DA:51,0
DA:58,0
DA:61,0
DA:62,0
DA:74,0
DA:83,0
DA:87,0
DA:88,0
DA:89,0
DA:90,0
DA:93,0
DA:95,0
DA:97,0
DA:98,0
DA:104,0
DA:105,0
DA:112,0
DA:113,0
DA:115,0
DA:116,0
DA:122,0
DA:124,0
DA:125,0
DA:132,0
DA:166,0
DA:173,0
DA:184,0
DA:185,0
DA:199,0
DA:205,0
DA:212,0
DA:215,0
DA:216,0
DA:222,0
DA:230,0
DA:234,0
DA:235,0
DA:236,0
DA:237,0
DA:240,0
DA:242,0
DA:244,0
DA:250,0
DA:251,0
LF:60
LH:0
BRDA:13,0,0,0
BRDA:13,0,1,0
BRDA:29,1,0,0
BRDA:29,1,1,0
BRDA:42,2,0,0
BRDA:42,2,1,0
BRDA:46,3,0,0
BRDA:46,3,1,0
BRDA:93,4,0,0
BRDA:93,4,1,0
BRDA:95,5,0,0
BRDA:95,5,1,0
BRDA:95,5,2,0
BRDA:95,5,3,0
BRDA:95,5,4,0
BRDA:115,6,0,0
BRDA:115,6,1,0
BRDA:124,7,0,0
BRDA:124,7,1,0
BRDA:184,8,0,0
BRDA:184,8,1,0
BRDA:215,9,0,0
BRDA:215,9,1,0
BRDA:223,10,0,0
BRDA:223,10,1,0
BRDA:240,11,0,0
BRDA:240,11,1,0
BRDA:252,12,0,0
BRDA:252,12,1,0
BRF:29
BRH:0
end_of_record
TN:
SF:app\api\messages\route.ts
FN:82,GET
FN:99,(anonymous_4)
FN:104,(anonymous_5)
FN:141,POST
FN:177,(anonymous_7)
FNF:5
FNH:0
FNDA:0,GET
FNDA:0,(anonymous_4)
FNDA:0,(anonymous_5)
FNDA:0,POST
FNDA:0,(anonymous_7)
DA:1,0
DA:4,0
DA:82,0
DA:83,0
DA:84,0
DA:85,0
DA:86,0
DA:87,0
DA:88,0
DA:89,0
DA:91,0
DA:92,0
DA:99,0
DA:100,0
DA:104,0
DA:105,0
DA:106,0
DA:108,0
DA:109,0
DA:111,0
DA:116,0
DA:117,0
DA:118,0
DA:120,0
DA:133,0
DA:134,0
DA:141,0
DA:142,0
DA:143,0
DA:144,0
DA:147,0
DA:148,0
DA:154,0
DA:155,0
DA:161,0
DA:162,0
DA:168,0
DA:169,0
DA:176,0
DA:177,0
DA:178,0
DA:179,0
DA:187,0
DA:203,0
DA:208,0
DA:216,0
DA:217,0
LF:47
LH:0
BRDA:86,0,0,0
BRDA:86,0,1,0
BRDA:87,1,0,0
BRDA:87,1,1,0
BRDA:88,2,0,0
BRDA:88,2,1,0
BRDA:89,3,0,0
BRDA:89,3,1,0
BRDA:91,4,0,0
BRDA:91,4,1,0
BRDA:100,5,0,0
BRDA:100,5,1,0
BRDA:108,6,0,0
BRDA:108,6,1,0
BRDA:109,7,0,0
BRDA:109,7,1,0
BRDA:109,8,0,0
BRDA:109,8,1,0
BRDA:111,9,0,0
BRDA:111,9,1,0
BRDA:111,10,0,0
BRDA:111,10,1,0
BRDA:147,11,0,0
BRDA:147,11,1,0
BRDA:154,12,0,0
BRDA:154,12,1,0
BRDA:161,13,0,0
BRDA:161,13,1,0
BRDA:161,14,0,0
BRDA:161,14,1,0
BRDA:161,14,2,0
BRDA:168,15,0,0
BRDA:168,15,1,0
BRDA:168,16,0,0
BRDA:168,16,1,0
BRDA:176,17,0,0
BRDA:176,17,1,0
BRDA:178,18,0,0
BRDA:178,18,1,0
BRDA:193,19,0,0
BRDA:193,19,1,0
BRDA:194,20,0,0
BRDA:194,20,1,0
BRDA:195,21,0,0
BRDA:195,21,1,0
BRDA:196,22,0,0
BRDA:196,22,1,0
BRF:47
BRH:0
end_of_record
TN:
SF:app\api\moderation\actions\route.ts
FN:31,GET
FN:44,(anonymous_4)
FN:48,(anonymous_5)
FN:52,(anonymous_6)
FN:56,(anonymous_7)
FN:77,POST
FNF:6
FNH:0
FNDA:0,GET
FNDA:0,(anonymous_4)
FNDA:0,(anonymous_5)
FNDA:0,(anonymous_6)
FNDA:0,(anonymous_7)
FNDA:0,POST
DA:1,0
DA:4,0
DA:31,0
DA:32,0
DA:33,0
DA:34,0
DA:35,0
DA:36,0
DA:37,0
DA:38,0
DA:41,0
DA:43,0
DA:44,0
DA:47,0
DA:48,0
DA:51,0
DA:52,0
DA:56,0
DA:59,0
DA:61,0
DA:69,0
DA:70,0
DA:77,0
DA:78,0
DA:79,0
DA:89,0
DA:92,0
DA:93,0
DA:100,0
DA:104,0
DA:105,0
DA:112,0
DA:116,0
DA:117,0
DA:124,0
DA:125,0
DA:132,0
DA:154,0
DA:160,0
DA:161,0
LF:40
LH:0
BRDA:37,0,0,0
BRDA:37,0,1,0
BRDA:38,1,0,0
BRDA:38,1,1,0
BRDA:43,2,0,0
BRDA:43,2,1,0
BRDA:47,3,0,0
BRDA:47,3,1,0
BRDA:51,4,0,0
BRDA:51,4,1,0
BRDA:88,5,0,0
BRDA:92,6,0,0
BRDA:92,6,1,0
BRDA:92,7,0,0
BRDA:92,7,1,0
BRDA:92,7,2,0
BRDA:92,7,3,0
BRDA:92,7,4,0
BRDA:104,8,0,0
BRDA:104,8,1,0
BRDA:116,9,0,0
BRDA:116,9,1,0
BRDA:124,10,0,0
BRDA:124,10,1,0
BRDA:124,11,0,0
BRDA:124,11,1,0
BRDA:124,11,2,0
BRF:27
BRH:0
end_of_record
TN:
SF:app\api\moments\route.ts
FN:24,GET
FN:58,(anonymous_5)
FN:69,(anonymous_6)
FN:129,POST
FN:210,DELETE
FNF:5
FNH:0
FNDA:0,GET
FNDA:0,(anonymous_5)
FNDA:0,(anonymous_6)
FNDA:0,POST
FNDA:0,DELETE
DA:1,0
DA:11,0
DA:20,0
DA:24,0
DA:25,0
DA:26,0
DA:27,0
DA:28,0
DA:29,0
DA:32,0
DA:35,0
DA:38,0
DA:39,0
DA:42,0
DA:43,0
DA:46,0
DA:47,0
DA:51,0
DA:52,0
DA:54,0
DA:55,0
DA:58,0
DA:59,0
DA:60,0
DA:69,0
DA:71,0
DA:79,0
DA:82,0
DA:83,0
DA:118,0
DA:129,0
DA:130,0
DA:131,0
DA:132,0
DA:136,0
DA:138,0
DA:140,0
DA:141,0
DA:147,0
DA:149,0
DA:156,0
DA:158,0
DA:159,0
DA:166,0
DA:177,0
DA:180,0
DA:181,0
DA:194,0
DA:201,0
DA:202,0
DA:210,0
DA:211,0
DA:213,0
DA:215,0
DA:220,0
DA:221,0
LF:56
LH:0
BRDA:29,0,0,0
BRDA:29,0,1,0
BRDA:42,1,0,0
BRDA:42,1,1,0
BRDA:46,2,0,0
BRDA:46,2,1,0
BRDA:136,3,0,0
BRDA:136,3,1,0
BRDA:138,4,0,0
BRDA:138,4,1,0
BRDA:140,5,0,0
BRDA:140,5,1,0
BRDA:147,6,0,0
BRDA:147,6,1,0
BRDA:158,7,0,0
BRDA:158,7,1,0
BRDA:158,8,0,0
BRDA:158,8,1,0
BRDA:168,9,0,0
BRDA:168,9,1,0
BRDA:171,10,0,0
BRDA:171,10,1,0
BRDA:172,11,0,0
BRDA:172,11,1,0
BRDA:173,12,0,0
BRDA:173,12,1,0
BRF:26
BRH:0
end_of_record
TN:
SF:app\api\moments\[id]\route.ts
FN:11,GET
FN:65,POST
FN:124,DELETE
FNF:3
FNH:0
FNDA:0,GET
FNDA:0,POST
FNDA:0,DELETE
DA:1,0
DA:7,0
DA:8,0
DA:11,0
DA:15,0
DA:16,0
DA:19,0
DA:20,0
DA:22,0
DA:23,0
DA:29,0
DA:32,0
DA:33,0
DA:35,0
DA:42,0
DA:49,0
DA:56,0
DA:57,0
DA:65,0
DA:69,0
DA:70,0
DA:71,0
DA:72,0
DA:75,0
DA:77,0
DA:79,0
DA:80,0
DA:87,0
DA:88,0
DA:90,0
DA:91,0
DA:97,0
DA:98,0
DA:102,0
DA:108,0
DA:115,0
DA:116,0
DA:124,0
DA:128,0
DA:129,0
DA:130,0
DA:131,0
DA:134,0
DA:135,0
DA:137,0
DA:138,0
DA:144,0
DA:145,0
DA:146,0
DA:153,0
DA:158,0
DA:164,0
DA:165,0
LF:53
LH:0
BRDA:22,0,0,0
BRDA:22,0,1,0
BRDA:35,1,0,0
BRDA:35,1,1,0
BRDA:35,2,0,0
BRDA:35,2,1,0
BRDA:75,3,0,0
BRDA:75,3,1,0
BRDA:77,4,0,0
BRDA:77,4,1,0
BRDA:77,4,2,0
BRDA:79,5,0,0
BRDA:79,5,1,0
BRDA:90,6,0,0
BRDA:90,6,1,0
BRDA:97,7,0,0
BRDA:97,7,1,0
BRDA:117,8,0,0
BRDA:117,8,1,0
BRDA:137,9,0,0
BRDA:137,9,1,0
BRDA:145,10,0,0
BRDA:145,10,1,0
BRF:23
BRH:0
end_of_record
TN:
SF:app\api\moments\cleanup\route.ts
FN:5,POST
FN:47,GET
FNF:2
FNH:0
FNDA:0,POST
FNDA:0,GET
DA:1,0
DA:2,0
DA:5,0
DA:6,0
DA:8,0
DA:9,0
DA:11,0
DA:12,0
DA:18,0
DA:21,0
DA:23,0
DA:25,0
DA:34,0
DA:35,0
DA:47,0
DA:48,0
LF:16
LH:0
BRDA:9,0,0,0
BRDA:9,0,1,0
BRDA:11,1,0,0
BRDA:11,1,1,0
BRF:4
BRH:0
end_of_record
TN:
SF:app\api\notifications\route.ts
FN:77,GET
FN:97,(anonymous_5)
FN:103,(anonymous_6)
FN:108,(anonymous_7)
FN:114,(anonymous_8)
FN:119,(anonymous_9)
FN:124,(anonymous_10)
FN:141,(anonymous_11)
FN:148,(anonymous_12)
FN:180,POST
FN:251,PATCH
FN:268,(anonymous_15)
FN:269,(anonymous_16)
FN:277,(anonymous_17)
FN:289,(anonymous_18)
FN:294,(anonymous_19)
FNF:16
FNH:0
FNDA:0,GET
FNDA:0,(anonymous_5)
FNDA:0,(anonymous_6)
FNDA:0,(anonymous_7)
FNDA:0,(anonymous_8)
FNDA:0,(anonymous_9)
FNDA:0,(anonymous_10)
FNDA:0,(anonymous_11)
FNDA:0,(anonymous_12)
FNDA:0,POST
FNDA:0,PATCH
FNDA:0,(anonymous_15)
FNDA:0,(anonymous_16)
FNDA:0,(anonymous_17)
FNDA:0,(anonymous_18)
FNDA:0,(anonymous_19)
DA:1,0
DA:4,0
DA:77,0
DA:78,0
DA:79,0
DA:80,0
DA:81,0
DA:82,0
DA:83,0
DA:84,0
DA:85,0
DA:86,0
DA:87,0
DA:89,0
DA:90,0
DA:97,0
DA:98,0
DA:102,0
DA:103,0
DA:107,0
DA:108,0
DA:112,0
DA:113,0
DA:114,0
DA:118,0
DA:119,0
DA:120,0
DA:124,0
DA:125,0
DA:126,0
DA:128,0
DA:129,0
DA:131,0
DA:136,0
DA:137,0
DA:138,0
DA:141,0
DA:142,0
DA:148,0
DA:149,0
DA:155,0
DA:172,0
DA:173,0
DA:180,0
DA:181,0
DA:182,0
DA:183,0
DA:186,0
DA:187,0
DA:193,0
DA:194,0
DA:200,0
DA:201,0
DA:207,0
DA:208,0
DA:215,0
DA:230,0
DA:235,0
DA:243,0
DA:244,0
DA:251,0
DA:252,0
DA:253,0
DA:254,0
DA:256,0
DA:257,0
DA:263,0
DA:266,0
DA:268,0
DA:269,0
DA:270,0
DA:271,0
DA:272,0
DA:277,0
DA:278,0
DA:279,0
DA:280,0
DA:284,0
DA:288,0
DA:289,0
DA:290,0
DA:294,0
DA:296,0
DA:299,0
DA:305,0
DA:312,0
DA:313,0
LF:87
LH:0
BRDA:84,0,0,0
BRDA:84,0,1,0
BRDA:85,1,0,0
BRDA:85,1,1,0
BRDA:86,2,0,0
BRDA:86,2,1,0
BRDA:87,3,0,0
BRDA:87,3,1,0
BRDA:89,4,0,0
BRDA:89,4,1,0
BRDA:102,5,0,0
BRDA:102,5,1,0
BRDA:107,6,0,0
BRDA:107,6,1,0
BRDA:112,7,0,0
BRDA:112,7,1,0
BRDA:120,8,0,0
BRDA:120,8,1,0
BRDA:128,9,0,0
BRDA:128,9,1,0
BRDA:129,10,0,0
BRDA:129,10,1,0
BRDA:129,11,0,0
BRDA:129,11,1,0
BRDA:131,12,0,0
BRDA:131,12,1,0
BRDA:131,13,0,0
BRDA:131,13,1,0
BRDA:142,14,0,0
BRDA:142,14,1,0
BRDA:142,14,2,0
BRDA:142,14,3,0
BRDA:149,15,0,0
BRDA:149,15,1,0
BRDA:149,15,2,0
BRDA:149,15,3,0
BRDA:149,15,4,0
BRDA:186,16,0,0
BRDA:186,16,1,0
BRDA:193,17,0,0
BRDA:193,17,1,0
BRDA:200,18,0,0
BRDA:200,18,1,0
BRDA:207,19,0,0
BRDA:207,19,1,0
BRDA:207,20,0,0
BRDA:207,20,1,0
BRDA:220,21,0,0
BRDA:220,21,1,0
BRDA:221,22,0,0
BRDA:221,22,1,0
BRDA:222,23,0,0
BRDA:222,23,1,0
BRDA:226,24,0,0
BRDA:226,24,1,0
BRDA:227,25,0,0
BRDA:227,25,1,0
BRDA:256,26,0,0
BRDA:256,26,1,0
BRDA:263,27,0,0
BRDA:263,27,1,0
BRDA:263,27,2,0
BRDA:266,28,0,0
BRDA:266,28,1,0
BRDA:266,29,0,0
BRDA:266,29,1,0
BRDA:269,30,0,0
BRDA:269,30,1,0
BRDA:270,31,0,0
BRDA:270,31,1,0
BRDA:278,32,0,0
BRDA:278,32,1,0
BRDA:278,33,0,0
BRDA:278,33,1,0
BRDA:288,34,0,0
BRDA:288,34,1,0
BRDA:288,35,0,0
BRDA:288,35,1,0
BRDA:290,36,0,0
BRDA:290,36,1,0
BRF:80
BRH:0
end_of_record
TN:
SF:app\api\pets\route.ts
FN:21,mapFirebasePetToLegacy
FN:61,GET
FN:99,(anonymous_5)
FN:116,(anonymous_6)
FN:211,POST
FNF:5
FNH:0
FNDA:0,mapFirebasePetToLegacy
FNDA:0,GET
FNDA:0,(anonymous_5)
FNDA:0,(anonymous_6)
FNDA:0,POST
DA:1,0
DA:8,0
DA:17,0
DA:22,0
DA:26,0
DA:61,0
DA:62,0
DA:63,0
DA:64,0
DA:65,0
DA:66,0
DA:67,0
DA:70,0
DA:73,0
DA:74,0
DA:77,0
DA:80,0
DA:81,0
DA:87,0
DA:88,0
DA:92,0
DA:93,0
DA:95,0
DA:96,0
DA:99,0
DA:100,0
DA:101,0
DA:111,0
DA:114,0
DA:115,0
DA:116,0
DA:117,0
DA:123,0
DA:136,0
DA:139,0
DA:200,0
DA:211,0
DA:212,0
DA:213,0
DA:216,0
DA:218,0
DA:219,0
DA:228,0
DA:231,0
DA:254,0
DA:257,0
DA:264,0
DA:271,0
DA:272,0
LF:49
LH:0
BRDA:22,0,0,0
BRDA:22,0,1,0
BRDA:29,1,0,0
BRDA:29,1,1,0
BRDA:29,2,0,0
BRDA:29,2,1,0
BRDA:30,3,0,0
BRDA:30,3,1,0
BRDA:31,4,0,0
BRDA:31,4,1,0
BRDA:32,5,0,0
BRDA:32,5,1,0
BRDA:33,6,0,0
BRDA:33,6,1,0
BRDA:35,7,0,0
BRDA:35,7,1,0
BRDA:36,8,0,0
BRDA:36,8,1,0
BRDA:37,9,0,0
BRDA:37,9,1,0
BRDA:38,10,0,0
BRDA:38,10,1,0
BRDA:39,11,0,0
BRDA:39,11,1,0
BRDA:40,12,0,0
BRDA:40,12,1,0
BRDA:49,13,0,0
BRDA:49,13,1,0
BRDA:54,14,0,0
BRDA:54,14,1,0
BRDA:67,15,0,0
BRDA:67,15,1,0
BRDA:73,16,0,0
BRDA:73,16,1,0
BRDA:80,17,0,0
BRDA:80,17,1,0
BRDA:80,18,0,0
BRDA:80,18,1,0
BRDA:87,19,0,0
BRDA:87,19,1,0
BRDA:104,20,0,0
BRDA:104,20,1,0
BRDA:114,21,0,0
BRDA:114,21,1,0
BRDA:117,22,0,0
BRDA:117,22,1,0
BRDA:117,22,2,0
BRDA:216,23,0,0
BRDA:218,24,0,0
BRDA:218,24,1,0
BRDA:218,25,0,0
BRDA:218,25,1,0
BRDA:228,26,0,0
BRDA:228,26,1,0
BRDA:234,27,0,0
BRDA:234,27,1,0
BRDA:235,28,0,0
BRDA:235,28,1,0
BRDA:236,29,0,0
BRDA:236,29,1,0
BRDA:237,30,0,0
BRDA:237,30,1,0
BRDA:238,31,0,0
BRDA:238,31,1,0
BRDA:241,32,0,0
BRDA:241,32,1,0
BRDA:243,33,0,0
BRDA:243,33,1,0
BRDA:244,34,0,0
BRDA:244,34,1,0
BRDA:245,35,0,0
BRDA:245,35,1,0
BRDA:246,36,0,0
BRDA:246,36,1,0
BRF:74
BRH:0
end_of_record
TN:
SF:app\api\pets\[id]\route.ts
FN:41,GET
FN:47,(anonymous_5)
FN:66,PUT
FN:73,(anonymous_7)
FN:107,DELETE
FN:113,(anonymous_9)
FNF:6
FNH:0
FNDA:0,GET
FNDA:0,(anonymous_5)
FNDA:0,PUT
FNDA:0,(anonymous_7)
FNDA:0,DELETE
FNDA:0,(anonymous_9)
DA:1,0
DA:4,0
DA:41,0
DA:45,0
DA:46,0
DA:47,0
DA:49,0
DA:50,0
DA:56,0
DA:58,0
DA:66,0
DA:70,0
DA:71,0
DA:72,0
DA:73,0
DA:75,0
DA:76,0
DA:83,0
DA:84,0
DA:91,0
DA:97,0
DA:99,0
DA:107,0
DA:111,0
DA:112,0
DA:113,0
DA:115,0
DA:116,0
DA:122,0
DA:123,0
DA:125,0
DA:129,0
LF:32
LH:0
BRDA:49,0,0,0
BRDA:49,0,1,0
BRDA:75,1,0,0
BRDA:75,1,1,0
BRDA:83,2,0,0
BRDA:83,2,1,0
BRDA:83,3,0,0
BRDA:83,3,1,0
BRDA:83,3,2,0
BRDA:115,4,0,0
BRDA:115,4,1,0
BRF:11
BRH:0
end_of_record
TN:
SF:app\api\reports\route.ts
FN:4,query
FN:82,GET
FN:162,(anonymous_5)
FN:166,(anonymous_6)
FN:170,(anonymous_7)
FN:174,(anonymous_8)
FN:178,(anonymous_9)
FN:201,(anonymous_10)
FN:202,(anonymous_11)
FN:203,(anonymous_12)
FN:204,(anonymous_13)
FN:231,POST
FNF:12
FNH:0
FNDA:0,query
FNDA:0,GET
FNDA:0,(anonymous_5)
FNDA:0,(anonymous_6)
FNDA:0,(anonymous_7)
FNDA:0,(anonymous_8)
FNDA:0,(anonymous_9)
FNDA:0,(anonymous_10)
FNDA:0,(anonymous_11)
FNDA:0,(anonymous_12)
FNDA:0,(anonymous_13)
FNDA:0,POST
DA:1,0
DA:6,0
DA:9,0
DA:75,0
DA:82,0
DA:83,0
DA:84,0
DA:85,0
DA:86,0
DA:87,0
DA:88,0
DA:89,0
DA:90,0
DA:91,0
DA:92,0
DA:95,0
DA:123,0
DA:124,0
DA:127,0
DA:128,0
DA:129,0
DA:130,0
DA:134,0
DA:135,0
DA:136,0
DA:137,0
DA:141,0
DA:142,0
DA:143,0
DA:144,0
DA:148,0
DA:149,0
DA:150,0
DA:151,0
DA:155,0
DA:156,0
DA:159,0
DA:161,0
DA:162,0
DA:165,0
DA:166,0
DA:169,0
DA:170,0
DA:173,0
DA:174,0
DA:178,0
DA:179,0
DA:180,0
DA:182,0
DA:183,0
DA:184,0
DA:187,0
DA:188,0
DA:190,0
DA:195,0
DA:196,0
DA:199,0
DA:201,0
DA:202,0
DA:203,0
DA:204,0
DA:207,0
DA:222,0
DA:223,0
DA:231,0
DA:232,0
DA:233,0
DA:236,0
DA:238,0
DA:239,0
DA:246,0
DA:255,0
DA:258,0
DA:280,0
DA:282,0
DA:289,0
DA:290,0
LF:77
LH:0
BRDA:89,0,0,0
BRDA:89,0,1,0
BRDA:90,1,0,0
BRDA:90,1,1,0
BRDA:91,2,0,0
BRDA:91,2,1,0
BRDA:92,3,0,0
BRDA:92,3,1,0
BRDA:127,4,0,0
BRDA:127,4,1,0
BRDA:134,5,0,0
BRDA:134,5,1,0
BRDA:141,6,0,0
BRDA:141,6,1,0
BRDA:148,7,0,0
BRDA:148,7,1,0
BRDA:161,8,0,0
BRDA:161,8,1,0
BRDA:165,9,0,0
BRDA:165,9,1,0
BRDA:169,10,0,0
BRDA:169,10,1,0
BRDA:173,11,0,0
BRDA:173,11,1,0
BRDA:182,12,0,0
BRDA:182,12,1,0
BRDA:182,13,0,0
BRDA:182,13,1,0
BRDA:182,13,2,0
BRDA:187,14,0,0
BRDA:187,14,1,0
BRDA:238,15,0,0
BRDA:238,15,1,0
BRDA:238,16,0,0
BRDA:238,16,1,0
BRDA:238,16,2,0
BRDA:238,16,3,0
BRDA:255,17,0,0
BRDA:255,17,1,0
BRDA:260,18,0,0
BRDA:260,18,1,0
BRDA:265,19,0,0
BRDA:265,19,1,0
BRDA:266,20,0,0
BRDA:266,20,1,0
BRF:45
BRH:0
end_of_record
TN:
SF:app\api\reports\[id]\route.ts
FN:47,GET
FN:54,(anonymous_5)
FN:73,PUT
FN:81,(anonymous_7)
FN:113,PATCH
FN:122,(anonymous_9)
FNF:6
FNH:0
FNDA:0,GET
FNDA:0,(anonymous_5)
FNDA:0,PUT
FNDA:0,(anonymous_7)
FNDA:0,PATCH
FNDA:0,(anonymous_9)
DA:1,0
DA:4,0
DA:47,0
DA:51,0
DA:52,0
DA:54,0
DA:56,0
DA:57,0
DA:63,0
DA:65,0
DA:66,0
DA:73,0
DA:77,0
DA:78,0
DA:79,0
DA:81,0
DA:83,0
DA:84,0
DA:91,0
DA:100,0
DA:105,0
DA:106,0
DA:113,0
DA:117,0
DA:118,0
DA:119,0
DA:120,0
DA:122,0
DA:124,0
DA:125,0
DA:131,0
DA:134,0
DA:136,0
DA:137,0
DA:142,0
DA:143,0
DA:144,0
DA:147,0
DA:148,0
DA:153,0
DA:154,0
DA:155,0
DA:156,0
DA:157,0
DA:160,0
DA:161,0
DA:162,0
DA:163,0
DA:166,0
DA:167,0
DA:168,0
DA:169,0
DA:172,0
DA:178,0
DA:183,0
DA:188,0
DA:189,0
LF:57
LH:0
BRDA:56,0,0,0
BRDA:56,0,1,0
BRDA:83,1,0,0
BRDA:83,1,1,0
BRDA:124,2,0,0
BRDA:124,2,1,0
BRDA:134,3,0,0
BRDA:134,3,1,0
BRDA:134,3,2,0
BRDA:134,3,3,0
BRDA:134,3,4,0
BRDA:136,4,0,0
BRDA:136,4,1,0
BRDA:147,5,0,0
BRDA:147,5,1,0
BRDA:161,6,0,0
BRDA:161,6,1,0
BRF:17
BRH:0
end_of_record
TN:
SF:app\api\snippets\route.ts
FN:5,query
FN:116,GET
FN:209,(anonymous_5)
FN:210,(anonymous_6)
FN:215,(anonymous_7)
FN:216,(anonymous_8)
FN:221,(anonymous_9)
FN:227,(anonymous_10)
FN:231,(anonymous_11)
FN:235,(anonymous_12)
FN:279,POST
FN:295,(anonymous_14)
FNF:12
FNH:0
FNDA:0,query
FNDA:0,GET
FNDA:0,(anonymous_5)
FNDA:0,(anonymous_6)
FNDA:0,(anonymous_7)
FNDA:0,(anonymous_8)
FNDA:0,(anonymous_9)
FNDA:0,(anonymous_10)
FNDA:0,(anonymous_11)
FNDA:0,(anonymous_12)
FNDA:0,POST
FNDA:0,(anonymous_14)
DA:1,0
DA:2,0
DA:7,0
DA:10,0
DA:109,0
DA:116,0
DA:117,0
DA:118,0
DA:121,0
DA:122,0
DA:123,0
DA:124,0
DA:125,0
DA:126,0
DA:127,0
DA:128,0
DA:129,0
DA:132,0
DA:167,0
DA:168,0
DA:171,0
DA:172,0
DA:173,0
DA:174,0
DA:178,0
DA:179,0
DA:180,0
DA:181,0
DA:185,0
DA:186,0
DA:187,0
DA:188,0
DA:192,0
DA:193,0
DA:197,0
DA:198,0
DA:202,0
DA:203,0
DA:206,0
DA:208,0
DA:209,0
DA:210,0
DA:214,0
DA:215,0
DA:216,0
DA:220,0
DA:221,0
DA:222,0
DA:226,0
DA:227,0
DA:230,0
DA:231,0
DA:235,0
DA:236,0
DA:237,0
DA:239,0
DA:240,0
DA:241,0
DA:244,0
DA:245,0
DA:247,0
DA:252,0
DA:253,0
DA:254,0
DA:256,0
DA:270,0
DA:271,0
DA:279,0
DA:280,0
DA:281,0
DA:284,0
DA:286,0
DA:287,0
DA:294,0
DA:295,0
DA:298,0
DA:331,0
DA:333,0
DA:342,0
DA:343,0
LF:80
LH:0
BRDA:126,0,0,0
BRDA:126,0,1,0
BRDA:127,1,0,0
BRDA:127,1,1,0
BRDA:128,2,0,0
BRDA:128,2,1,0
BRDA:129,3,0,0
BRDA:129,3,1,0
BRDA:171,4,0,0
BRDA:171,4,1,0
BRDA:178,5,0,0
BRDA:178,5,1,0
BRDA:185,6,0,0
BRDA:185,6,1,0
BRDA:192,7,0,0
BRDA:192,7,1,0
BRDA:197,8,0,0
BRDA:197,8,1,0
BRDA:208,9,0,0
BRDA:208,9,1,0
BRDA:214,10,0,0
BRDA:214,10,1,0
BRDA:220,11,0,0
BRDA:220,11,1,0
BRDA:226,12,0,0
BRDA:226,12,1,0
BRDA:230,13,0,0
BRDA:230,13,1,0
BRDA:239,14,0,0
BRDA:239,14,1,0
BRDA:239,15,0,0
BRDA:239,15,1,0
BRDA:244,16,0,0
BRDA:244,16,1,0
BRDA:286,17,0,0
BRDA:286,17,1,0
BRDA:286,18,0,0
BRDA:286,18,1,0
BRDA:286,18,2,0
BRDA:304,19,0,0
BRDA:304,19,1,0
BRDA:305,20,0,0
BRDA:305,20,1,0
BRDA:306,21,0,0
BRDA:306,21,1,0
BRDA:307,22,0,0
BRDA:307,22,1,0
BRDA:308,23,0,0
BRDA:308,23,1,0
BRDA:309,24,0,0
BRDA:309,24,1,0
BRDA:320,25,0,0
BRDA:320,25,1,0
BRDA:321,26,0,0
BRDA:321,26,1,0
BRF:55
BRH:0
end_of_record
TN:
SF:app\api\snippets\[id]\route.ts
FN:103,GET
FN:111,(anonymous_5)
FN:139,PUT
FN:148,(anonymous_7)
FN:163,(anonymous_8)
FN:198,DELETE
FN:206,(anonymous_10)
FNF:7
FNH:0
FNDA:0,GET
FNDA:0,(anonymous_5)
FNDA:0,PUT
FNDA:0,(anonymous_7)
FNDA:0,(anonymous_8)
FNDA:0,DELETE
FNDA:0,(anonymous_10)
DA:1,0
DA:4,0
DA:103,0
DA:107,0
DA:108,0
DA:111,0
DA:113,0
DA:114,0
DA:121,0
DA:123,0
DA:131,0
DA:132,0
DA:139,0
DA:143,0
DA:144,0
DA:145,0
DA:148,0
DA:150,0
DA:151,0
DA:157,0
DA:160,0
DA:161,0
DA:162,0
DA:163,0
DA:167,0
DA:179,0
DA:181,0
DA:190,0
DA:191,0
DA:198,0
DA:202,0
DA:203,0
DA:206,0
DA:208,0
DA:209,0
DA:216,0
DA:224,0
DA:233,0
DA:234,0
LF:39
LH:0
BRDA:113,0,0,0
BRDA:113,0,1,0
BRDA:150,1,0,0
BRDA:150,1,1,0
BRDA:161,2,0,0
BRDA:161,2,1,0
BRDA:169,3,0,0
BRDA:169,3,1,0
BRDA:170,4,0,0
BRDA:170,4,1,0
BRDA:171,5,0,0
BRDA:171,5,1,0
BRDA:172,6,0,0
BRDA:172,6,1,0
BRDA:174,7,0,0
BRDA:174,7,1,0
BRDA:208,8,0,0
BRDA:208,8,1,0
BRF:18
BRH:0
end_of_record
TN:
SF:app\calculadora\page.tsx
FN:13,CalculadoraPorciones
FN:24,(anonymous_6)
FN:93,(anonymous_7)
FN:289,(anonymous_8)
FNF:4
FNH:0
FNDA:0,CalculadoraPorciones
FNDA:0,(anonymous_6)
FNDA:0,(anonymous_7)
FNDA:0,(anonymous_8)
DA:2,0
DA:3,0
DA:4,0
DA:13,0
DA:14,0
DA:22,0
DA:24,0
DA:25,0
DA:27,0
DA:28,0
DA:30,0
DA:33,0
DA:34,0
DA:36,0
DA:38,0
DA:41,0
DA:42,0
DA:43,0
DA:44,0
DA:45,0
DA:46,0
DA:50,0
DA:53,0
DA:54,0
DA:55,0
DA:56,0
DA:57,0
DA:58,0
DA:63,0
DA:64,0
DA:65,0
DA:66,0
DA:67,0
DA:68,0
DA:72,0
DA:73,0
DA:74,0
DA:75,0
DA:76,0
DA:77,0
DA:81,0
DA:82,0
DA:83,0
DA:85,0
DA:93,0
DA:94,0
DA:290,0
LF:47
LH:0
BRDA:30,0,0,0
BRDA:30,0,1,0
BRDA:30,1,0,0
BRDA:30,1,1,0
BRDA:36,2,0,0
BRDA:36,2,1,0
BRDA:41,3,0,0
BRDA:41,3,1,0
BRDA:44,4,0,0
BRDA:44,4,1,0
BRDA:53,5,0,0
BRDA:53,5,1,0
BRDA:56,6,0,0
BRDA:56,6,1,0
BRDA:63,7,0,0
BRDA:63,7,1,0
BRDA:66,8,0,0
BRDA:66,8,1,0
BRDA:72,9,0,0
BRDA:72,9,1,0
BRDA:75,10,0,0
BRDA:75,10,1,0
BRDA:252,11,0,0
BRF:23
BRH:0
end_of_record
TN:
SF:app\catalogo\page.tsx
FN:21,(anonymous_2)
FN:26,(anonymous_3)
FN:27,(anonymous_4)
FN:105,(anonymous_5)
FN:121,(anonymous_6)
FN:124,(anonymous_7)
FN:138,(anonymous_8)
FN:157,CatalogoPage
FNF:8
FNH:0
FNDA:0,(anonymous_2)
FNDA:0,(anonymous_3)
FNDA:0,(anonymous_4)
FNDA:0,(anonymous_5)
FNDA:0,(anonymous_6)
FNDA:0,(anonymous_7)
FNDA:0,(anonymous_8)
FNDA:0,CatalogoPage
DA:2,0
DA:4,0
DA:5,0
DA:6,0
DA:21,0
DA:22,0
DA:23,0
DA:24,0
DA:26,0
DA:27,0
DA:28,0
DA:30,0
DA:92,0
DA:94,0
DA:96,0
DA:100,0
DA:103,0
DA:105,0
DA:107,0
DA:122,0
DA:124,0
DA:139,0
DA:157,0
DA:158,0
LF:24
LH:0
BRDA:103,0,0,0
BRDA:103,0,1,0
BRDA:125,1,0,0
BRDA:125,1,1,0
BRDA:133,2,0,0
BRDA:133,2,1,0
BRDA:135,3,0,0
BRDA:135,3,1,0
BRDA:140,4,0,0
BRDA:140,4,1,0
BRDA:143,5,0,0
BRF:11
BRH:0
end_of_record
TN:
SF:app\catalogo-gatos\page.tsx
FN:60,(anonymous_2)
FN:87,(anonymous_3)
FN:99,(anonymous_4)
FN:129,CatalogoGatos
FN:156,(anonymous_6)
FNF:5
FNH:0
FNDA:0,(anonymous_2)
FNDA:0,(anonymous_3)
FNDA:0,(anonymous_4)
FNDA:0,CatalogoGatos
FNDA:0,(anonymous_6)
DA:2,0
DA:3,0
DA:4,0
DA:17,0
DA:60,0
DA:88,0
DA:100,0
DA:129,0
DA:157,0
LF:9
LH:0
BRF:0
BRH:0
end_of_record
TN:
SF:app\catalogo-perros\page.tsx
FN:80,(anonymous_2)
FN:107,(anonymous_3)
FN:119,(anonymous_4)
FN:149,CatalogoPerros
FN:178,(anonymous_6)
FNF:5
FNH:0
FNDA:0,(anonymous_2)
FNDA:0,(anonymous_3)
FNDA:0,(anonymous_4)
FNDA:0,CatalogoPerros
FNDA:0,(anonymous_6)
DA:2,0
DA:3,0
DA:4,0
DA:17,0
DA:80,0
DA:108,0
DA:120,0
DA:149,0
DA:179,0
LF:9
LH:0
BRF:0
BRH:0
end_of_record
TN:
SF:app\checkout\CheckoutForm.tsx
FN:7,CheckoutForm
FNF:1
FNH:0
FNDA:0,CheckoutForm
DA:3,0
DA:4,0
DA:5,0
DA:7,0
LF:4
LH:0
BRF:0
BRH:0
end_of_record
TN:
SF:app\checkout\page.tsx
FN:10,(anonymous_5)
FN:10,(anonymous_6)
FN:23,(anonymous_9)
FN:35,(anonymous_10)
FN:39,(anonymous_11)
FN:59,(anonymous_12)
FN:93,CheckoutPage
FNF:7
FNH:0
FNDA:0,(anonymous_5)
FNDA:0,(anonymous_6)
FNDA:0,(anonymous_9)
FNDA:0,(anonymous_10)
FNDA:0,(anonymous_11)
FNDA:0,(anonymous_12)
FNDA:0,CheckoutPage
DA:2,0
DA:3,0
DA:4,0
DA:5,0
DA:6,0
DA:7,0
DA:10,0
DA:23,0
DA:24,0
DA:25,0
DA:35,0
DA:36,0
DA:37,0
DA:39,0
DA:40,0
DA:42,0
DA:60,0
DA:93,0
DA:94,0
LF:19
LH:0
BRF:0
BRH:0
end_of_record
TN:
SF:app\circles\page.tsx
FN:40,CirclesPage
FN:59,(anonymous_6)
FN:70,(anonymous_7)
FN:81,(anonymous_8)
FN:90,(anonymous_9)
FN:96,(anonymous_10)
FN:142,(anonymous_11)
FN:155,(anonymous_12)
FN:180,(anonymous_13)
FN:188,(anonymous_14)
FN:213,(anonymous_15)
FN:216,(anonymous_16)
FN:232,(anonymous_17)
FN:235,(anonymous_18)
FN:251,(anonymous_19)
FN:254,(anonymous_20)
FN:273,(anonymous_21)
FN:294,(anonymous_22)
FN:351,(anonymous_23)
FN:355,(anonymous_24)
FN:362,(anonymous_25)
FN:367,(anonymous_26)
FNF:22
FNH:0
FNDA:0,CirclesPage
FNDA:0,(anonymous_6)
FNDA:0,(anonymous_7)
FNDA:0,(anonymous_8)
FNDA:0,(anonymous_9)
FNDA:0,(anonymous_10)
FNDA:0,(anonymous_11)
FNDA:0,(anonymous_12)
FNDA:0,(anonymous_13)
FNDA:0,(anonymous_14)
FNDA:0,(anonymous_15)
FNDA:0,(anonymous_16)
FNDA:0,(anonymous_17)
FNDA:0,(anonymous_18)
FNDA:0,(anonymous_19)
FNDA:0,(anonymous_20)
FNDA:0,(anonymous_21)
FNDA:0,(anonymous_22)
FNDA:0,(anonymous_23)
FNDA:0,(anonymous_24)
FNDA:0,(anonymous_25)
FNDA:0,(anonymous_26)
DA:3,0
DA:4,0
DA:5,0
DA:6,0
DA:7,0
DA:9,0
DA:22,0
DA:33,0
DA:40,0
DA:41,0
DA:42,0
DA:43,0
DA:44,0
DA:45,0
DA:46,0
DA:47,0
DA:50,0
DA:56,0
DA:57,0
DA:59,0
DA:60,0
DA:61,0
DA:62,0
DA:63,0
DA:66,0
DA:70,0
DA:71,0
DA:72,0
DA:73,0
DA:74,0
DA:77,0
DA:81,0
DA:82,0
DA:83,0
DA:84,0
DA:85,0
DA:86,0
DA:90,0
DA:91,0
DA:92,0
DA:93,0
DA:96,0
DA:100,0
DA:142,0
DA:155,0
DA:180,0
DA:188,0
DA:213,0
DA:217,0
DA:232,0
DA:236,0
DA:251,0
DA:255,0
DA:273,0
DA:295,0
DA:351,0
DA:355,0
DA:363,0
DA:367,0
LF:59
LH:0
BRDA:51,0,0,0
BRDA:51,0,1,0
BRDA:52,1,0,0
BRDA:52,1,1,0
BRDA:62,2,0,0
BRDA:62,2,1,0
BRDA:73,3,0,0
BRDA:73,3,1,0
BRDA:90,4,0,0
BRDA:90,4,1,0
BRDA:91,5,0,0
BRDA:91,5,1,0
BRDA:94,6,0,0
BRDA:94,6,1,0
BRDA:94,6,2,0
BRDA:100,7,0,0
BRDA:100,7,1,0
BRDA:144,8,0,0
BRDA:144,8,1,0
BRDA:157,9,0,0
BRDA:157,9,1,0
BRDA:178,10,0,0
BRDA:178,10,1,0
BRDA:203,11,0,0
BRDA:225,12,0,0
BRDA:280,13,0,0
BRDA:293,14,0,0
BRDA:292,15,0,0
BRDA:292,15,1,0
BRDA:306,16,0,0
BRDA:309,17,0,0
BRDA:309,17,1,0
BRDA:315,18,0,0
BRDA:315,18,1,0
BRDA:316,19,0,0
BRDA:316,19,1,0
BRDA:318,20,0,0
BRDA:318,20,1,0
BRDA:318,21,0,0
BRDA:318,21,1,0
BRDA:318,21,2,0
BRDA:318,21,3,0
BRDA:318,21,4,0
BRDA:323,22,0,0
BRDA:323,22,1,0
BRDA:323,22,2,0
BRDA:323,22,3,0
BRDA:339,23,0,0
BRDA:339,23,1,0
BRDA:340,24,0,0
BRDA:340,24,1,0
BRDA:340,25,0,0
BRDA:340,25,1,0
BRDA:342,26,0,0
BRDA:344,27,0,0
BRDA:344,27,1,0
BRDA:366,28,0,0
BRDA:366,28,1,0
BRF:58
BRH:0
end_of_record
TN:
SF:app\circles\[id]\page.tsx
FN:12,CircleDetailPage
FN:48,(anonymous_6)
FN:49,(anonymous_7)
FN:70,(anonymous_8)
FN:87,(anonymous_9)
FN:103,(anonymous_10)
FN:104,(anonymous_11)
FN:108,(anonymous_12)
FN:245,(anonymous_13)
FN:260,(anonymous_14)
FN:273,(anonymous_15)
FN:331,(anonymous_16)
FN:403,(anonymous_17)
FN:455,(anonymous_18)
FN:484,(anonymous_19)
FN:497,(anonymous_20)
FNF:16
FNH:0
FNDA:0,CircleDetailPage
FNDA:0,(anonymous_6)
FNDA:0,(anonymous_7)
FNDA:0,(anonymous_8)
FNDA:0,(anonymous_9)
FNDA:0,(anonymous_10)
FNDA:0,(anonymous_11)
FNDA:0,(anonymous_12)
FNDA:0,(anonymous_13)
FNDA:0,(anonymous_14)
FNDA:0,(anonymous_15)
FNDA:0,(anonymous_16)
FNDA:0,(anonymous_17)
FNDA:0,(anonymous_18)
FNDA:0,(anonymous_19)
FNDA:0,(anonymous_20)
DA:2,0
DA:3,0
DA:4,0
DA:8,0
DA:9,0
DA:10,0
DA:12,0
DA:13,0
DA:14,0
DA:15,0
DA:16,0
DA:18,0
DA:19,0
DA:20,0
DA:21,0
DA:23,0
DA:26,0
DA:48,0
DA:49,0
DA:50,0
DA:51,0
DA:52,0
DA:53,0
DA:55,0
DA:56,0
DA:58,0
DA:61,0
DA:63,0
DA:67,0
DA:70,0
DA:71,0
DA:72,0
DA:78,0
DA:80,0
DA:83,0
DA:87,0
DA:88,0
DA:89,0
DA:95,0
DA:96,0
DA:99,0
DA:103,0
DA:104,0
DA:105,0
DA:108,0
DA:109,0
DA:111,0
DA:119,0
DA:245,0
DA:260,0
DA:273,0
DA:332,0
DA:404,0
DA:456,0
DA:485,0
DA:498,0
LF:56
LH:0
BRDA:55,0,0,0
BRDA:55,0,1,0
BRDA:78,1,0,0
BRDA:78,1,1,0
BRDA:95,2,0,0
BRDA:95,2,1,0
BRDA:105,3,0,0
BRDA:105,3,1,0
BRDA:108,4,0,0
BRDA:108,4,1,0
BRDA:109,5,0,0
BRDA:109,5,1,0
BRDA:111,6,0,0
BRDA:111,6,1,0
BRDA:119,7,0,0
BRDA:119,7,1,0
BRDA:119,8,0,0
BRDA:119,8,1,0
BRDA:153,9,0,0
BRDA:164,10,0,0
BRDA:164,10,1,0
BRDA:172,11,0,0
BRDA:173,12,0,0
BRDA:173,12,1,0
BRDA:179,13,0,0
BRDA:194,14,0,0
BRDA:214,15,0,0
BRDA:216,16,0,0
BRDA:216,16,1,0
BRDA:217,17,0,0
BRDA:217,17,1,0
BRDA:220,18,0,0
BRDA:220,18,1,0
BRDA:220,19,0,0
BRDA:220,19,1,0
BRDA:225,20,0,0
BRDA:225,20,1,0
BRDA:247,21,0,0
BRDA:247,21,1,0
BRDA:253,22,0,0
BRDA:262,23,0,0
BRDA:262,23,1,0
BRDA:275,24,0,0
BRDA:275,24,1,0
BRDA:290,25,0,0
BRDA:293,26,0,0
BRDA:314,27,0,0
BRDA:314,27,1,0
BRDA:347,28,0,0
BRDA:356,29,0,0
BRDA:356,29,1,0
BRDA:373,30,0,0
BRDA:390,31,0,0
BRDA:403,32,0,0
BRDA:403,32,1,0
BRDA:421,33,0,0
BRDA:421,33,1,0
BRDA:422,34,0,0
BRDA:422,34,1,0
BRDA:426,35,0,0
BRDA:431,36,0,0
BRDA:443,37,0,0
BRDA:443,37,1,0
BRDA:443,37,2,0
BRDA:452,38,0,0
BRDA:473,39,0,0
BRDA:480,40,0,0
BRDA:493,41,0,0
BRDA:493,41,1,0
BRDA:522,42,0,0
BRDA:522,42,1,0
BRDA:526,43,0,0
BRDA:526,43,1,0
BRF:73
BRH:0
end_of_record
TN:
SF:app\circles\create\page.tsx
FN:27,CreateCirclePage
FN:50,(anonymous_6)
FN:102,(anonymous_7)
FN:104,(anonymous_8)
FN:112,(anonymous_9)
FN:113,(anonymous_10)
FN:115,(anonymous_11)
FN:180,(anonymous_12)
FN:180,(anonymous_13)
FN:193,(anonymous_14)
FN:193,(anonymous_15)
FN:207,(anonymous_16)
FN:207,(anonymous_17)
FN:210,(anonymous_18)
FN:224,(anonymous_19)
FN:224,(anonymous_20)
FN:228,(anonymous_21)
FN:250,(anonymous_22)
FN:250,(anonymous_23)
FN:272,(anonymous_24)
FN:272,(anonymous_25)
FN:294,(anonymous_26)
FN:294,(anonymous_27)
FN:319,(anonymous_28)
FN:320,(anonymous_29)
FN:344,(anonymous_30)
FN:352,(anonymous_31)
FN:371,(anonymous_32)
FN:371,(anonymous_33)
FN:446,(anonymous_34)
FNF:30
FNH:0
FNDA:0,CreateCirclePage
FNDA:0,(anonymous_6)
FNDA:0,(anonymous_7)
FNDA:0,(anonymous_8)
FNDA:0,(anonymous_9)
FNDA:0,(anonymous_10)
FNDA:0,(anonymous_11)
FNDA:0,(anonymous_12)
FNDA:0,(anonymous_13)
FNDA:0,(anonymous_14)
FNDA:0,(anonymous_15)
FNDA:0,(anonymous_16)
FNDA:0,(anonymous_17)
FNDA:0,(anonymous_18)
FNDA:0,(anonymous_19)
FNDA:0,(anonymous_20)
FNDA:0,(anonymous_21)
FNDA:0,(anonymous_22)
FNDA:0,(anonymous_23)
FNDA:0,(anonymous_24)
FNDA:0,(anonymous_25)
FNDA:0,(anonymous_26)
FNDA:0,(anonymous_27)
FNDA:0,(anonymous_28)
FNDA:0,(anonymous_29)
FNDA:0,(anonymous_30)
FNDA:0,(anonymous_31)
FNDA:0,(anonymous_32)
FNDA:0,(anonymous_33)
FNDA:0,(anonymous_34)
DA:2,0
DA:3,0
DA:4,0
DA:5,0
DA:6,0
DA:7,0
DA:9,0
DA:22,0
DA:27,0
DA:28,0
DA:29,0
DA:30,0
DA:32,0
DA:46,0
DA:47,0
DA:48,0
DA:50,0
DA:51,0
DA:53,0
DA:54,0
DA:55,0
DA:58,0
DA:59,0
DA:60,0
DA:63,0
DA:64,0
DA:66,0
DA:67,0
DA:88,0
DA:90,0
DA:91,0
DA:93,0
DA:96,0
DA:98,0
DA:102,0
DA:103,0
DA:104,0
DA:108,0
DA:112,0
DA:113,0
DA:115,0
DA:119,0
DA:180,0
DA:193,0
DA:207,0
DA:211,0
DA:224,0
DA:229,0
DA:250,0
DA:272,0
DA:294,0
DA:319,0
DA:320,0
DA:345,0
DA:352,0
DA:371,0
DA:446,0
LF:57
LH:0
BRDA:53,0,0,0
BRDA:53,0,1,0
BRDA:58,1,0,0
BRDA:58,1,1,0
BRDA:58,2,0,0
BRDA:58,2,1,0
BRDA:74,3,0,0
BRDA:74,3,1,0
BRDA:79,4,0,0
BRDA:79,4,1,0
BRDA:90,5,0,0
BRDA:90,5,1,0
BRDA:96,6,0,0
BRDA:96,6,1,0
BRDA:103,7,0,0
BRDA:103,7,1,0
BRDA:103,8,0,0
BRDA:103,8,1,0
BRDA:119,9,0,0
BRDA:119,9,1,0
BRDA:287,10,0,0
BRDA:320,11,0,0
BRDA:320,11,1,0
BRDA:338,12,0,0
BRDA:382,13,0,0
BRDA:398,14,0,0
BRDA:398,14,1,0
BRDA:398,14,2,0
BRDA:401,15,0,0
BRDA:401,15,1,0
BRDA:413,16,0,0
BRDA:422,17,0,0
BRDA:437,18,0,0
BRDA:437,18,1,0
BRDA:443,19,0,0
BRDA:443,19,1,0
BRDA:446,20,0,0
BRDA:446,20,1,0
BRDA:452,21,0,0
BRDA:452,21,1,0
BRDA:455,22,0,0
BRDA:464,23,0,0
BRDA:464,23,1,0
BRF:43
BRH:0
end_of_record
TN:
SF:app\components\AdCard.tsx
FN:29,(anonymous_2)
FN:30,(anonymous_3)
FN:38,(anonymous_4)
FN:51,(anonymous_5)
FN:132,(anonymous_6)
FN:140,(anonymous_7)
FN:148,(anonymous_8)
FNF:7
FNH:0
FNDA:0,(anonymous_2)
FNDA:0,(anonymous_3)
FNDA:0,(anonymous_4)
FNDA:0,(anonymous_5)
FNDA:0,(anonymous_6)
FNDA:0,(anonymous_7)
FNDA:0,(anonymous_8)
DA:2,0
DA:3,0
DA:4,0
DA:29,0
DA:30,0
DA:31,0
DA:38,0
DA:39,0
DA:41,0
DA:43,0
DA:45,0
DA:47,0
DA:51,0
DA:52,0
DA:54,0
DA:56,0
DA:58,0
DA:60,0
DA:132,0
DA:140,0
DA:148,0
DA:160,0
LF:22
LH:0
BRDA:39,0,0,0
BRDA:39,0,1,0
BRDA:39,0,2,0
BRDA:39,0,3,0
BRDA:52,1,0,0
BRDA:52,1,1,0
BRDA:52,1,2,0
BRDA:52,1,3,0
BRDA:69,2,0,0
BRDA:69,2,1,0
BRDA:130,3,0,0
BRDA:138,4,0,0
BRDA:138,4,1,0
BRDA:146,5,0,0
BRF:14
BRH:0
end_of_record
TN:
SF:app\components\AnalyticsCard.tsx
FN:15,(anonymous_2)
FN:24,(anonymous_3)
FN:43,(anonymous_4)
FN:54,(anonymous_5)
FN:65,(anonymous_6)
FNF:5
FNH:0
FNDA:0,(anonymous_2)
FNDA:0,(anonymous_3)
FNDA:0,(anonymous_4)
FNDA:0,(anonymous_5)
FNDA:0,(anonymous_6)
DA:2,0
DA:3,0
DA:15,0
DA:24,0
DA:25,0
DA:27,0
DA:29,0
DA:31,0
DA:34,0
DA:35,0
DA:36,0
DA:37,0
DA:39,0
DA:43,0
DA:44,0
DA:46,0
DA:48,0
DA:50,0
DA:54,0
DA:55,0
DA:61,0
DA:65,0
DA:66,0
DA:69,0
DA:124,0
LF:25
LH:0
BRDA:19,0,0,0
BRDA:21,1,0,0
BRDA:25,2,0,0
BRDA:25,2,1,0
BRDA:27,3,0,0
BRDA:27,3,1,0
BRDA:27,3,2,0
BRDA:27,3,3,0
BRDA:34,4,0,0
BRDA:34,4,1,0
BRDA:36,5,0,0
BRDA:36,5,1,0
BRDA:44,6,0,0
BRDA:44,6,1,0
BRDA:44,6,2,0
BRDA:55,7,0,0
BRDA:66,8,0,0
BRDA:66,8,1,0
BRDA:71,9,0,0
BRDA:71,9,1,0
BRDA:72,10,0,0
BRDA:72,10,1,0
BRDA:73,11,0,0
BRDA:73,11,1,0
BRDA:74,12,0,0
BRDA:74,12,1,0
BRDA:89,13,0,0
BRDA:95,14,0,0
BRDA:99,15,0,0
BRDA:99,15,1,0
BRDA:113,16,0,0
BRDA:115,17,0,0
BRDA:115,17,1,0
BRDA:116,18,0,0
BRDA:116,18,1,0
BRDA:117,19,0,0
BRDA:117,19,1,0
BRF:37
BRH:0
end_of_record
TN:
SF:app\components\CheckoutForm.tsx
FN:10,CheckoutForm
FN:17,(anonymous_5)
FNF:2
FNH:0
FNDA:0,CheckoutForm
FNDA:0,(anonymous_5)
DA:2,0
DA:7,0
DA:8,0
DA:10,0
DA:11,0
DA:12,0
DA:14,0
DA:15,0
DA:17,0
DA:18,0
DA:20,0
DA:22,0
DA:25,0
DA:27,0
DA:37,0
DA:38,0
DA:40,0
DA:43,0
LF:18
LH:0
BRDA:20,0,0,0
BRDA:20,0,1,0
BRDA:20,1,0,0
BRDA:20,1,1,0
BRDA:37,2,0,0
BRDA:37,2,1,0
BRDA:37,3,0,0
BRDA:37,3,1,0
BRDA:38,4,0,0
BRDA:38,4,1,0
BRDA:49,5,0,0
BRDA:49,5,1,0
BRDA:49,5,2,0
BRDA:51,6,0,0
BRDA:51,6,1,0
BRDA:55,7,0,0
BRF:16
BRH:0
end_of_record
TN:
SF:app\components\CircleCard.tsx
FN:24,(anonymous_2)
FN:25,(anonymous_3)
FN:34,(anonymous_4)
FN:48,(anonymous_5)
FN:121,(anonymous_6)
FN:131,(anonymous_7)
FNF:6
FNH:0
FNDA:0,(anonymous_2)
FNDA:0,(anonymous_3)
FNDA:0,(anonymous_4)
FNDA:0,(anonymous_5)
FNDA:0,(anonymous_6)
FNDA:0,(anonymous_7)
DA:2,0
DA:3,0
DA:24,0
DA:25,0
DA:26,0
DA:27,0
DA:34,0
DA:35,0
DA:45,0
DA:48,0
DA:49,0
DA:50,0
DA:51,0
DA:52,0
DA:53,0
DA:55,0
DA:121,0
DA:131,0
DA:144,0
LF:19
LH:0
BRDA:45,0,0,0
BRDA:45,0,1,0
BRDA:49,1,0,0
BRDA:49,1,1,0
BRDA:51,2,0,0
BRDA:51,2,1,0
BRDA:52,3,0,0
BRDA:52,3,1,0
BRDA:73,4,0,0
BRDA:78,5,0,0
BRDA:78,5,1,0
BRDA:104,6,0,0
BRDA:104,6,1,0
BRDA:119,7,0,0
BRDA:129,8,0,0
BRDA:129,8,1,0
BRF:16
BRH:0
end_of_record
TN:
SF:app\components\ConversationCard.tsx
FN:29,(anonymous_2)
FN:34,(anonymous_3)
FN:45,(anonymous_4)
FN:50,(anonymous_5)
FN:63,(anonymous_6)
FNF:5
FNH:0
FNDA:0,(anonymous_2)
FNDA:0,(anonymous_3)
FNDA:0,(anonymous_4)
FNDA:0,(anonymous_5)
FNDA:0,(anonymous_6)
DA:2,0
DA:3,0
DA:29,0
DA:34,0
DA:35,0
DA:36,0
DA:37,0
DA:39,0
DA:40,0
DA:41,0
DA:42,0
DA:45,0
DA:46,0
DA:47,0
DA:50,0
DA:52,0
DA:53,0
DA:63,0
DA:129,0
LF:19
LH:0
BRDA:31,0,0,0
BRDA:39,1,0,0
BRDA:39,1,1,0
BRDA:40,2,0,0
BRDA:40,2,1,0
BRDA:41,3,0,0
BRDA:41,3,1,0
BRDA:45,4,0,0
BRDA:46,5,0,0
BRDA:46,5,1,0
BRDA:59,6,0,0
BRDA:59,6,1,0
BRDA:80,7,0,0
BRDA:85,8,0,0
BRDA:87,9,0,0
BRDA:87,9,1,0
BRDA:95,10,0,0
BRDA:98,11,0,0
BRDA:98,11,1,0
BRDA:100,12,0,0
BRDA:100,12,1,0
BRF:21
BRH:0
end_of_record
TN:
SF:app\components\Footer.tsx
FN:5,Footer
FNF:1
FNH:0
FNDA:0,Footer
DA:3,0
DA:5,0
LF:2
LH:0
BRF:0
BRH:0
end_of_record
TN:
SF:app\components\Header.tsx
FN:5,Header
FNF:1
FNH:0
FNDA:0,Header
DA:1,0
DA:2,0
DA:3,0
DA:5,0
LF:4
LH:0
BRF:0
BRH:0
end_of_record
TN:
SF:app\components\MessageBubble.tsx
FN:21,(anonymous_2)
FN:26,(anonymous_3)
FN:34,(anonymous_4)
FN:42,(anonymous_5)
FNF:4
FNH:0
FNDA:0,(anonymous_2)
FNDA:0,(anonymous_3)
FNDA:0,(anonymous_4)
FNDA:0,(anonymous_5)
DA:2,0
DA:3,0
DA:4,0
DA:21,0
DA:26,0
DA:27,0
DA:28,0
DA:34,0
DA:36,0
DA:37,0
DA:38,0
DA:39,0
DA:42,0
DA:43,0
DA:44,0
DA:52,0
DA:113,0
LF:17
LH:0
BRDA:24,0,0,0
BRDA:37,1,0,0
BRDA:37,1,1,0
BRDA:38,2,0,0
BRDA:38,2,1,0
BRDA:44,3,0,0
BRDA:57,4,0,0
BRDA:57,4,1,0
BRDA:58,5,0,0
BRDA:58,5,1,0
BRDA:61,6,0,0
BRDA:61,6,1,0
BRDA:69,7,0,0
BRDA:71,8,0,0
BRDA:94,9,0,0
BRDA:96,10,0,0
BRDA:96,10,1,0
BRDA:101,11,0,0
BRF:18
BRH:0
end_of_record
TN:
SF:app\components\MomentsCarousel.tsx
FN:13,(anonymous_5)
FN:27,(anonymous_6)
FN:38,(anonymous_7)
FN:51,(anonymous_8)
FN:60,(anonymous_9)
FN:61,(anonymous_10)
FN:72,(anonymous_11)
FN:79,(anonymous_12)
FN:90,(anonymous_13)
FN:105,(anonymous_14)
FN:118,(anonymous_15)
FN:148,(anonymous_16)
FN:151,(anonymous_17)
FNF:13
FNH:0
FNDA:0,(anonymous_5)
FNDA:0,(anonymous_6)
FNDA:0,(anonymous_7)
FNDA:0,(anonymous_8)
FNDA:0,(anonymous_9)
FNDA:0,(anonymous_10)
FNDA:0,(anonymous_11)
FNDA:0,(anonymous_12)
FNDA:0,(anonymous_13)
FNDA:0,(anonymous_14)
FNDA:0,(anonymous_15)
FNDA:0,(anonymous_16)
FNDA:0,(anonymous_17)
DA:2,0
DA:3,0
DA:4,0
DA:5,0
DA:6,0
DA:13,0
DA:14,0
DA:15,0
DA:20,0
DA:21,0
DA:22,0
DA:23,0
DA:24,0
DA:25,0
DA:27,0
DA:28,0
DA:29,0
DA:33,0
DA:34,0
DA:38,0
DA:39,0
DA:40,0
DA:41,0
DA:42,0
DA:45,0
DA:46,0
DA:51,0
DA:52,0
DA:53,0
DA:56,0
DA:60,0
DA:61,0
DA:62,0
DA:63,0
DA:64,0
DA:65,0
DA:67,0
DA:72,0
DA:73,0
DA:74,0
DA:75,0
DA:79,0
DA:80,0
DA:81,0
DA:82,0
DA:85,0
DA:86,0
DA:90,0
DA:91,0
DA:92,0
DA:93,0
DA:94,0
DA:95,0
DA:98,0
DA:99,0
DA:101,0
DA:105,0
DA:106,0
DA:107,0
DA:108,0
DA:109,0
DA:110,0
DA:114,0
DA:119,0
DA:149,0
DA:151,0
DA:342,0
LF:67
LH:0
BRDA:28,0,0,0
BRDA:28,0,1,0
BRDA:33,1,0,0
BRDA:33,1,1,0
BRDA:33,2,0,0
BRDA:33,2,1,0
BRDA:39,3,0,0
BRDA:39,3,1,0
BRDA:52,4,0,0
BRDA:52,4,1,0
BRDA:56,5,0,0
BRDA:56,5,1,0
BRDA:57,6,0,0
BRDA:57,6,1,0
BRDA:63,7,0,0
BRDA:63,7,1,0
BRDA:73,8,0,0
BRDA:73,8,1,0
BRDA:73,9,0,0
BRDA:73,9,1,0
BRDA:85,10,0,0
BRDA:85,10,1,0
BRDA:91,11,0,0
BRDA:91,11,1,0
BRDA:91,12,0,0
BRDA:91,12,1,0
BRDA:92,13,0,0
BRDA:92,13,1,0
BRDA:94,14,0,0
BRDA:94,14,1,0
BRDA:109,15,0,0
BRDA:109,15,1,0
BRDA:114,16,0,0
BRDA:114,16,1,0
BRDA:135,17,0,0
BRDA:163,18,0,0
BRDA:206,19,0,0
BRDA:206,19,1,0
BRDA:214,20,0,0
BRDA:214,20,1,0
BRDA:225,21,0,0
BRDA:262,22,0,0
BRDA:283,23,0,0
BRDA:288,24,0,0
BRDA:298,25,0,0
BRF:45
BRH:0
end_of_record
TN:
SF:app\components\NavigationHub.tsx
FN:27,NavigationCard
FN:96,NavigationHub
FN:186,(anonymous_6)
FNF:3
FNH:3
FNDA:21,NavigationCard
FNDA:3,NavigationHub
FNDA:21,(anonymous_6)
DA:2,1
DA:3,1
DA:16,1
DA:97,3
DA:187,21
DA:249,0
DA:250,3
LF:7
LH:6
BRF:0
BRH:0
end_of_record
TN:
SF:app\components\PWAInstallPrompt.tsx
FN:15,PWAInstallPrompt
FN:20,(anonymous_5)
FN:22,(anonymous_6)
FN:39,(anonymous_7)
FN:47,(anonymous_8)
FN:55,(anonymous_9)
FN:64,(anonymous_10)
FN:70,(anonymous_11)
FN:98,(anonymous_12)
FNF:9
FNH:0
FNDA:0,PWAInstallPrompt
FNDA:0,(anonymous_5)
FNDA:0,(anonymous_6)
FNDA:0,(anonymous_7)
FNDA:0,(anonymous_8)
FNDA:0,(anonymous_9)
FNDA:0,(anonymous_10)
FNDA:0,(anonymous_11)
FNDA:0,(anonymous_12)
DA:3,0
DA:4,0
DA:15,0
DA:16,0
DA:17,0
DA:18,0
DA:20,0
DA:22,0
DA:24,0
DA:25,0
DA:26,0
DA:30,0
DA:31,0
DA:32,0
DA:36,0
DA:39,0
DA:41,0
DA:44,0
DA:47,0
DA:48,0
DA:51,0
DA:55,0
DA:56,0
DA:57,0
DA:58,0
DA:61,0
DA:62,0
DA:64,0
DA:65,0
DA:66,0
DA:70,0
DA:71,0
DA:72,0
DA:73,0
DA:76,0
DA:78,0
DA:81,0
DA:83,0
DA:84,0
DA:87,0
DA:90,0
DA:93,0
DA:94,0
DA:98,0
DA:99,0
DA:101,0
DA:105,0
DA:106,0
DA:110,0
DA:111,0
DA:112,0
DA:113,0
DA:114,0
DA:167,0
LF:54
LH:0
BRDA:24,0,0,0
BRDA:24,0,1,0
BRDA:30,1,0,0
BRDA:30,1,1,0
BRDA:71,2,0,0
BRDA:71,2,1,0
BRDA:83,3,0,0
BRDA:83,3,1,0
BRDA:105,4,0,0
BRDA:105,4,1,0
BRDA:105,5,0,0
BRDA:105,5,1,0
BRDA:105,5,2,0
BRDA:111,6,0,0
BRDA:111,6,1,0
BRDA:113,7,0,0
BRDA:113,7,1,0
BRF:17
BRH:0
end_of_record
TN:
SF:app\components\PetProfileCard.tsx
FN:32,(anonymous_2)
FN:39,(anonymous_3)
FN:47,(anonymous_4)
FN:68,(anonymous_5)
FN:108,(anonymous_6)
FN:116,(anonymous_7)
FN:166,(anonymous_8)
FN:192,(anonymous_9)
FN:201,(anonymous_10)
FNF:9
FNH:0
FNDA:0,(anonymous_2)
FNDA:0,(anonymous_3)
FNDA:0,(anonymous_4)
FNDA:0,(anonymous_5)
FNDA:0,(anonymous_6)
FNDA:0,(anonymous_7)
FNDA:0,(anonymous_8)
FNDA:0,(anonymous_9)
FNDA:0,(anonymous_10)
DA:2,0
DA:3,0
DA:4,0
DA:32,0
DA:39,0
DA:40,0
DA:44,0
DA:47,0
DA:48,0
DA:50,0
DA:52,0
DA:54,0
DA:56,0
DA:58,0
DA:60,0
DA:62,0
DA:64,0
DA:68,0
DA:69,0
DA:71,0
DA:73,0
DA:75,0
DA:108,0
DA:116,0
DA:167,0
DA:192,0
DA:201,0
DA:215,0
LF:28
LH:0
BRDA:37,0,0,0
BRDA:40,1,0,0
BRDA:40,1,1,0
BRDA:41,2,0,0
BRDA:41,2,1,0
BRDA:41,3,0,0
BRDA:41,3,1,0
BRDA:42,4,0,0
BRDA:42,4,1,0
BRDA:42,5,0,0
BRDA:42,5,1,0
BRDA:48,6,0,0
BRDA:48,6,1,0
BRDA:48,6,2,0
BRDA:48,6,3,0
BRDA:48,6,4,0
BRDA:48,6,5,0
BRDA:48,6,6,0
BRDA:48,6,7,0
BRDA:69,7,0,0
BRDA:69,7,1,0
BRDA:69,7,2,0
BRDA:84,8,0,0
BRDA:104,9,0,0
BRDA:106,10,0,0
BRDA:114,11,0,0
BRDA:139,12,0,0
BRDA:146,13,0,0
BRDA:154,14,0,0
BRDA:162,15,0,0
BRDA:180,16,0,0
BRDA:188,17,0,0
BRDA:190,18,0,0
BRDA:199,19,0,0
BRF:34
BRH:0
end_of_record
TN:
SF:app\components\PetProfileForm.tsx
FN:25,(anonymous_4)
FN:63,(anonymous_5)
FN:64,(anonymous_6)
FN:70,(anonymous_7)
FN:72,(anonymous_8)
FN:80,(anonymous_9)
FN:81,(anonymous_10)
FN:83,(anonymous_11)
FN:87,(anonymous_12)
FN:118,(anonymous_13)
FN:130,(anonymous_14)
FN:134,(anonymous_15)
FN:148,(anonymous_16)
FN:152,(anonymous_17)
FN:169,(anonymous_18)
FN:175,(anonymous_19)
FN:191,(anonymous_20)
FN:210,(anonymous_21)
FN:225,(anonymous_22)
FN:241,(anonymous_23)
FN:244,(anonymous_24)
FN:255,(anonymous_25)
FN:264,(anonymous_26)
FN:281,(anonymous_27)
FNF:24
FNH:0
FNDA:0,(anonymous_4)
FNDA:0,(anonymous_5)
FNDA:0,(anonymous_6)
FNDA:0,(anonymous_7)
FNDA:0,(anonymous_8)
FNDA:0,(anonymous_9)
FNDA:0,(anonymous_10)
FNDA:0,(anonymous_11)
FNDA:0,(anonymous_12)
FNDA:0,(anonymous_13)
FNDA:0,(anonymous_14)
FNDA:0,(anonymous_15)
FNDA:0,(anonymous_16)
FNDA:0,(anonymous_17)
FNDA:0,(anonymous_18)
FNDA:0,(anonymous_19)
FNDA:0,(anonymous_20)
FNDA:0,(anonymous_21)
FNDA:0,(anonymous_22)
FNDA:0,(anonymous_23)
FNDA:0,(anonymous_24)
FNDA:0,(anonymous_25)
FNDA:0,(anonymous_26)
FNDA:0,(anonymous_27)
DA:2,0
DA:3,0
DA:25,0
DA:31,0
DA:45,0
DA:47,0
DA:51,0
DA:63,0
DA:64,0
DA:70,0
DA:71,0
DA:72,0
DA:76,0
DA:80,0
DA:81,0
DA:83,0
DA:87,0
DA:88,0
DA:89,0
DA:118,0
DA:130,0
DA:135,0
DA:148,0
DA:153,0
DA:169,0
DA:175,0
DA:191,0
DA:210,0
DA:225,0
DA:241,0
DA:244,0
DA:256,0
DA:264,0
DA:281,0
DA:318,0
LF:35
LH:0
BRDA:29,0,0,0
BRDA:32,1,0,0
BRDA:32,1,1,0
BRDA:33,2,0,0
BRDA:33,2,1,0
BRDA:34,3,0,0
BRDA:34,3,1,0
BRDA:35,4,0,0
BRDA:35,4,1,0
BRDA:36,5,0,0
BRDA:36,5,1,0
BRDA:37,6,0,0
BRDA:37,6,1,0
BRDA:38,7,0,0
BRDA:38,7,1,0
BRDA:39,8,0,0
BRDA:39,8,1,0
BRDA:40,9,0,0
BRDA:40,9,1,0
BRDA:41,10,0,0
BRDA:41,10,1,0
BRDA:42,11,0,0
BRDA:42,11,1,0
BRDA:71,12,0,0
BRDA:71,12,1,0
BRDA:71,13,0,0
BRDA:71,13,1,0
BRDA:96,14,0,0
BRDA:96,14,1,0
BRDA:98,15,0,0
BRDA:152,16,0,0
BRDA:152,16,1,0
BRDA:169,17,0,0
BRDA:169,17,1,0
BRDA:244,18,0,0
BRDA:244,18,1,0
BRDA:296,19,0,0
BRDA:300,20,0,0
BRDA:300,20,1,0
BRDA:303,21,0,0
BRF:40
BRH:0
end_of_record
TN:
SF:app\components\PostCard.tsx
FN:8,PostCard
FNF:1
FNH:0
FNDA:0,PostCard
DA:1,0
DA:8,0
LF:2
LH:0
BRF:0
BRH:0
end_of_record
TN:
SF:app\components\ReportCard.tsx
FN:26,(anonymous_2)
FN:32,(anonymous_3)
FN:43,(anonymous_4)
FN:58,(anonymous_5)
FN:73,(anonymous_6)
FN:88,(anonymous_7)
FN:103,(anonymous_8)
FN:175,(anonymous_9)
FN:184,(anonymous_10)
FN:193,(anonymous_11)
FNF:10
FNH:0
FNDA:0,(anonymous_2)
FNDA:0,(anonymous_3)
FNDA:0,(anonymous_4)
FNDA:0,(anonymous_5)
FNDA:0,(anonymous_6)
FNDA:0,(anonymous_7)
FNDA:0,(anonymous_8)
FNDA:0,(anonymous_9)
FNDA:0,(anonymous_10)
FNDA:0,(anonymous_11)
DA:2,0
DA:3,0
DA:26,0
DA:32,0
DA:33,0
DA:34,0
DA:43,0
DA:44,0
DA:58,0
DA:59,0
DA:61,0
DA:63,0
DA:65,0
DA:67,0
DA:69,0
DA:73,0
DA:74,0
DA:76,0
DA:78,0
DA:80,0
DA:82,0
DA:84,0
DA:88,0
DA:89,0
DA:91,0
DA:93,0
DA:95,0
DA:97,0
DA:99,0
DA:103,0
DA:104,0
DA:105,0
DA:106,0
DA:107,0
DA:175,0
DA:184,0
DA:193,0
DA:205,0
LF:38
LH:0
BRDA:59,0,0,0
BRDA:59,0,1,0
BRDA:59,0,2,0
BRDA:59,0,3,0
BRDA:59,0,4,0
BRDA:74,1,0,0
BRDA:74,1,1,0
BRDA:74,1,2,0
BRDA:74,1,3,0
BRDA:74,1,4,0
BRDA:89,2,0,0
BRDA:89,2,1,0
BRDA:89,2,2,0
BRDA:89,2,3,0
BRDA:89,2,4,0
BRDA:104,3,0,0
BRDA:104,3,1,0
BRDA:105,4,0,0
BRDA:105,4,1,0
BRDA:106,5,0,0
BRDA:106,5,1,0
BRDA:148,6,0,0
BRDA:173,7,0,0
BRDA:173,7,1,0
BRDA:182,8,0,0
BRDA:182,8,1,0
BRDA:191,9,0,0
BRDA:191,9,1,0
BRDA:191,9,2,0
BRF:29
BRH:0
end_of_record
TN:
SF:app\components\SnippetCard.tsx
FN:27,(anonymous_2)
FN:28,(anonymous_3)
FN:34,(anonymous_4)
FN:43,(anonymous_5)
FN:57,(anonymous_6)
FN:110,(anonymous_7)
FN:118,(anonymous_8)
FNF:7
FNH:0
FNDA:0,(anonymous_2)
FNDA:0,(anonymous_3)
FNDA:0,(anonymous_4)
FNDA:0,(anonymous_5)
FNDA:0,(anonymous_6)
FNDA:0,(anonymous_7)
FNDA:0,(anonymous_8)
DA:2,0
DA:3,0
DA:4,0
DA:27,0
DA:28,0
DA:29,0
DA:30,0
DA:31,0
DA:34,0
DA:35,0
DA:36,0
DA:37,0
DA:38,0
DA:40,0
DA:43,0
DA:44,0
DA:45,0
DA:46,0
DA:48,0
DA:49,0
DA:50,0
DA:51,0
DA:57,0
DA:110,0
DA:118,0
DA:130,0
LF:26
LH:0
BRDA:35,0,0,0
BRDA:35,0,1,0
BRDA:37,1,0,0
BRDA:37,1,1,0
BRDA:48,2,0,0
BRDA:48,2,1,0
BRDA:49,3,0,0
BRDA:49,3,1,0
BRDA:50,4,0,0
BRDA:50,4,1,0
BRDA:59,5,0,0
BRDA:59,5,1,0
BRF:12
BRH:0
end_of_record
TN:
SF:app\components\SponsorsCarousel.tsx
FN:5,SponsorsCarousel
FN:9,(anonymous_3)
FNF:2
FNH:0
FNDA:0,SponsorsCarousel
FNDA:0,(anonymous_3)
DA:2,0
DA:3,0
DA:5,0
DA:6,0
DA:10,0
LF:5
LH:0
BRF:0
BRH:0
end_of_record
TN:
SF:app\components\TarjetaAliado.tsx
FN:27,(anonymous_2)
FN:29,(anonymous_3)
FN:45,(anonymous_4)
FN:61,(anonymous_5)
FN:91,(anonymous_6)
FNF:5
FNH:0
FNDA:0,(anonymous_2)
FNDA:0,(anonymous_3)
FNDA:0,(anonymous_4)
FNDA:0,(anonymous_5)
FNDA:0,(anonymous_6)
DA:2,0
DA:10,0
DA:27,0
DA:29,0
DA:30,0
DA:45,0
DA:46,0
DA:48,0
DA:50,0
DA:52,0
DA:54,0
DA:56,0
DA:61,0
DA:62,0
DA:65,0
DA:66,0
DA:67,0
DA:70,0
DA:71,0
DA:72,0
DA:75,0
DA:76,0
DA:79,0
DA:80,0
DA:82,0
DA:85,0
DA:86,0
DA:91,0
DA:92,0
DA:94,0
DA:96,0
DA:98,0
DA:100,0
DA:102,0
DA:157,0
LF:35
LH:0
BRDA:46,0,0,0
BRDA:46,0,1,0
BRDA:46,0,2,0
BRDA:46,0,3,0
BRDA:46,0,4,0
BRDA:62,1,0,0
BRDA:62,1,1,0
BRDA:62,1,2,0
BRDA:62,1,3,0
BRDA:75,2,0,0
BRDA:75,2,1,0
BRDA:92,3,0,0
BRDA:92,3,1,0
BRDA:92,3,2,0
BRDA:92,3,3,0
BRDA:92,3,4,0
BRDA:143,4,0,0
BRF:17
BRH:0
end_of_record
TN:
SF:app\components\UploadMoment.tsx
FN:15,(anonymous_5)
FN:33,(anonymous_6)
FN:56,(anonymous_7)
FN:62,(anonymous_8)
FN:110,(anonymous_9)
FN:111,(anonymous_10)
FN:114,(anonymous_11)
FN:141,(anonymous_12)
FN:174,(anonymous_13)
FN:198,(anonymous_14)
FNF:10
FNH:0
FNDA:0,(anonymous_5)
FNDA:0,(anonymous_6)
FNDA:0,(anonymous_7)
FNDA:0,(anonymous_8)
FNDA:0,(anonymous_9)
FNDA:0,(anonymous_10)
FNDA:0,(anonymous_11)
FNDA:0,(anonymous_12)
FNDA:0,(anonymous_13)
FNDA:0,(anonymous_14)
DA:2,0
DA:3,0
DA:4,0
DA:5,0
DA:6,0
DA:15,0
DA:21,0
DA:22,0
DA:24,0
DA:25,0
DA:26,0
DA:27,0
DA:28,0
DA:29,0
DA:31,0
DA:33,0
DA:34,0
DA:35,0
DA:38,0
DA:39,0
DA:40,0
DA:41,0
DA:45,0
DA:46,0
DA:47,0
DA:50,0
DA:51,0
DA:52,0
DA:55,0
DA:56,0
DA:57,0
DA:59,0
DA:62,0
DA:63,0
DA:64,0
DA:65,0
DA:68,0
DA:69,0
DA:71,0
DA:74,0
DA:78,0
DA:79,0
DA:82,0
DA:91,0
DA:93,0
DA:95,0
DA:96,0
DA:97,0
DA:98,0
DA:100,0
DA:103,0
DA:105,0
DA:110,0
DA:111,0
DA:112,0
DA:113,0
DA:114,0
DA:115,0
DA:116,0
DA:118,0
DA:122,0
DA:141,0
DA:175,0
DA:176,0
DA:198,0
DA:287,0
LF:66
LH:0
BRDA:35,0,0,0
BRDA:35,0,1,0
BRDA:38,1,0,0
BRDA:38,1,1,0
BRDA:39,2,0,0
BRDA:39,2,1,0
BRDA:40,3,0,0
BRDA:40,3,1,0
BRDA:45,4,0,0
BRDA:45,4,1,0
BRDA:45,5,0,0
BRDA:45,5,1,0
BRDA:51,6,0,0
BRDA:51,6,1,0
BRDA:63,7,0,0
BRDA:63,7,1,0
BRDA:63,8,0,0
BRDA:63,8,1,0
BRDA:78,9,0,0
BRDA:78,9,1,0
BRDA:87,10,0,0
BRDA:87,10,1,0
BRDA:88,11,0,0
BRDA:88,11,1,0
BRDA:93,12,0,0
BRDA:93,12,1,0
BRDA:103,13,0,0
BRDA:103,13,1,0
BRDA:122,14,0,0
BRDA:122,14,1,0
BRDA:140,15,0,0
BRDA:158,16,0,0
BRDA:223,17,0,0
BRDA:242,18,0,0
BRDA:258,19,0,0
BRDA:258,19,1,0
BRDA:262,20,0,0
BRF:37
BRH:0
end_of_record
TN:
SF:app\components\page.tsx
FN:4,Page
FNF:1
FNH:0
FNDA:0,Page
DA:3,0
DA:4,0
LF:2
LH:0
BRF:0
BRH:0
end_of_record
TN:
SF:app\components\ui\Button.tsx
FN:10,(anonymous_2)
FNF:1
FNH:0
FNDA:0,(anonymous_2)
DA:1,0
DA:2,0
DA:10,0
DA:17,0
DA:19,0
DA:26,0
DA:47,0
LF:7
LH:0
BRDA:11,0,0,0
BRDA:12,1,0,0
BRF:2
BRH:0
end_of_record
TN:
SF:app\components\ui\Card.tsx
FN:10,(anonymous_2)
FNF:1
FNH:0
FNDA:0,(anonymous_2)
DA:1,0
DA:2,0
DA:10,0
DA:17,0
DA:38,0
LF:5
LH:0
BRDA:12,0,0,0
BRDA:13,1,0,0
BRDA:27,2,0,0
BRDA:27,2,1,0
BRF:4
BRH:0
end_of_record
TN:
SF:app\consejos\page.tsx
FN:17,(anonymous_2)
FN:22,(anonymous_3)
FN:23,(anonymous_4)
FN:65,(anonymous_5)
FN:82,(anonymous_6)
FN:85,(anonymous_7)
FN:99,(anonymous_8)
FN:120,ConsejosPage
FNF:8
FNH:0
FNDA:0,(anonymous_2)
FNDA:0,(anonymous_3)
FNDA:0,(anonymous_4)
FNDA:0,(anonymous_5)
FNDA:0,(anonymous_6)
FNDA:0,(anonymous_7)
FNDA:0,(anonymous_8)
FNDA:0,ConsejosPage
DA:2,0
DA:4,0
DA:5,0
DA:6,0
DA:17,0
DA:18,0
DA:19,0
DA:20,0
DA:22,0
DA:23,0
DA:24,0
DA:26,0
DA:52,0
DA:54,0
DA:56,0
DA:60,0
DA:63,0
DA:65,0
DA:67,0
DA:83,0
DA:85,0
DA:100,0
DA:120,0
DA:121,0
LF:24
LH:0
BRDA:63,0,0,0
BRDA:63,0,1,0
BRDA:86,1,0,0
BRDA:86,1,1,0
BRDA:94,2,0,0
BRDA:94,2,1,0
BRDA:96,3,0,0
BRDA:96,3,1,0
BRDA:101,4,0,0
BRDA:101,4,1,0
BRF:10
BRH:0
end_of_record
TN:
SF:app\contacto\page.tsx
FN:6,Contacto
FN:15,(anonymous_6)
FN:21,(anonymous_7)
FNF:3
FNH:0
FNDA:0,Contacto
FNDA:0,(anonymous_6)
FNDA:0,(anonymous_7)
DA:2,0
DA:3,0
DA:4,0
DA:6,0
DA:7,0
DA:15,0
DA:16,0
DA:18,0
DA:21,0
DA:22,0
LF:10
LH:0
BRF:0
BRH:0
end_of_record
TN:
SF:app\contexts\AuthContext.tsx
FN:17,(anonymous_7)
FN:29,(anonymous_8)
FNF:2
FNH:0
FNDA:0,(anonymous_7)
FNDA:0,(anonymous_8)
DA:2,0
DA:3,0
DA:15,0
DA:17,0
DA:18,0
DA:19,0
DA:20,0
DA:22,0
DA:29,0
DA:30,0
DA:39,0
LF:11
LH:0
BRDA:19,0,0,0
BRDA:19,0,1,0
BRF:2
BRH:0
end_of_record
TN:
SF:app\conversations\page.tsx
FN:10,ConversationsPage
FN:33,(anonymous_5)
FN:43,(anonymous_6)
FN:50,(anonymous_7)
FN:66,(anonymous_8)
FN:70,(anonymous_9)
FN:74,(anonymous_10)
FN:85,(anonymous_11)
FN:100,(anonymous_12)
FN:111,(anonymous_13)
FN:125,(anonymous_14)
FN:170,(anonymous_15)
FN:180,(anonymous_16)
FN:202,(anonymous_17)
FN:220,(anonymous_18)
FN:230,(anonymous_19)
FN:237,(anonymous_20)
FN:262,(anonymous_21)
FN:262,(anonymous_22)
FN:279,(anonymous_23)
FN:279,(anonymous_24)
FN:291,(anonymous_25)
FN:291,(anonymous_26)
FN:307,(anonymous_27)
FN:307,(anonymous_28)
FN:309,(anonymous_29)
FN:319,(anonymous_30)
FNF:27
FNH:0
FNDA:0,ConversationsPage
FNDA:0,(anonymous_5)
FNDA:0,(anonymous_6)
FNDA:0,(anonymous_7)
FNDA:0,(anonymous_8)
FNDA:0,(anonymous_9)
FNDA:0,(anonymous_10)
FNDA:0,(anonymous_11)
FNDA:0,(anonymous_12)
FNDA:0,(anonymous_13)
FNDA:0,(anonymous_14)
FNDA:0,(anonymous_15)
FNDA:0,(anonymous_16)
FNDA:0,(anonymous_17)
FNDA:0,(anonymous_18)
FNDA:0,(anonymous_19)
FNDA:0,(anonymous_20)
FNDA:0,(anonymous_21)
FNDA:0,(anonymous_22)
FNDA:0,(anonymous_23)
FNDA:0,(anonymous_24)
FNDA:0,(anonymous_25)
FNDA:0,(anonymous_26)
FNDA:0,(anonymous_27)
FNDA:0,(anonymous_28)
FNDA:0,(anonymous_29)
FNDA:0,(anonymous_30)
DA:3,0
DA:4,0
DA:5,0
DA:6,0
DA:10,0
DA:11,0
DA:20,0
DA:22,0
DA:23,0
DA:24,0
DA:25,0
DA:26,0
DA:33,0
DA:40,0
DA:43,0
DA:45,0
DA:46,0
DA:47,0
DA:50,0
DA:51,0
DA:57,0
DA:58,0
DA:59,0
DA:62,0
DA:66,0
DA:67,0
DA:70,0
DA:71,0
DA:74,0
DA:75,0
DA:76,0
DA:78,0
DA:80,0
DA:85,0
DA:86,0
DA:87,0
DA:89,0
DA:91,0
DA:96,0
DA:100,0
DA:111,0
DA:125,0
DA:170,0
DA:180,0
DA:202,0
DA:220,0
DA:231,0
DA:237,0
DA:262,0
DA:279,0
DA:291,0
DA:307,0
DA:309,0
DA:319,0
LF:54
LH:0
BRDA:45,0,0,0
BRDA:45,0,1,0
BRDA:47,1,0,0
BRDA:47,1,1,0
BRDA:75,2,0,0
BRDA:75,2,1,0
BRDA:86,3,0,0
BRDA:86,3,1,0
BRDA:195,4,0,0
BRDA:199,5,0,0
BRDA:209,6,0,0
BRDA:213,7,0,0
BRDA:213,7,1,0
BRDA:213,8,0,0
BRDA:213,8,1,0
BRDA:249,9,0,0
BRDA:270,10,0,0
BRDA:326,11,0,0
BRDA:326,11,1,0
BRF:19
BRH:0
end_of_record
TN:
SF:app\conversations\[id]\page.tsx
FN:10,ConversationPage
FN:34,(anonymous_6)
FN:48,(anonymous_7)
FN:53,(anonymous_8)
FN:62,(anonymous_9)
FN:83,(anonymous_10)
FN:90,(anonymous_11)
FN:95,(anonymous_12)
FN:100,(anonymous_13)
FN:105,(anonymous_14)
FN:117,(anonymous_15)
FN:122,(anonymous_16)
FN:140,(anonymous_17)
FN:157,(anonymous_18)
FN:189,(anonymous_19)
FN:228,(anonymous_20)
FN:256,(anonymous_21)
FN:273,(anonymous_22)
FN:314,(anonymous_23)
FN:323,(anonymous_24)
FN:349,(anonymous_25)
FNF:21
FNH:0
FNDA:0,ConversationPage
FNDA:0,(anonymous_6)
FNDA:0,(anonymous_7)
FNDA:0,(anonymous_8)
FNDA:0,(anonymous_9)
FNDA:0,(anonymous_10)
FNDA:0,(anonymous_11)
FNDA:0,(anonymous_12)
FNDA:0,(anonymous_13)
FNDA:0,(anonymous_14)
FNDA:0,(anonymous_15)
FNDA:0,(anonymous_16)
FNDA:0,(anonymous_17)
FNDA:0,(anonymous_18)
FNDA:0,(anonymous_19)
FNDA:0,(anonymous_20)
FNDA:0,(anonymous_21)
FNDA:0,(anonymous_22)
FNDA:0,(anonymous_23)
FNDA:0,(anonymous_24)
FNDA:0,(anonymous_25)
DA:3,0
DA:4,0
DA:5,0
DA:6,0
DA:7,0
DA:10,0
DA:11,0
DA:12,0
DA:13,0
DA:15,0
DA:20,0
DA:22,0
DA:23,0
DA:24,0
DA:25,0
DA:26,0
DA:27,0
DA:28,0
DA:29,0
DA:34,0
DA:35,0
DA:37,0
DA:44,0
DA:48,0
DA:50,0
DA:53,0
DA:62,0
DA:63,0
DA:65,0
DA:74,0
DA:75,0
DA:76,0
DA:77,0
DA:79,0
DA:83,0
DA:84,0
DA:85,0
DA:86,0
DA:90,0
DA:91,0
DA:92,0
DA:95,0
DA:97,0
DA:100,0
DA:102,0
DA:105,0
DA:106,0
DA:113,0
DA:117,0
DA:118,0
DA:119,0
DA:122,0
DA:123,0
DA:126,0
DA:134,0
DA:140,0
DA:157,0
DA:189,0
DA:229,0
DA:256,0
DA:273,0
DA:314,0
DA:324,0
DA:349,0
LF:64
LH:0
BRDA:35,0,0,0
BRDA:35,0,1,0
BRDA:63,1,0,0
BRDA:63,1,1,0
BRDA:63,2,0,0
BRDA:63,2,1,0
BRDA:84,3,0,0
BRDA:84,3,1,0
BRDA:84,4,0,0
BRDA:84,4,1,0
BRDA:106,5,0,0
BRDA:106,5,1,0
BRDA:118,6,0,0
BRDA:118,6,1,0
BRDA:126,7,0,0
BRDA:126,7,1,0
BRDA:126,8,0,0
BRDA:126,8,1,0
BRDA:134,9,0,0
BRDA:134,9,1,0
BRDA:202,10,0,0
BRDA:215,11,0,0
BRDA:219,12,0,0
BRDA:243,13,0,0
BRDA:249,14,0,0
BRDA:249,14,1,0
BRDA:308,15,0,0
BRDA:343,16,0,0
BRF:28
BRH:0
end_of_record
TN:
SF:app\educacion\page.tsx
FN:15,EducationPage
FN:19,(anonymous_3)
FN:20,(anonymous_4)
FN:81,(anonymous_5)
FNF:4
FNH:0
FNDA:0,EducationPage
FNDA:0,(anonymous_3)
FNDA:0,(anonymous_4)
FNDA:0,(anonymous_5)
DA:2,0
DA:5,0
DA:6,0
DA:15,0
DA:16,0
DA:17,0
DA:19,0
DA:20,0
DA:21,0
DA:23,0
DA:61,0
DA:63,0
DA:65,0
DA:69,0
DA:82,0
LF:15
LH:0
BRDA:76,0,0,0
BRDA:76,0,1,0
BRDA:78,1,0,0
BRDA:78,1,1,0
BRDA:84,2,0,0
BRF:5
BRH:0
end_of_record
TN:
SF:app\educacion\[articleId]\page.tsx
FN:4,Placeholder
FNF:1
FNH:0
FNDA:0,Placeholder
DA:2,0
DA:4,0
LF:2
LH:0
BRF:0
BRH:0
end_of_record
TN:
SF:app\events\page.tsx
FN:18,(anonymous_2)
FN:22,(anonymous_3)
FN:23,(anonymous_4)
FN:69,(anonymous_5)
FN:90,EventsPage
FNF:5
FNH:0
FNDA:0,(anonymous_2)
FNDA:0,(anonymous_3)
FNDA:0,(anonymous_4)
FNDA:0,(anonymous_5)
FNDA:0,EventsPage
DA:2,0
DA:4,0
DA:5,0
DA:6,0
DA:18,0
DA:19,0
DA:20,0
DA:22,0
DA:23,0
DA:24,0
DA:26,0
DA:46,0
DA:48,0
DA:50,0
DA:54,0
DA:70,0
DA:90,0
DA:91,0
LF:18
LH:0
BRDA:64,0,0,0
BRDA:64,0,1,0
BRDA:66,1,0,0
BRDA:66,1,1,0
BRDA:71,2,0,0
BRDA:71,2,1,0
BRF:6
BRH:0
end_of_record
TN:
[...]
FNF:44
FNH:0
FNDA:0,SellItemPage
FNDA:0,(anonymous_6)
FNDA:0,(anonymous_7)
FNDA:0,(anonymous_8)
FNDA:0,(anonymous_9)
FNDA:0,(anonymous_10)
FNDA:0,(anonymous_11)
FNDA:0,(anonymous_12)
FNDA:0,(anonymous_13)
FNDA:0,(anonymous_14)
FNDA:0,(anonymous_15)
FNDA:0,(anonymous_16)
FNDA:0,(anonymous_17)
FNDA:0,(anonymous_18)
FNDA:0,(anonymous_19)
FNDA:0,(anonymous_20)
FNDA:0,(anonymous_21)
FNDA:0,(anonymous_22)
FNDA:0,(anonymous_23)
FNDA:0,(anonymous_24)
FNDA:0,(anonymous_25)
FNDA:0,(anonymous_26)
FNDA:0,(anonymous_27)
FNDA:0,(anonymous_28)
FNDA:0,(anonymous_29)
FNDA:0,(anonymous_30)
FNDA:0,(anonymous_31)
FNDA:0,(anonymous_32)
FNDA:0,(anonymous_33)
FNDA:0,(anonymous_34)
FNDA:0,(anonymous_35)
FNDA:0,(anonymous_36)
FNDA:0,(anonymous_37)
FNDA:0,(anonymous_38)
FNDA:0,(anonymous_39)
FNDA:0,(anonymous_40)
FNDA:0,(anonymous_41)
FNDA:0,(anonymous_42)
FNDA:0,(anonymous_43)
FNDA:0,(anonymous_44)
FNDA:0,(anonymous_45)
FNDA:0,(anonymous_46)
FNDA:0,(anonymous_47)
FNDA:0,(anonymous_48)
DA:2,0
DA:3,0
DA:4,0
DA:8,0
DA:9,0
DA:10,0
DA:12,0
DA:21,0
DA:28,0
DA:33,0
DA:34,0
DA:35,0
DA:36,0
DA:38,0
DA:55,0
DA:56,0
DA:57,0
DA:58,0
DA:60,0
DA:61,0
DA:63,0
DA:64,0
DA:65,0
DA:69,0
DA:70,0
DA:71,0
DA:72,0
DA:74,0
DA:75,0
DA:76,0
DA:80,0
DA:81,0
DA:84,0
DA:85,0
DA:86,0
DA:87,0
DA:92,0
DA:96,0
DA:97,0
DA:99,0
DA:101,0
DA:104,0
DA:105,0
DA:106,0
DA:110,0
DA:114,0
DA:115,0
DA:117,0
DA:121,0
DA:122,0
DA:124,0
DA:125,0
DA:126,0
DA:129,0
DA:130,0
DA:131,0
DA:134,0
DA:135,0
DA:136,0
DA:139,0
DA:140,0
DA:142,0
DA:144,0
DA:146,0
DA:170,0
DA:172,0
DA:173,0
DA:175,0
DA:178,0
DA:180,0
DA:184,0
DA:237,0
DA:245,0
DA:290,0
DA:303,0
DA:317,0
DA:321,0
DA:334,0
DA:338,0
DA:354,0
DA:364,0
DA:380,0
DA:386,0
DA:405,0
DA:422,0
DA:441,0
DA:442,0
DA:458,0
DA:465,0
LF:89
LH:0
BRDA:61,0,0,0
BRDA:61,0,1,0
BRDA:63,1,0,0
BRDA:63,1,1,0
BRDA:70,2,0,0
BRDA:70,2,1,0
BRDA:74,3,0,0
BRDA:74,3,1,0
BRDA:105,4,0,0
BRDA:105,4,1,0
BRDA:105,5,0,0
BRDA:105,5,1,0
BRDA:124,6,0,0
BRDA:124,6,1,0
BRDA:129,7,0,0
BRDA:129,7,1,0
BRDA:129,8,0,0
BRDA:129,8,1,0
BRDA:129,8,2,0
BRDA:134,9,0,0
BRDA:134,9,1,0
BRDA:160,10,0,0
BRDA:160,10,1,0
BRDA:172,11,0,0
BRDA:172,11,1,0
BRDA:178,12,0,0
BRDA:178,12,1,0
BRDA:184,13,0,0
BRDA:184,13,1,0
BRDA:250,14,0,0
BRDA:258,15,0,0
BRDA:413,16,0,0
BRDA:442,17,0,0
BRDA:442,17,1,0
BRDA:455,18,0,0
BRDA:478,19,0,0
BRDA:494,20,0,0
BRDA:494,20,1,0
BRDA:494,20,2,0
BRDA:494,20,3,0
BRDA:494,20,4,0
BRDA:497,21,0,0
BRDA:497,21,1,0
BRF:43
BRH:0
end_of_record
TN:
SF:app\moderation\page.tsx
FN:8,ModerationPage
FN:22,(anonymous_5)
FN:28,(anonymous_6)
FN:38,(anonymous_7)
FN:51,(anonymous_8)
FN:61,(anonymous_9)
FN:71,(anonymous_10)
FN:72,(anonymous_11)
FN:73,(anonymous_12)
FN:74,(anonymous_13)
FN:75,(anonymous_14)
FN:84,(anonymous_15)
FN:180,(anonymous_16)
FN:180,(anonymous_17)
FN:192,(anonymous_18)
FN:192,(anonymous_19)
FN:204,(anonymous_20)
FN:204,(anonymous_21)
FN:226,(anonymous_22)
FN:249,(anonymous_23)
FN:267,(anonymous_24)
FN:274,(anonymous_25)
FN:280,(anonymous_26)
FNF:23
FNH:0
FNDA:0,ModerationPage
FNDA:0,(anonymous_5)
FNDA:0,(anonymous_6)
FNDA:0,(anonymous_7)
FNDA:0,(anonymous_8)
FNDA:0,(anonymous_9)
FNDA:0,(anonymous_10)
FNDA:0,(anonymous_11)
FNDA:0,(anonymous_12)
FNDA:0,(anonymous_13)
FNDA:0,(anonymous_14)
FNDA:0,(anonymous_15)
FNDA:0,(anonymous_16)
FNDA:0,(anonymous_17)
FNDA:0,(anonymous_18)
FNDA:0,(anonymous_19)
FNDA:0,(anonymous_20)
FNDA:0,(anonymous_21)
FNDA:0,(anonymous_22)
FNDA:0,(anonymous_23)
FNDA:0,(anonymous_24)
FNDA:0,(anonymous_25)
FNDA:0,(anonymous_26)
DA:3,0
DA:4,0
DA:6,0
DA:8,0
DA:9,0
DA:10,0
DA:12,0
DA:17,0
DA:20,0
DA:22,0
DA:25,0
DA:28,0
DA:29,0
DA:32,0
DA:34,0
DA:38,0
DA:39,0
DA:44,0
DA:47,0
DA:51,0
DA:52,0
DA:54,0
DA:57,0
DA:61,0
DA:62,0
DA:64,0
DA:67,0
DA:71,0
DA:72,0
DA:73,0
DA:74,0
DA:75,0
DA:77,0
DA:79,0
DA:82,0
DA:84,0
DA:85,0
DA:86,0
DA:89,0
DA:180,0
DA:192,0
DA:204,0
DA:226,0
DA:249,0
DA:268,0
DA:274,0
DA:280,0
LF:47
LH:0
BRDA:85,0,0,0
BRDA:85,0,1,0
BRDA:86,1,0,0
BRDA:86,1,1,0
BRDA:236,2,0,0
BRDA:241,3,0,0
BRDA:245,4,0,0
BRDA:249,5,0,0
BRDA:249,5,1,0
BRDA:249,6,0,0
BRDA:249,6,1,0
BRF:11
BRH:0
end_of_record
TN:
SF:app\moderation\actions\page.tsx
FN:7,ModerationActionsPage
FN:18,(anonymous_5)
FN:23,(anonymous_6)
FN:34,(anonymous_7)
FN:44,(anonymous_8)
FN:54,(anonymous_9)
FN:55,(anonymous_10)
FN:56,(anonymous_11)
FN:57,(anonymous_12)
FN:58,(anonymous_13)
FN:66,(anonymous_14)
FN:162,(anonymous_15)
FN:162,(anonymous_16)
FN:175,(anonymous_17)
FN:175,(anonymous_18)
FN:193,(anonymous_19)
FN:216,(anonymous_20)
FN:234,(anonymous_21)
FNF:18
FNH:0
FNDA:0,ModerationActionsPage
FNDA:0,(anonymous_5)
FNDA:0,(anonymous_6)
FNDA:0,(anonymous_7)
FNDA:0,(anonymous_8)
FNDA:0,(anonymous_9)
FNDA:0,(anonymous_10)
FNDA:0,(anonymous_11)
FNDA:0,(anonymous_12)
FNDA:0,(anonymous_13)
FNDA:0,(anonymous_14)
FNDA:0,(anonymous_15)
FNDA:0,(anonymous_16)
FNDA:0,(anonymous_17)
FNDA:0,(anonymous_18)
FNDA:0,(anonymous_19)
FNDA:0,(anonymous_20)
FNDA:0,(anonymous_21)
DA:3,0
DA:4,0
DA:5,0
DA:7,0
DA:8,0
DA:10,0
DA:16,0
DA:18,0
DA:20,0
DA:23,0
DA:24,0
DA:25,0
DA:26,0
DA:27,0
DA:28,0
DA:29,0
DA:30,0
DA:34,0
DA:35,0
DA:44,0
DA:45,0
DA:54,0
DA:55,0
DA:56,0
DA:57,0
DA:58,0
DA:59,0
DA:61,0
DA:64,0
DA:66,0
DA:67,0
DA:68,0
DA:71,0
DA:162,0
DA:175,0
DA:193,0
DA:216,0
DA:235,0
LF:38
LH:0
BRDA:24,0,0,0
BRDA:24,0,1,0
BRDA:24,0,2,0
BRDA:24,0,3,0
BRDA:24,0,4,0
BRDA:24,0,5,0
BRDA:67,1,0,0
BRDA:67,1,1,0
BRDA:68,2,0,0
BRDA:68,2,1,0
BRDA:203,3,0,0
BRDA:208,4,0,0
BRDA:212,5,0,0
BRDA:216,6,0,0
BRDA:216,6,1,0
BRDA:216,7,0,0
BRDA:216,7,1,0
BRDA:248,8,0,0
BRDA:281,9,0,0
BRF:19
BRH:0
end_of_record
TN:
SF:app\notifications\page.tsx
FN:9,NotificationsPage
FN:28,(anonymous_5)
FN:38,(anonymous_6)
FN:48,(anonymous_7)
FN:57,(anonymous_8)
FN:66,(anonymous_9)
FN:79,(anonymous_10)
FN:96,(anonymous_11)
FN:111,(anonymous_12)
FN:129,(anonymous_13)
FN:131,(anonymous_14)
FN:142,(anonymous_15)
FN:158,(anonymous_16)
FN:167,(anonymous_17)
FN:213,(anonymous_18)
FN:223,(anonymous_19)
FN:236,(anonymous_20)
FN:248,(anonymous_21)
FN:270,(anonymous_22)
FN:289,(anonymous_23)
FN:295,(anonymous_24)
FN:333,(anonymous_25)
FN:345,(anonymous_26)
FNF:23
FNH:0
FNDA:0,NotificationsPage
FNDA:0,(anonymous_5)
FNDA:0,(anonymous_6)
FNDA:0,(anonymous_7)
FNDA:0,(anonymous_8)
FNDA:0,(anonymous_9)
FNDA:0,(anonymous_10)
FNDA:0,(anonymous_11)
FNDA:0,(anonymous_12)
FNDA:0,(anonymous_13)
FNDA:0,(anonymous_14)
FNDA:0,(anonymous_15)
FNDA:0,(anonymous_16)
FNDA:0,(anonymous_17)
FNDA:0,(anonymous_18)
FNDA:0,(anonymous_19)
FNDA:0,(anonymous_20)
FNDA:0,(anonymous_21)
FNDA:0,(anonymous_22)
FNDA:0,(anonymous_23)
FNDA:0,(anonymous_24)
FNDA:0,(anonymous_25)
FNDA:0,(anonymous_26)
DA:3,0
DA:4,0
DA:5,0
DA:6,0
DA:9,0
DA:10,0
DA:20,0
DA:22,0
DA:23,0
DA:24,0
DA:25,0
DA:26,0
DA:28,0
DA:35,0
DA:38,0
DA:39,0
DA:41,0
DA:42,0
DA:43,0
DA:45,0
DA:48,0
DA:49,0
DA:51,0
DA:53,0
DA:57,0
DA:58,0
DA:60,0
DA:62,0
DA:66,0
DA:68,0
DA:69,0
DA:76,0
DA:79,0
DA:80,0
DA:96,0
DA:97,0
DA:99,0
DA:101,0
DA:103,0
DA:105,0
DA:107,0
DA:111,0
DA:112,0
DA:113,0
DA:114,0
DA:116,0
DA:117,0
DA:118,0
DA:119,0
DA:120,0
DA:122,0
DA:123,0
DA:127,0
DA:129,0
DA:131,0
DA:142,0
DA:158,0
DA:167,0
DA:213,0
DA:223,0
DA:236,0
DA:248,0
DA:270,0
DA:290,0
DA:295,0
DA:334,0
DA:335,0
DA:346,0
DA:347,0
LF:69
LH:0
BRDA:39,0,0,0
BRDA:39,0,1,0
BRDA:41,1,0,0
BRDA:41,1,1,0
BRDA:43,2,0,0
BRDA:43,2,1,0
BRDA:45,3,0,0
BRDA:45,3,1,0
BRDA:45,3,2,0
BRDA:45,3,3,0
BRDA:68,4,0,0
BRDA:68,4,1,0
BRDA:97,5,0,0
BRDA:97,5,1,0
BRDA:97,5,2,0
BRDA:97,5,3,0
BRDA:97,5,4,0
BRDA:116,6,0,0
BRDA:116,6,1,0
BRDA:118,7,0,0
BRDA:118,7,1,0
BRDA:119,8,0,0
BRDA:119,8,1,0
BRDA:123,9,0,0
BRDA:123,9,1,0
BRDA:156,10,0,0
BRDA:247,11,0,0
BRDA:247,11,1,0
BRDA:247,12,0,0
BRDA:247,12,1,0
BRDA:248,13,0,0
BRDA:248,13,1,0
BRDA:263,14,0,0
BRDA:267,15,0,0
BRDA:277,16,0,0
BRDA:281,17,0,0
BRDA:281,17,1,0
BRDA:281,18,0,0
BRDA:281,18,1,0
BRDA:281,18,2,0
BRDA:281,18,3,0
BRDA:293,19,0,0
BRDA:293,19,1,0
BRDA:314,20,0,0
BRDA:319,21,0,0
BRDA:331,22,0,0
BRF:46
BRH:0
end_of_record
TN:
SF:app\orders\page.tsx
FN:25,(anonymous_2)
FN:29,(anonymous_3)
FN:30,(anonymous_4)
FN:63,(anonymous_5)
FN:76,(anonymous_6)
FN:101,(anonymous_7)
FN:116,(anonymous_8)
FN:147,OrdersPage
FNF:8
FNH:0
FNDA:0,(anonymous_2)
FNDA:0,(anonymous_3)
FNDA:0,(anonymous_4)
FNDA:0,(anonymous_5)
FNDA:0,(anonymous_6)
FNDA:0,(anonymous_7)
FNDA:0,(anonymous_8)
FNDA:0,OrdersPage
DA:2,0
DA:3,0
DA:4,0
DA:5,0
DA:25,0
DA:26,0
DA:27,0
DA:29,0
DA:30,0
DA:31,0
DA:33,0
DA:52,0
DA:54,0
DA:56,0
DA:60,0
DA:63,0
DA:64,0
DA:66,0
DA:68,0
DA:70,0
DA:72,0
DA:76,0
DA:77,0
DA:79,0
DA:81,0
DA:83,0
DA:85,0
DA:102,0
DA:117,0
DA:147,0
DA:148,0
LF:31
LH:0
BRDA:64,0,0,0
BRDA:64,0,1,0
BRDA:64,0,2,0
BRDA:64,0,3,0
BRDA:77,1,0,0
BRDA:77,1,1,0
BRDA:77,1,2,0
BRDA:77,1,3,0
BRDA:96,2,0,0
BRDA:96,2,1,0
BRDA:98,3,0,0
BRDA:98,3,1,0
BRF:12
BRH:0
end_of_record
TN:
SF:app\payment-success\page.tsx
FN:8,(anonymous_2)
FN:12,(anonymous_3)
FN:29,(anonymous_4)
FN:33,(anonymous_5)
FN:64,(anonymous_6)
FN:89,PaymentSuccessPage
FNF:6
FNH:0
FNDA:0,(anonymous_2)
FNDA:0,(anonymous_3)
FNDA:0,(anonymous_4)
FNDA:0,(anonymous_5)
FNDA:0,(anonymous_6)
FNDA:0,PaymentSuccessPage
DA:2,0
DA:3,0
DA:4,0
DA:5,0
DA:6,0
DA:8,0
DA:9,0
DA:10,0
DA:12,0
DA:14,0
DA:26,0
DA:29,0
DA:30,0
DA:33,0
DA:34,0
DA:65,0
DA:89,0
DA:90,0
LF:18
LH:0
BRDA:53,0,0,0
BRF:1
BRH:0
end_of_record
TN:
SF:app\pets\page.tsx
FN:9,PetsPage
FN:20,(anonymous_6)
FN:22,(anonymous_7)
FN:53,(anonymous_8)
FN:87,(anonymous_9)
FN:97,(anonymous_10)
FN:101,(anonymous_11)
FN:110,(anonymous_12)
FN:121,(anonymous_13)
FN:188,(anonymous_14)
FN:231,(anonymous_15)
FN:239,(anonymous_16)
FNF:12
FNH:0
FNDA:0,PetsPage
FNDA:0,(anonymous_6)
FNDA:0,(anonymous_7)
FNDA:0,(anonymous_8)
FNDA:0,(anonymous_9)
FNDA:0,(anonymous_10)
FNDA:0,(anonymous_11)
FNDA:0,(anonymous_12)
FNDA:0,(anonymous_13)
FNDA:0,(anonymous_14)
FNDA:0,(anonymous_15)
FNDA:0,(anonymous_16)
DA:3,0
DA:4,0
DA:5,0
DA:6,0
DA:7,0
DA:9,0
DA:10,0
DA:11,0
DA:12,0
DA:14,0
DA:20,0
DA:22,0
DA:23,0
DA:24,0
DA:30,0
DA:32,0
DA:36,0
DA:47,0
DA:53,0
DA:87,0
DA:97,0
DA:102,0
DA:110,0
DA:122,0
DA:189,0
DA:231,0
DA:239,0
LF:27
LH:0
BRDA:36,0,0,0
BRDA:36,0,1,0
BRDA:47,1,0,0
BRDA:47,1,1,0
BRDA:126,2,0,0
BRDA:134,3,0,0
BRDA:134,3,1,0
BRDA:135,4,0,0
BRDA:135,4,1,0
BRDA:136,5,0,0
BRDA:136,5,1,0
BRDA:146,6,0,0
BRDA:161,7,0,0
BRDA:161,7,1,0
BRDA:169,8,0,0
BRDA:177,9,0,0
BRDA:184,10,0,0
BRDA:184,10,1,0
BRDA:196,11,0,0
BRDA:224,12,0,0
BRDA:247,13,0,0
BRDA:247,13,1,0
BRF:22
BRH:0
end_of_record
TN:
SF:app\pets\[id]\page.tsx
FN:43,PetProfilePage
FN:49,(anonymous_6)
FN:50,(anonymous_7)
FNF:3
FNH:0
FNDA:0,PetProfilePage
FNDA:0,(anonymous_6)
FNDA:0,(anonymous_7)
DA:3,0
DA:4,0
DA:6,0
DA:7,0
DA:43,0
DA:44,0
DA:45,0
DA:46,0
DA:47,0
DA:49,0
DA:50,0
DA:51,0
DA:52,0
DA:53,0
DA:55,0
DA:56,0
DA:57,0
DA:59,0
DA:61,0
DA:64,0
DA:65,0
DA:67,0
DA:69,0
DA:73,0
DA:74,0
DA:78,0
DA:89,0
DA:113,0
LF:28
LH:0
BRDA:55,0,0,0
BRDA:55,0,1,0
BRDA:56,1,0,0
BRDA:56,1,1,0
BRDA:73,2,0,0
BRDA:73,2,1,0
BRDA:78,3,0,0
BRDA:78,3,1,0
BRDA:89,4,0,0
BRDA:89,4,1,0
BRDA:89,5,0,0
BRDA:89,5,1,0
BRDA:95,6,0,0
BRDA:95,6,1,0
BRDA:148,7,0,0
BRDA:148,7,1,0
BRF:16
BRH:0
end_of_record
TN:
SF:app\profile\page.tsx
FN:10,ProfilePage
FN:35,(anonymous_6)
FN:46,(anonymous_7)
FN:60,(anonymous_8)
FN:162,(anonymous_9)
FN:162,(anonymous_10)
FN:179,(anonymous_11)
FN:179,(anonymous_12)
FN:192,(anonymous_13)
FN:212,(anonymous_14)
FN:212,(anonymous_15)
FN:252,(anonymous_16)
FN:262,(anonymous_17)
FN:309,(anonymous_18)
FN:309,(anonymous_19)
FN:320,(anonymous_20)
FN:320,(anonymous_21)
FN:332,(anonymous_22)
FN:332,(anonymous_23)
FN:346,(anonymous_24)
FN:346,(anonymous_25)
FN:358,(anonymous_26)
FN:358,(anonymous_27)
FN:368,(anonymous_28)
FN:368,(anonymous_29)
FN:380,(anonymous_30)
FN:380,(anonymous_31)
FN:392,(anonymous_32)
FN:392,(anonymous_33)
FN:403,(anonymous_34)
FNF:30
FNH:0
FNDA:0,ProfilePage
FNDA:0,(anonymous_6)
FNDA:0,(anonymous_7)
FNDA:0,(anonymous_8)
FNDA:0,(anonymous_9)
FNDA:0,(anonymous_10)
FNDA:0,(anonymous_11)
FNDA:0,(anonymous_12)
FNDA:0,(anonymous_13)
FNDA:0,(anonymous_14)
FNDA:0,(anonymous_15)
FNDA:0,(anonymous_16)
FNDA:0,(anonymous_17)
FNDA:0,(anonymous_18)
FNDA:0,(anonymous_19)
FNDA:0,(anonymous_20)
FNDA:0,(anonymous_21)
FNDA:0,(anonymous_22)
FNDA:0,(anonymous_23)
FNDA:0,(anonymous_24)
FNDA:0,(anonymous_25)
FNDA:0,(anonymous_26)
FNDA:0,(anonymous_27)
FNDA:0,(anonymous_28)
FNDA:0,(anonymous_29)
FNDA:0,(anonymous_30)
FNDA:0,(anonymous_31)
FNDA:0,(anonymous_32)
FNDA:0,(anonymous_33)
FNDA:0,(anonymous_34)
DA:2,0
DA:3,0
DA:4,0
DA:5,0
DA:6,0
DA:7,0
DA:8,0
DA:10,0
DA:11,0
DA:12,0
DA:13,0
DA:14,0
DA:15,0
DA:17,0
DA:24,0
DA:35,0
DA:36,0
DA:37,0
DA:46,0
DA:47,0
DA:49,0
DA:57,0
DA:60,0
DA:61,0
DA:78,0
DA:79,0
DA:80,0
DA:81,0
DA:94,0
DA:115,0
DA:162,0
DA:179,0
DA:193,0
DA:194,0
DA:196,0
DA:212,0
DA:252,0
DA:263,0
DA:309,0
DA:320,0
DA:332,0
DA:346,0
DA:358,0
DA:368,0
DA:380,0
DA:392,0
DA:403,0
LF:47
LH:0
BRDA:36,0,0,0
BRDA:36,0,1,0
BRDA:36,1,0,0
BRDA:36,1,1,0
BRDA:38,2,0,0
BRDA:38,2,1,0
BRDA:39,3,0,0
BRDA:39,3,1,0
BRDA:40,4,0,0
BRDA:40,4,1,0
BRDA:41,5,0,0
BRDA:41,5,1,0
BRDA:47,6,0,0
BRDA:47,6,1,0
BRDA:65,7,0,0
BRDA:65,7,1,0
BRDA:67,8,0,0
BRDA:67,8,1,0
BRDA:79,9,0,0
BRDA:79,9,1,0
BRDA:94,10,0,0
BRDA:94,10,1,0
BRDA:115,11,0,0
BRDA:115,11,1,0
BRDA:147,12,0,0
BRDA:147,12,1,0
BRDA:148,13,0,0
BRDA:148,13,1,0
BRDA:148,13,2,0
BRDA:158,14,0,0
BRDA:158,14,1,0
BRDA:166,15,0,0
BRDA:166,15,1,0
BRDA:166,15,2,0
BRDA:166,15,3,0
BRDA:169,16,0,0
BRDA:169,16,1,0
BRDA:172,17,0,0
BRDA:175,18,0,0
BRDA:175,18,1,0
BRDA:193,19,0,0
BRDA:193,19,1,0
BRDA:202,20,0,0
BRDA:202,20,1,0
BRDA:210,21,0,0
BRDA:219,22,0,0
BRDA:219,22,1,0
BRDA:227,23,0,0
BRDA:227,23,1,0
BRDA:231,24,0,0
BRDA:231,24,1,0
BRDA:235,25,0,0
BRDA:235,25,1,0
BRDA:239,26,0,0
BRDA:239,26,1,0
BRDA:265,27,0,0
BRDA:265,27,1,0
BRDA:271,28,0,0
BRDA:271,28,1,0
BRDA:273,29,0,0
BRDA:289,30,0,0
BRDA:298,31,0,0
BRDA:410,32,0,0
BRDA:410,32,1,0
BRDA:413,33,0,0
BRDA:413,33,1,0
BRF:66
BRH:0
end_of_record
TN:
SF:app\profile\[userId]\FavoriteButton.tsx
FN:5,FavoriteButton
FNF:1
FNH:0
FNDA:0,FavoriteButton
DA:2,0
DA:3,0
DA:5,0
LF:3
LH:0
BRF:0
BRH:0
end_of_record
TN:
SF:app\profile\[userId]\page.tsx
FN:20,UserProfilePage
FN:25,(anonymous_3)
FN:26,(anonymous_4)
FNF:3
FNH:0
FNDA:0,UserProfilePage
FNDA:0,(anonymous_3)
FNDA:0,(anonymous_4)
DA:2,0
DA:3,0
DA:4,0
DA:5,0
DA:6,0
DA:20,0
DA:21,0
DA:22,0
DA:23,0
DA:25,0
DA:26,0
DA:27,0
DA:29,0
DA:40,0
DA:42,0
DA:44,0
DA:48,0
DA:49,0
DA:53,0
DA:64,0
LF:20
LH:0
BRDA:48,0,0,0
BRDA:48,0,1,0
BRDA:53,1,0,0
BRDA:53,1,1,0
BRDA:64,2,0,0
BRDA:64,2,1,0
BRDA:81,3,0,0
BRDA:81,3,1,0
BRDA:85,4,0,0
BRDA:86,5,0,0
BRF:10
BRH:0
end_of_record
TN:
SF:app\pwa-debug\page.tsx
FN:4,PWADebugPage
FN:8,(anonymous_5)
FN:13,(anonymous_6)
FN:40,(anonymous_7)
FN:69,(anonymous_8)
FNF:5
FNH:0
FNDA:0,PWADebugPage
FNDA:0,(anonymous_5)
FNDA:0,(anonymous_6)
FNDA:0,(anonymous_7)
FNDA:0,(anonymous_8)
DA:2,0
DA:4,0
DA:5,0
DA:6,0
DA:8,0
DA:10,0
DA:13,0
DA:14,0
DA:21,0
DA:23,0
DA:24,0
DA:25,0
DA:26,0
DA:27,0
DA:29,0
DA:32,0
DA:36,0
DA:40,0
DA:41,0
DA:42,0
DA:43,0
DA:44,0
DA:45,0
DA:47,0
DA:50,0
DA:54,0
DA:55,0
DA:70,0
LF:28
LH:0
BRDA:10,0,0,0
BRDA:10,0,1,0
BRDA:26,1,0,0
BRDA:26,1,1,0
BRDA:43,2,0,0
BRDA:43,2,1,0
BRDA:45,3,0,0
BRDA:45,3,1,0
BRDA:90,4,0,0
BRDA:90,4,1,0
BRDA:91,5,0,0
BRDA:91,5,1,0
BRDA:91,6,0,0
BRDA:91,6,1,0
BRDA:92,7,0,0
BRDA:92,7,1,0
BRDA:92,8,0,0
BRDA:92,8,1,0
BRF:18
BRH:0
end_of_record
TN:
SF:app\pwa-test\page.tsx
FN:4,PWATestPage
FN:8,(anonymous_5)
FN:10,(anonymous_6)
FN:18,(anonymous_7)
FN:23,(anonymous_8)
FNF:5
FNH:0
FNDA:0,PWATestPage
FNDA:0,(anonymous_5)
FNDA:0,(anonymous_6)
FNDA:0,(anonymous_7)
FNDA:0,(anonymous_8)
DA:2,0
DA:4,0
DA:5,0
DA:6,0
DA:8,0
DA:10,0
DA:11,0
DA:12,0
DA:13,0
DA:16,0
DA:18,0
DA:19,0
DA:23,0
DA:24,0
DA:25,0
DA:26,0
DA:27,0
DA:28,0
DA:29,0
LF:19
LH:0
BRDA:24,0,0,0
BRDA:24,0,1,0
BRDA:46,1,0,0
BRDA:46,1,1,0
BRDA:48,2,0,0
BRDA:48,2,1,0
BRDA:70,3,0,0
BRF:7
BRH:0
end_of_record
TN:
SF:app\raizelmanada-book\page.tsx
FN:5,RaizelmanadaBookPage
FNF:1
FNH:1
FNDA:5,RaizelmanadaBookPage
DA:2,1
DA:3,1
DA:5,5
LF:3
LH:3
BRF:0
BRH:0
end_of_record
TN:
SF:app\snippets\page.tsx
FN:9,SnippetsPage
FN:48,(anonymous_6)
FN:75,(anonymous_7)
FN:80,(anonymous_8)
FN:87,(anonymous_9)
FN:92,(anonymous_10)
FN:99,(anonymous_11)
FN:105,(anonymous_12)
FN:113,(anonymous_13)
FN:157,(anonymous_14)
FN:167,(anonymous_15)
FN:170,(anonymous_16)
FN:181,(anonymous_17)
FN:192,(anonymous_18)
FN:241,(anonymous_19)
FNF:15
FNH:0
FNDA:0,SnippetsPage
FNDA:0,(anonymous_6)
FNDA:0,(anonymous_7)
FNDA:0,(anonymous_8)
FNDA:0,(anonymous_9)
FNDA:0,(anonymous_10)
FNDA:0,(anonymous_11)
FNDA:0,(anonymous_12)
FNDA:0,(anonymous_13)
FNDA:0,(anonymous_14)
FNDA:0,(anonymous_15)
FNDA:0,(anonymous_16)
FNDA:0,(anonymous_17)
FNDA:0,(anonymous_18)
FNDA:0,(anonymous_19)
DA:3,0
DA:4,0
DA:5,0
DA:6,0
DA:7,0
DA:9,0
DA:21,0
DA:23,0
DA:28,0
DA:29,0
DA:30,0
DA:31,0
DA:32,0
DA:35,0
DA:48,0
DA:49,0
DA:70,0
DA:75,0
DA:76,0
DA:78,0
DA:80,0
DA:81,0
DA:82,0
DA:83,0
DA:87,0
DA:92,0
DA:95,0
DA:99,0
DA:101,0
DA:105,0
DA:109,0
DA:113,0
DA:114,0
DA:115,0
DA:116,0
DA:117,0
DA:119,0
DA:157,0
DA:167,0
DA:171,0
DA:181,0
DA:192,0
DA:242,0
LF:43
LH:0
BRDA:51,0,0,0
BRDA:51,0,1,0
BRDA:78,1,0,0
BRDA:78,1,1,0
BRDA:114,2,0,0
BRDA:114,2,1,0
BRDA:116,3,0,0
BRDA:116,3,1,0
BRDA:183,4,0,0
BRDA:183,4,1,0
BRDA:194,5,0,0
BRDA:194,5,1,0
BRDA:214,6,0,0
BRDA:222,7,0,0
BRDA:232,8,0,0
BRDA:239,9,0,0
BRDA:239,9,1,0
BRDA:248,10,0,0
BRDA:248,10,1,0
BRDA:255,11,0,0
BRDA:255,11,1,0
BRDA:255,12,0,0
BRDA:255,12,1,0
BRDA:255,12,2,0
BRDA:255,12,3,0
BRDA:259,13,0,0
BRDA:259,13,1,0
BRDA:259,13,2,0
BRDA:259,13,3,0
BRDA:272,14,0,0
BRDA:279,15,0,0
BRDA:279,15,1,0
BRDA:292,16,0,0
BRDA:292,16,1,0
BRF:34
BRH:0
end_of_record
TN:
SF:app\snippets\[id]\page.tsx
FN:10,SnippetDetailPage
FN:22,(anonymous_6)
FN:23,(anonymous_7)
FN:26,(anonymous_8)
FN:70,(anonymous_9)
FN:79,(anonymous_10)
FN:86,(anonymous_11)
FN:96,(anonymous_12)
FN:101,(anonymous_13)
FN:123,(anonymous_14)
FN:189,(anonymous_15)
FN:223,(anonymous_16)
FN:318,(anonymous_17)
FNF:13
FNH:0
FNDA:0,SnippetDetailPage
FNDA:0,(anonymous_6)
FNDA:0,(anonymous_7)
FNDA:0,(anonymous_8)
FNDA:0,(anonymous_9)
FNDA:0,(anonymous_10)
FNDA:0,(anonymous_11)
FNDA:0,(anonymous_12)
FNDA:0,(anonymous_13)
FNDA:0,(anonymous_14)
FNDA:0,(anonymous_15)
FNDA:0,(anonymous_16)
FNDA:0,(anonymous_17)
DA:3,0
DA:4,0
DA:5,0
DA:6,0
DA:7,0
DA:8,0
DA:10,0
DA:11,0
DA:12,0
DA:13,0
DA:15,0
DA:16,0
DA:17,0
DA:18,0
DA:20,0
DA:22,0
DA:23,0
DA:24,0
DA:26,0
DA:27,0
DA:28,0
DA:30,0
DA:35,0
DA:38,0
DA:49,0
DA:70,0
DA:71,0
DA:72,0
DA:73,0
DA:74,0
DA:76,0
DA:79,0
DA:80,0
DA:81,0
DA:82,0
DA:83,0
DA:86,0
DA:87,0
DA:96,0
DA:97,0
DA:101,0
DA:103,0
DA:104,0
DA:111,0
DA:112,0
DA:123,0
DA:190,0
DA:223,0
DA:319,0
LF:49
LH:0
BRDA:24,0,0,0
BRDA:24,0,1,0
BRDA:27,1,0,0
BRDA:27,1,1,0
BRDA:38,2,0,0
BRDA:38,2,1,0
BRDA:49,3,0,0
BRDA:49,3,1,0
BRDA:49,4,0,0
BRDA:49,4,1,0
BRDA:71,5,0,0
BRDA:71,5,1,0
BRDA:73,6,0,0
BRDA:73,6,1,0
BRDA:80,7,0,0
BRDA:80,7,1,0
BRDA:103,8,0,0
BRDA:103,8,1,0
BRDA:146,9,0,0
BRDA:146,9,1,0
BRDA:186,10,0,0
BRDA:186,10,1,0
BRDA:202,11,0,0
BRDA:214,12,0,0
BRDA:214,12,1,0
BRDA:219,13,0,0
BRDA:219,13,1,0
BRDA:240,14,0,0
BRDA:262,15,0,0
BRDA:262,15,1,0
BRDA:263,16,0,0
BRDA:263,16,1,0
BRDA:269,17,0,0
BRDA:269,17,1,0
BRDA:271,18,0,0
BRDA:276,19,0,0
BRDA:276,19,1,0
BRDA:317,20,0,0
BRF:38
BRH:0
end_of_record
TN:
SF:app\test-producto\page.tsx
FN:7,(anonymous_2)
FN:34,(anonymous_3)
FN:45,(anonymous_4)
FN:48,(anonymous_5)
FN:86,TestProductoPage
FNF:5
FNH:0
FNDA:0,(anonymous_2)
FNDA:0,(anonymous_3)
FNDA:0,(anonymous_4)
FNDA:0,(anonymous_5)
FNDA:0,TestProductoPage
DA:2,0
DA:3,0
DA:4,0
DA:5,0
DA:7,0
DA:8,0
DA:10,0
DA:34,0
DA:46,0
DA:48,0
DA:86,0
DA:87,0
LF:12
LH:0
BRDA:49,0,0,0
BRDA:49,0,1,0
BRDA:57,1,0,0
BRF:3
BRH:0
end_of_record
TN:
SF:app\test-simple\page.tsx
FN:4,TestSimplePage
FNF:1
FNH:0
FNDA:0,TestSimplePage
DA:2,0
DA:4,0
LF:2
LH:0
BRF:0
BRH:0
end_of_record
TN:
SF:app\test-styles\page.tsx
FN:5,TestStylesPage
FNF:1
FNH:0
FNDA:0,TestStylesPage
DA:3,0
DA:5,0
LF:2
LH:0
BRF:0
BRH:0
end_of_record
TN:
SF:app\test-tailwind\page.tsx
FN:4,TestTailwindPage
FNF:1
FNH:0
FNDA:0,TestTailwindPage
DA:2,0
DA:4,0
LF:2
LH:0
BRF:0
BRH:0
end_of_record
TN:
SF:app\test-ui\page.tsx
FN:8,TestUIPage
FNF:1
FNH:0
FNDA:0,TestUIPage
DA:3,0
DA:4,0
DA:8,0
LF:3
LH:0
BRF:0
BRH:0
end_of_record
